epsilon 0.2
NF 5
NHY 5
NHF 5
context 10
Moore 1
CoF 0
Classes 2
Thresholds 1.5 
seed 949
shuffle 1
batch_blocks 150
readModel 0
readEpoch 0
nEpochs 500
adaptive 1000
reload 1
belief 0
threshold 0
alidir ./
Creating model
Generating random parameters
Reading train dataset
Reading test dataset
Reading validation dataset
Actual lrate= 0.000371076
Start learning
..............................
Epoch 1 Error= 1014.11 (0.00209964) 
..............................
Epoch 2 Error= 1012.91 (0.00216273) 
..............................
Epoch 3 Error= 1012.71 (0.00199545) 
..............................
Epoch 4 Error= 1012.43 (0.00194538) 
..............................
Epoch 5 Error= 1013.18 (0.00199568) 
..............................
Epoch 6 Error= 1012.86 (0.00196746) 
..............................
Epoch 7 Error= 1012.72 (0.00215295) 
..............................
Epoch 8 Error= 1012.58 (0.00234252) 
..............................
Epoch 9 Error= 1012.91 (0.00262807) 
..............................
Epoch 10 Error= 1012.67 (0.00293799) 
 counting_train_errors........

train_NErrors= 730/1460 50 50
Class0= 0/730	0	100
Class1= 730/730	100	0

 counting_test_errors

test_NErrors= 243/486 50 50
Class0= 0/243	0	100
Class1= 243/243	100	0

 counting_validation_errors...

validation_NErrors= 243/486 50 50
Class0= 0/243	0	100
Class1= 243/243	100	0


..............................
Epoch 11 Error= 1012.17 (0.00315879) 
..............................
Epoch 12 Error= 1012.68 (0.00379175) 
..............................
Epoch 13 Error= 1012.3 (0.00431134) 
..............................
Epoch 14 Error= 1012.02 (0.00510999) 
..............................
Epoch 15 Error= 1012.41 (0.00562371) 
..............................
Epoch 16 Error= 1012.33 (0.00657102) 
..............................
Epoch 17 Error= 1011.26 (0.00789984) 
..............................
Epoch 18 Error= 1011.73 (0.00915039) 
..............................
Epoch 19 Error= 1011.2 (0.0106308) 
..............................
Epoch 20 Error= 1010.35 (0.0126766) 
 counting_train_errors........

train_NErrors= 730/1460 50 50
Class0= 0/730	0	100
Class1= 730/730	100	0

 counting_test_errors

test_NErrors= 243/486 50 50
Class0= 0/243	0	100
Class1= 243/243	100	0

 counting_validation_errors...

validation_NErrors= 243/486 50 50
Class0= 0/243	0	100
Class1= 243/243	100	0


..............................
Epoch 21 Error= 1010.85 (0.0147683) 
..............................
Epoch 22 Error= 1009.89 (0.0178601) 
..............................
Epoch 23 Error= 1009.73 (0.0212448) 
..............................
Epoch 24 Error= 1008.82 (0.0247266) 
..............................
Epoch 25 Error= 1007.92 (0.0288546) 
..............................
Epoch 26 Error= 1007.11 (0.0355207) 
..............................
Epoch 27 Error= 1006.1 (0.0422283) 
..............................
Epoch 28 Error= 1005.31 (0.0505663) 
..............................
Epoch 29 Error= 1002.84 (0.0633885) 
..............................
Epoch 30 Error= 1001.66 (0.073955) 
 counting_train_errors........

train_NErrors= 497/1460 34.0411 65.9589
Class0= 52/730	7.12329	92.8767
Class1= 445/730	60.9589	39.0411

 counting_test_errors

test_NErrors= 174/486 35.8025 64.1975
Class0= 17/243	6.99588	93.0041
Class1= 157/243	64.6091	35.3909

 counting_validation_errors...

validation_NErrors= 166/486 34.1564 65.8436
Class0= 22/243	9.0535	90.9465
Class1= 144/243	59.2593	40.7407


..............................
Epoch 31 Error= 999.672 (0.0891746) 
..............................
Epoch 32 Error= 997.463 (0.111856) 
..............................
Epoch 33 Error= 993.271 (0.14188) 
..............................
Epoch 34 Error= 988.788 (0.187638) 
..............................
Epoch 35 Error= 986.087 (0.24343) 
..............................
Epoch 36 Error= 983.366 (0.332194) 
..............................
Epoch 37 Error= 976.88 (0.463652) 
..............................
Epoch 38 Error= 970.966 (0.713549) 
..............................
Epoch 39 Error= 965.793 (1.05588) 
..............................
Epoch 40 Error= 958.282 (1.74335) 
 counting_train_errors........

train_NErrors= 444/1460 30.411 69.589
Class0= 143/730	19.589	80.411
Class1= 301/730	41.2329	58.7671

 counting_test_errors

test_NErrors= 152/486 31.2757 68.7243
Class0= 50/243	20.5761	79.4239
Class1= 102/243	41.9753	58.0247

 counting_validation_errors...

validation_NErrors= 148/486 30.4527 69.5473
Class0= 51/243	20.9877	79.0123
Class1= 97/243	39.9177	60.0823


..............................
Epoch 41 Error= 950.815 (3.06005) 
..............................
Epoch 42 Error= 941.905 (5.49384) 
..............................
Epoch 43 Error= 932.209 (10.5168) 
..............................
Epoch 44 Error= 909.91 (23.9157) 
..............................
Epoch 45 Error= 871.372 (52.2347) 
..............................
Epoch 46 Error= 832.962 (85.9861) 
..............................
Epoch 47 Error= 811.103 (99.4934) 
..............................
Epoch 48 Error= 815.046 (102.01) 
..............................
Epoch 49 Error= 793.484 (94.7312) 
..............................
Epoch 50 Error= 794.452 (100.139) 
 counting_train_errors........

train_NErrors= 435/1460 29.7945 70.2055
Class0= 315/730	43.1507	56.8493
Class1= 120/730	16.4384	83.5616

 counting_test_errors

test_NErrors= 155/486 31.893 68.107
Class0= 97/243	39.9177	60.0823
Class1= 58/243	23.8683	76.1317

 counting_validation_errors...

validation_NErrors= 147/486 30.2469 69.7531
Class0= 99/243	40.7407	59.2593
Class1= 48/243	19.7531	80.2469


..............................
Epoch 51 Error= 796.931 (86.8754) 
..............................
Epoch 52 Error= 775.326 (84.0868) 
..............................
Epoch 53 Error= 769.747 (88.564) 
..............................
Epoch 54 Error= 775.636 (88.9064) 
..............................
Epoch 55 Error= 765.429 (77.81) 
..............................
Epoch 56 Error= 763.03 (80.6897) 
..............................
Epoch 57 Error= 752.137 (77.3374) 
..............................
Epoch 58 Error= 756.597 (72.5008) 
..............................
Epoch 59 Error= 739.697 (75.2828) 
..............................
Epoch 60 Error= 744.927 (70.5297) 
 counting_train_errors........

train_NErrors= 383/1460 26.2329 73.7671
Class0= 132/730	18.0822	81.9178
Class1= 251/730	34.3836	65.6164

 counting_test_errors

test_NErrors= 131/486 26.9547 73.0453
Class0= 43/243	17.6955	82.3045
Class1= 88/243	36.214	63.786

 counting_validation_errors...

validation_NErrors= 124/486 25.5144 74.4856
Class0= 38/243	15.6379	84.3621
Class1= 86/243	35.3909	64.6091


..............................
Epoch 61 Error= 741.167 (72.7561) 
..............................
Epoch 62 Error= 738.585 (75.8413) 
..............................
Epoch 63 Error= 731.935 (72.1199) 
..............................
Epoch 64 Error= 725.143 (69.9511) 
..............................
Epoch 65 Error= 719.217 (69.8726) 
..............................
Epoch 66 Error= 720.036 (72.3556) 
..............................
Epoch 67 Error= 709.985 (74.0312) 
..............................
Epoch 68 Error= 733.153 (62.3406) 
..............................
Epoch 69 Error= 709.723 (62.0138) 
..............................
Epoch 70 Error= 697.54 (58.7276) 
 counting_train_errors........

train_NErrors= 359/1460 24.589 75.411
Class0= 117/730	16.0274	83.9726
Class1= 242/730	33.1507	66.8493

 counting_test_errors

test_NErrors= 125/486 25.7202 74.2798
Class0= 35/243	14.4033	85.5967
Class1= 90/243	37.037	62.963

 counting_validation_errors...

validation_NErrors= 115/486 23.6626 76.3374
Class0= 35/243	14.4033	85.5967
Class1= 80/243	32.9218	67.0782


..............................
Epoch 71 Error= 710.46 (58.0104) 
..............................
Epoch 72 Error= 698.472 (55.6936) 
..............................
Epoch 73 Error= 685.031 (59.7242) 
..............................
Epoch 74 Error= 687.53 (54.2953) 
..............................
Epoch 75 Error= 693.617 (61.7272) 
..............................
Epoch 76 Error= 678.006 (53.3874) 
..............................
Epoch 77 Error= 675.955 (55.679) 
..............................
Epoch 78 Error= 679.462 (57.2225) 
..............................
Epoch 79 Error= 662.602 (51.9764) 
..............................
Epoch 80 Error= 651.756 (54.6131) 
 counting_train_errors........

train_NErrors= 292/1460 20 80
Class0= 182/730	24.9315	75.0685
Class1= 110/730	15.0685	84.9315

 counting_test_errors

test_NErrors= 111/486 22.8395 77.1605
Class0= 59/243	24.2798	75.7202
Class1= 52/243	21.3992	78.6008

 counting_validation_errors...

validation_NErrors= 110/486 22.6337 77.3663
Class0= 60/243	24.6914	75.3086
Class1= 50/243	20.5761	79.4239


..............................
Epoch 81 Error= 638.621 (54.7053) 
..............................
Epoch 82 Error= 652.962 (61.0837) 
..............................
Epoch 83 Error= 640.989 (52.5355) 
..............................
Epoch 84 Error= 649.77 (52.1429) 
..............................
Epoch 85 Error= 630.413 (54.5784) 
..............................
Epoch 86 Error= 621.554 (53.8476) 
..............................
Epoch 87 Error= 607.148 (49.6631) 
..............................
Epoch 88 Error= 604.355 (55.5219) 
..............................
Epoch 89 Error= 588.866 (53.0239) 
..............................
Epoch 90 Error= 612.308 (55.8074) 
 counting_train_errors........

train_NErrors= 279/1460 19.1096 80.8904
Class0= 211/730	28.9041	71.0959
Class1= 68/730	9.31507	90.6849

 counting_test_errors

test_NErrors= 105/486 21.6049 78.3951
Class0= 67/243	27.572	72.428
Class1= 38/243	15.6379	84.3621

 counting_validation_errors...

validation_NErrors= 115/486 23.6626 76.3374
Class0= 79/243	32.5103	67.4897
Class1= 36/243	14.8148	85.1852


..............................
Epoch 91 Error= 593.995 (53.2673) 
..............................
Epoch 92 Error= 563.974 (52.0406) 
..............................
Epoch 93 Error= 555.086 (54.3254) 
..............................
Epoch 94 Error= 562.302 (57.7557) 
..............................
Epoch 95 Error= 527.967 (53.649) 
..............................
Epoch 96 Error= 519.822 (60.2577) 
..............................
Epoch 97 Error= 538.685 (65.9117) 
..............................
Epoch 98 Error= 513.027 (59.9304) 
..............................
Epoch 99 Error= 516.444 (60.5707) 
..............................
Epoch 100 Error= 498.023 (60.9826) 
 counting_train_errors........

train_NErrors= 179/1460 12.2603 87.7397
Class0= 115/730	15.7534	84.2466
Class1= 64/730	8.76712	91.2329

 counting_test_errors

test_NErrors= 105/486 21.6049 78.3951
Class0= 53/243	21.8107	78.1893
Class1= 52/243	21.3992	78.6008

 counting_validation_errors...

validation_NErrors= 109/486 22.428 77.572
Class0= 64/243	26.3374	73.6626
Class1= 45/243	18.5185	81.4815


..............................
Epoch 101 Error= 463.824 (58.1375) 
..............................
Epoch 102 Error= 459.358 (67.6981) 
..............................
Epoch 103 Error= 509.686 (78.1257) 
..............................
Epoch 104 Error= 448.443 (65.8722) 
..............................
Epoch 105 Error= 433.17 (71.9748) 
..............................
Epoch 106 Error= 442.472 (79.377) 
..............................
Epoch 107 Error= 443.072 (83.2306) 
..............................
Epoch 108 Error= 421.64 (80.0927) 
..............................
Epoch 109 Error= 409.108 (84.8074) 
..............................
Epoch 110 Error= 386.367 (84.6233) 
 counting_train_errors........

train_NErrors= 146/1460 10 90
Class0= 112/730	15.3425	84.6575
Class1= 34/730	4.65753	95.3425

 counting_test_errors

test_NErrors= 107/486 22.0165 77.9835
Class0= 64/243	26.3374	73.6626
Class1= 43/243	17.6955	82.3045

 counting_validation_errors...

validation_NErrors= 109/486 22.428 77.572
Class0= 69/243	28.3951	71.6049
Class1= 40/243	16.4609	83.5391


..............................
Epoch 111 Error= 383.782 (90.3911) 
..............................
Epoch 112 Error= 381.142 (98.4212) 
..............................
Epoch 113 Error= 363.812 (101.474) 
..............................
Epoch 114 Error= 374.043 (119.552) 
..............................
Epoch 115 Error= 345.777 (106.037) 
..............................
Epoch 116 Error= 335.68 (108.819) 
..............................
Epoch 117 Error= 313.353 (104.017) 
..............................
Epoch 118 Error= 307.561 (111.428) 
..............................
Epoch 119 Error= 331.534 (139.963) 
..............................
Epoch 120 Error= 319.143 (140.021) 
 counting_train_errors........

train_NErrors= 91/1460 6.23288 93.7671
Class0= 62/730	8.49315	91.5068
Class1= 29/730	3.9726	96.0274

 counting_test_errors

test_NErrors= 100/486 20.5761 79.4239
Class0= 53/243	21.8107	78.1893
Class1= 47/243	19.3416	80.6584

 counting_validation_errors...

validation_NErrors= 104/486 21.3992 78.6008
Class0= 60/243	24.6914	75.3086
Class1= 44/243	18.107	81.893


..............................
Epoch 121 Error= 298.925 (128.299) 
..............................
Epoch 122 Error= 284.478 (118.864) 
..............................
Epoch 123 Error= 298.131 (146.003) 
..............................
Epoch 124 Error= 283.02 (148.421) 
..............................
Epoch 125 Error= 269.94 (141.302) 
..............................
Epoch 126 Error= 249.176 (122.088) 
..............................
Epoch 127 Error= 256.958 (144.95) 
..............................
Epoch 128 Error= 246.194 (145.059) 
..............................
Epoch 129 Error= 262.45 (181.002) 
..............................
Epoch 130 Error= 235.14 (142.113) 
 counting_train_errors........

train_NErrors= 80/1460 5.47945 94.5205
Class0= 21/730	2.87671	97.1233
Class1= 59/730	8.08219	91.9178

 counting_test_errors

test_NErrors= 107/486 22.0165 77.9835
Class0= 31/243	12.7572	87.2428
Class1= 76/243	31.2757	68.7243

 counting_validation_errors...

validation_NErrors= 110/486 22.6337 77.3663
Class0= 38/243	15.6379	84.3621
Class1= 72/243	29.6296	70.3704


..............................
Epoch 131 Error= 232.051 (146.358) 
..............................
Epoch 132 Error= 254.223 (199.811) 
..............................
Epoch 133 Error= 206.776 (120.215) 
..............................
Epoch 134 Error= 195.886 (114.186) 
..............................
Epoch 135 Error= 191.89 (113.805) 
..............................
Epoch 136 Error= 198.409 (138.943) 
..............................
Epoch 137 Error= 197.689 (152.546) 
..............................
Epoch 138 Error= 179.586 (119.073) 
..............................
Epoch 139 Error= 178.76 (119.412) 
..............................
Epoch 140 Error= 167.48 (104.893) 
 counting_train_errors........

train_NErrors= 30/1460 2.05479 97.9452
Class0= 12/730	1.64384	98.3562
Class1= 18/730	2.46575	97.5342

 counting_test_errors

test_NErrors= 107/486 22.0165 77.9835
Class0= 49/243	20.1646	79.8354
Class1= 58/243	23.8683	76.1317

 counting_validation_errors...

validation_NErrors= 113/486 23.251 76.749
Class0= 51/243	20.9877	79.0123
Class1= 62/243	25.5144	74.4856


..............................
Epoch 141 Error= 171.969 (137.013) 
..............................
Epoch 142 Error= 170.599 (142.274) 
..............................
Epoch 143 Error= 158.532 (119.69) 
..............................
Epoch 144 Error= 151.571 (108.048) 
..............................
Epoch 145 Error= 165.638 (152.408) 
..............................
Epoch 146 Error= 199.31 (258.132) 
..............................
Epoch 147 Error= 180.749 (198.89) 
..............................
Epoch 148 Error= 162.63 (166.399) 
..............................
Epoch 149 Error= 147.064 (115.574) 
..............................
Epoch 150 Error= 140.989 (116.928) 
 counting_train_errors........

train_NErrors= 26/1460 1.78082 98.2192
Class0= 10/730	1.36986	98.6301
Class1= 16/730	2.19178	97.8082

 counting_test_errors

test_NErrors= 105/486 21.6049 78.3951
Class0= 39/243	16.0494	83.9506
Class1= 66/243	27.1605	72.8395

 counting_validation_errors...

validation_NErrors= 119/486 24.4856 75.5144
Class0= 48/243	19.7531	80.2469
Class1= 71/243	29.2181	70.7819


..............................
Epoch 151 Error= 143.029 (139.82) 
..............................
Epoch 152 Error= 125.524 (89.813) 
..............................
Epoch 153 Error= 124.679 (105.422) 
..............................
Epoch 154 Error= 142.779 (166.459) 
..............................
Epoch 155 Error= 130.492 (143.997) 
..............................
Epoch 156 Error= 117.536 (98.6138) 
..............................
Epoch 157 Error= 105.907 (68.5258) 
..............................
Epoch 158 Error= 103.656 (75.0304) 
..............................
Epoch 159 Error= 97.3383 (58.9836) 
..............................
Epoch 160 Error= 95.0271 (54.6373) 
 counting_train_errors........

train_NErrors= 16/1460 1.09589 98.9041
Class0= 10/730	1.36986	98.6301
Class1= 6/730	0.821918	99.1781

 counting_test_errors

test_NErrors= 110/486 22.6337 77.3663
Class0= 57/243	23.4568	76.5432
Class1= 53/243	21.8107	78.1893

 counting_validation_errors...

validation_NErrors= 116/486 23.8683 76.1317
Class0= 60/243	24.6914	75.3086
Class1= 56/243	23.0453	76.9547


..............................
Epoch 161 Error= 92.9249 (56.2495) 
..............................
Epoch 162 Error= 88.6716 (49.8913) 
..............................
Epoch 163 Error= 87.0529 (54.5671) 
..............................
Epoch 164 Error= 82.6577 (45.3089) 
..............................
Epoch 165 Error= 78.6937 (43.6325) 
..............................
Epoch 166 Error= 78.2611 (45.4003) 
..............................
Epoch 167 Error= 75.6636 (45.6174) 
..............................
Epoch 168 Error= 78.0506 (73.1377) 
..............................
Epoch 169 Error= 78.0208 (69.999) 
..............................
Epoch 170 Error= 77.422 (91.7012) 
 counting_train_errors........

train_NErrors= 17/1460 1.16438 98.8356
Class0= 11/730	1.50685	98.4932
Class1= 6/730	0.821918	99.1781

 counting_test_errors

test_NErrors= 114/486 23.4568 76.5432
Class0= 65/243	26.749	73.251
Class1= 49/243	20.1646	79.8354

 counting_validation_errors...

validation_NErrors= 115/486 23.6626 76.3374
Class0= 63/243	25.9259	74.0741
Class1= 52/243	21.3992	78.6008


..............................
Epoch 171 Error= 89.8855 (135.402) 
..............................
Epoch 172 Error= 103.865 (227.337) 
..............................
Epoch 173 Error= 261.985 (593.381) 
..............................
Epoch 174 Error= 220.361 (519.578) 
..............................
Epoch 175 Error= 121.979 (194.863) 
..............................
Epoch 176 Error= 93.4281 (99.8014) 
..............................
Epoch 177 Error= 73.5833 (42.6485) 
..............................
Epoch 178 Error= 67.369 (37.8676) 
..............................
Epoch 179 Error= 61.8985 (34.059) 
..............................
Epoch 180 Error= 60.1412 (38.4204) 
 counting_train_errors........

train_NErrors= 10/1460 0.684932 99.3151
Class0= 5/730	0.684932	99.3151
Class1= 5/730	0.684932	99.3151

 counting_test_errors

test_NErrors= 106/486 21.8107 78.1893
Class0= 40/243	16.4609	83.5391
Class1= 66/243	27.1605	72.8395

 counting_validation_errors...

validation_NErrors= 114/486 23.4568 76.5432
Class0= 49/243	20.1646	79.8354
Class1= 65/243	26.749	73.251


..............................
Epoch 181 Error= 54.4192 (28.9112) 
..............................
Epoch 182 Error= 52.0201 (25.0529) 
..............................
Epoch 183 Error= 49.9603 (23.0805) 
..............................
Epoch 184 Error= 49.5618 (24.7788) 
..............................
Epoch 185 Error= 46.6744 (21.2328) 
..............................
Epoch 186 Error= 44.1989 (17.5648) 
..............................
Epoch 187 Error= 42.8939 (18.0633) 
..............................
Epoch 188 Error= 41.8514 (18.4925) 
..............................
Epoch 189 Error= 41.7375 (18.7648) 
..............................
Epoch 190 Error= 39.8517 (17.7458) 
 counting_train_errors........

train_NErrors= 7/1460 0.479452 99.5205
Class0= 2/730	0.273973	99.726
Class1= 5/730	0.684932	99.3151

 counting_test_errors

test_NErrors= 101/486 20.7819 79.2181
Class0= 47/243	19.3416	80.6584
Class1= 54/243	22.2222	77.7778

 counting_validation_errors...

validation_NErrors= 113/486 23.251 76.749
Class0= 58/243	23.8683	76.1317
Class1= 55/243	22.6337	77.3663


..............................
Epoch 191 Error= 38.6844 (16.9853) 
..............................
Epoch 192 Error= 37.5057 (15.9448) 
..............................
Epoch 193 Error= 36.5863 (16.2524) 
..............................
Epoch 194 Error= 35.2264 (14.31) 
..............................
Epoch 195 Error= 34.3412 (13.4108) 
..............................
Epoch 196 Error= 34.8749 (15.8933) 
..............................
Epoch 197 Error= 33.0812 (13.1593) 
..............................
Epoch 198 Error= 32.3027 (12.7683) 
..............................
Epoch 199 Error= 32.283 (13.7138) 
..............................
Epoch 200 Error= 31.1315 (12.1862) 
 counting_train_errors........

train_NErrors= 4/1460 0.273973 99.726
Class0= 1/730	0.136986	99.863
Class1= 3/730	0.410959	99.589

 counting_test_errors

test_NErrors= 103/486 21.1934 78.8066
Class0= 47/243	19.3416	80.6584
Class1= 56/243	23.0453	76.9547

 counting_validation_errors...

validation_NErrors= 114/486 23.4568 76.5432
Class0= 62/243	25.5144	74.4856
Class1= 52/243	21.3992	78.6008


..............................
Epoch 201 Error= 29.9005 (11.8179) 
..............................
Epoch 202 Error= 28.6864 (10.9513) 
..............................
Epoch 203 Error= 28.1509 (9.4085) 
..............................
Epoch 204 Error= 27.4246 (9.78313) 
..............................
Epoch 205 Error= 26.8945 (9.07151) 
..............................
Epoch 206 Error= 25.8369 (8.34417) 
..............................
Epoch 207 Error= 25.3012 (7.92161) 
..............................
Epoch 208 Error= 25.1769 (10.6596) 
..............................
Epoch 209 Error= 25.2038 (10.106) 
..............................
Epoch 210 Error= 24.2035 (8.0882) 
 counting_train_errors........

train_NErrors= 3/1460 0.205479 99.7945
Class0= 1/730	0.136986	99.863
Class1= 2/730	0.273973	99.726

 counting_test_errors

test_NErrors= 102/486 20.9877 79.0123
Class0= 49/243	20.1646	79.8354
Class1= 53/243	21.8107	78.1893

 counting_validation_errors...

validation_NErrors= 113/486 23.251 76.749
Class0= 61/243	25.1029	74.8971
Class1= 52/243	21.3992	78.6008


..............................
Epoch 211 Error= 23.5481 (7.86972) 
..............................
Epoch 212 Error= 23.0607 (7.30725) 
..............................
Epoch 213 Error= 22.403 (7.92204) 
..............................
Epoch 214 Error= 21.5764 (6.39664) 
..............................
Epoch 215 Error= 22.8376 (10.5764) 
..............................
Epoch 216 Error= 21.5439 (7.30904) 
..............................
Epoch 217 Error= 20.5319 (6.37235) 
..............................
Epoch 218 Error= 20.3612 (6.909) 
..............................
Epoch 219 Error= 19.3185 (5.2076) 
..............................
Epoch 220 Error= 19.2785 (5.55486) 
 counting_train_errors........

train_NErrors= 3/1460 0.205479 99.7945
Class0= 1/730	0.136986	99.863
Class1= 2/730	0.273973	99.726

 counting_test_errors

test_NErrors= 106/486 21.8107 78.1893
Class0= 48/243	19.7531	80.2469
Class1= 58/243	23.8683	76.1317

 counting_validation_errors...

validation_NErrors= 109/486 22.428 77.572
Class0= 54/243	22.2222	77.7778
Class1= 55/243	22.6337	77.3663


..............................
Epoch 221 Error= 18.8073 (5.53534) 
..............................
Epoch 222 Error= 18.3403 (4.82103) 
..............................
Epoch 223 Error= 17.7044 (4.5278) 
..............................
Epoch 224 Error= 17.4079 (4.7099) 
..............................
Epoch 225 Error= 17.2823 (4.57638) 
..............................
Epoch 226 Error= 16.4372 (3.81856) 
..............................
Epoch 227 Error= 16.4841 (4.3476) 
..............................
Epoch 228 Error= 16.6891 (6.31528) 
..............................
Epoch 229 Error= 15.5179 (3.44998) 
..............................
Epoch 230 Error= 15.4763 (3.77943) 
 counting_train_errors........

train_NErrors= 3/1460 0.205479 99.7945
Class0= 1/730	0.136986	99.863
Class1= 2/730	0.273973	99.726

 counting_test_errors

test_NErrors= 106/486 21.8107 78.1893
Class0= 49/243	20.1646	79.8354
Class1= 57/243	23.4568	76.5432

 counting_validation_errors...

validation_NErrors= 109/486 22.428 77.572
Class0= 52/243	21.3992	78.6008
Class1= 57/243	23.4568	76.5432


..............................
Epoch 231 Error= 15.1463 (3.59594) 
..............................
Epoch 232 Error= 14.4892 (3.08077) 
..............................
Epoch 233 Error= 14.4732 (3.23283) 
..............................
Epoch 234 Error= 14.0968 (3.22743) 
..............................
Epoch 235 Error= 13.9839 (3.1921) 
..............................
Epoch 236 Error= 13.5167 (2.651) 
..............................
Epoch 237 Error= 13.1831 (2.63642) 
..............................
Epoch 238 Error= 12.9602 (2.40115) 
..............................
Epoch 239 Error= 12.7277 (2.66958) 
..............................
Epoch 240 Error= 12.5464 (2.36851) 
 counting_train_errors........

train_NErrors= 3/1460 0.205479 99.7945
Class0= 1/730	0.136986	99.863
Class1= 2/730	0.273973	99.726

 counting_test_errors

test_NErrors= 107/486 22.0165 77.9835
Class0= 51/243	20.9877	79.0123
Class1= 56/243	23.0453	76.9547

 counting_validation_errors...

validation_NErrors= 107/486 22.0165 77.9835
Class0= 55/243	22.6337	77.3663
Class1= 52/243	21.3992	78.6008


..............................
Epoch 241 Error= 12.2377 (2.17903) 
..............................
Epoch 242 Error= 12.1812 (2.59146) 
..............................
Epoch 243 Error= 11.9818 (2.42317) 
..............................
Epoch 244 Error= 11.4003 (2.03233) 
..............................
Epoch 245 Error= 11.5089 (2.3363) 
..............................
Epoch 246 Error= 11.2692 (2.26332) 
..............................
Epoch 247 Error= 11.0013 (1.98326) 
..............................
Epoch 248 Error= 10.7046 (1.76844) 
..............................
Epoch 249 Error= 10.4703 (1.67062) 
..............................
Epoch 250 Error= 10.3789 (1.77969) 
 counting_train_errors........

train_NErrors= 2/1460 0.136986 99.863
Class0= 0/730	0	100
Class1= 2/730	0.273973	99.726

 counting_test_errors

test_NErrors= 108/486 22.2222 77.7778
Class0= 52/243	21.3992	78.6008
Class1= 56/243	23.0453	76.9547

 counting_validation_errors...

validation_NErrors= 109/486 22.428 77.572
Class0= 54/243	22.2222	77.7778
Class1= 55/243	22.6337	77.3663


..............................
Epoch 251 Error= 10.1358 (1.54414) 
..............................
Epoch 252 Error= 9.81448 (1.48442) 
..............................
Epoch 253 Error= 9.69822 (1.48911) 
..............................
Epoch 254 Error= 9.63472 (1.51409) 
..............................
Epoch 255 Error= 9.37827 (1.41156) 
..............................
Epoch 256 Error= 9.13492 (1.28233) 
..............................
Epoch 257 Error= 9.06453 (1.30496) 
..............................
Epoch 258 Error= 8.92901 (1.35403) 
..............................
Epoch 259 Error= 8.78753 (1.26803) 
..............................
Epoch 260 Error= 8.51767 (1.12573) 
 counting_train_errors........

train_NErrors= 2/1460 0.136986 99.863
Class0= 0/730	0	100
Class1= 2/730	0.273973	99.726

 counting_test_errors

test_NErrors= 109/486 22.428 77.572
Class0= 52/243	21.3992	78.6008
Class1= 57/243	23.4568	76.5432

 counting_validation_errors...

validation_NErrors= 110/486 22.6337 77.3663
Class0= 53/243	21.8107	78.1893
Class1= 57/243	23.4568	76.5432


..............................
Epoch 261 Error= 8.45136 (1.09763) 
..............................
Epoch 262 Error= 8.29234 (1.11809) 
..............................
Epoch 263 Error= 8.08814 (1.03581) 
..............................
Epoch 264 Error= 8.0199 (1.09466) 
..............................
Epoch 265 Error= 7.96452 (1.16784) 
..............................
Epoch 266 Error= 7.62473 (0.932891) 
..............................
Epoch 267 Error= 7.64816 (1.47794) 
..............................
Epoch 268 Error= 7.63063 (1.24865) 
..............................
Epoch 269 Error= 7.32925 (0.913566) 
..............................
Epoch 270 Error= 7.29106 (0.964561) 
 counting_train_errors........

train_NErrors= 2/1460 0.136986 99.863
Class0= 0/730	0	100
Class1= 2/730	0.273973	99.726

 counting_test_errors

test_NErrors= 105/486 21.6049 78.3951
Class0= 52/243	21.3992	78.6008
Class1= 53/243	21.8107	78.1893

 counting_validation_errors...

validation_NErrors= 108/486 22.2222 77.7778
Class0= 53/243	21.8107	78.1893
Class1= 55/243	22.6337	77.3663


..............................
Epoch 271 Error= 7.1184 (0.870269) 
..............................
Epoch 272 Error= 6.94826 (0.837211) 
..............................
Epoch 273 Error= 6.90319 (0.825613) 
..............................
Epoch 274 Error= 6.74611 (0.78258) 
..............................
Epoch 275 Error= 6.65769 (0.7736) 
..............................
Epoch 276 Error= 6.56877 (0.764106) 
..............................
Epoch 277 Error= 6.42567 (0.715653) 
..............................
Epoch 278 Error= 6.30107 (0.681304) 
..............................
Epoch 279 Error= 6.2025 (0.686296) 
..............................
Epoch 280 Error= 6.08944 (0.650629) 
 counting_train_errors........

train_NErrors= 2/1460 0.136986 99.863
Class0= 0/730	0	100
Class1= 2/730	0.273973	99.726

 counting_test_errors

test_NErrors= 105/486 21.6049 78.3951
Class0= 52/243	21.3992	78.6008
Class1= 53/243	21.8107	78.1893

 counting_validation_errors...

validation_NErrors= 107/486 22.0165 77.9835
Class0= 53/243	21.8107	78.1893
Class1= 54/243	22.2222	77.7778


..............................
Epoch 281 Error= 5.98066 (0.636172) 
..............................
Epoch 282 Error= 5.9276 (0.63837) 
..............................
Epoch 283 Error= 5.81583 (0.610327) 
..............................
Epoch 284 Error= 5.73872 (0.611556) 
..............................
Epoch 285 Error= 5.62022 (0.58593) 
..............................
Epoch 286 Error= 5.55436 (0.573491) 
..............................
Epoch 287 Error= 5.40236 (0.541435) 
..............................
Epoch 288 Error= 5.39922 (0.535136) 
..............................
Epoch 289 Error= 5.25898 (0.523671) 
..............................
Epoch 290 Error= 5.27085 (0.544951) 
 counting_train_errors........

train_NErrors= 2/1460 0.136986 99.863
Class0= 0/730	0	100
Class1= 2/730	0.273973	99.726

 counting_test_errors

test_NErrors= 106/486 21.8107 78.1893
Class0= 51/243	20.9877	79.0123
Class1= 55/243	22.6337	77.3663

 counting_validation_errors...

validation_NErrors= 110/486 22.6337 77.3663
Class0= 53/243	21.8107	78.1893
Class1= 57/243	23.4568	76.5432


..............................
Epoch 291 Error= 5.11452 (0.495989) 
..............................
Epoch 292 Error= 5.06078 (0.484783) 
..............................
Epoch 293 Error= 4.99636 (0.477342) 
..............................
Epoch 294 Error= 4.9547 (0.491206) 
..............................
Epoch 295 Error= 4.86173 (0.466416) 
..............................
Epoch 296 Error= 4.78658 (0.466425) 
..............................
Epoch 297 Error= 4.74479 (0.490316) 
..............................
Epoch 298 Error= 4.66628 (0.439599) 
..............................
Epoch 299 Error= 4.62029 (0.467816) 
..............................
Epoch 300 Error= 4.48942 (0.42405) 
 counting_train_errors........

train_NErrors= 1/1460 0.0684932 99.9315
Class0= 0/730	0	100
Class1= 1/730	0.136986	99.863

 counting_test_errors

test_NErrors= 106/486 21.8107 78.1893
Class0= 51/243	20.9877	79.0123
Class1= 55/243	22.6337	77.3663

 counting_validation_errors...

validation_NErrors= 108/486 22.2222 77.7778
Class0= 53/243	21.8107	78.1893
Class1= 55/243	22.6337	77.3663


..............................
Epoch 301 Error= 4.50196 (0.423808) 
..............................
Epoch 302 Error= 4.35673 (0.387345) 
..............................
Epoch 303 Error= 4.3472 (0.399477) 
..............................
Epoch 304 Error= 4.23499 (0.392761) 
..............................
Epoch 305 Error= 4.23741 (0.378072) 
..............................
Epoch 306 Error= 4.12783 (0.369749) 
..............................
Epoch 307 Error= 4.06175 (0.348292) 
..............................
Epoch 308 Error= 4.05132 (0.354383) 
..............................
Epoch 309 Error= 3.98513 (0.350272) 
..............................
Epoch 310 Error= 3.92362 (0.33986) 
 counting_train_errors........

train_NErrors= 0/1460 0 100
Class0= 0/730	0	100
Class1= 0/730	0	100

 counting_test_errors

test_NErrors= 105/486 21.6049 78.3951
Class0= 52/243	21.3992	78.6008
Class1= 53/243	21.8107	78.1893

 counting_validation_errors...

validation_NErrors= 110/486 22.6337 77.3663
Class0= 55/243	22.6337	77.3663
Class1= 55/243	22.6337	77.3663

..............................
Epoch 311 Error= 3.88372 (0.352958) 
..............................
Epoch 312 Error= 3.82708 (0.332765) 
..............................
Epoch 313 Error= 3.76469 (0.331916) 
..............................
Epoch 314 Error= 3.70651 (0.311492) 
..............................
Epoch 315 Error= 3.67657 (0.314983) 
..............................
Epoch 316 Error= 3.62315 (0.310088) 
..............................
Epoch 317 Error= 3.58123 (0.304804) 
..............................
Epoch 318 Error= 3.51285 (0.297505) 
..............................
Epoch 319 Error= 3.47467 (0.280695) 
..............................
Epoch 320 Error= 3.41263 (0.274246) 
 counting_train_errors........

train_NErrors= 0/1460 0 100
Class0= 0/730	0	100
Class1= 0/730	0	100

 counting_test_errors

test_NErrors= 107/486 22.0165 77.9835
Class0= 53/243	21.8107	78.1893
Class1= 54/243	22.2222	77.7778

 counting_validation_errors...

validation_NErrors= 109/486 22.428 77.572
Class0= 55/243	22.6337	77.3663
Class1= 54/243	22.2222	77.7778


..............................
Epoch 321 Error= 3.38047 (0.267218) 
..............................
Epoch 322 Error= 3.37219 (0.280291) 
..............................
Epoch 323 Error= 3.32532 (0.272914) 
..............................
Epoch 324 Error= 3.25069 (0.26084) 
..............................
Epoch 325 Error= 3.24531 (0.257257) 
..............................
Epoch 326 Error= 3.17753 (0.242005) 
..............................
Epoch 327 Error= 3.1627 (0.251678) 
..............................
Epoch 328 Error= 3.13473 (0.269454) 
..............................
Epoch 329 Error= 3.08567 (0.234759) 
..............................
Epoch 330 Error= 3.06768 (0.240357) 
 counting_train_errors........

train_NErrors= 0/1460 0 100
Class0= 0/730	0	100
Class1= 0/730	0	100

 counting_test_errors

test_NErrors= 109/486 22.428 77.572
Class0= 52/243	21.3992	78.6008
Class1= 57/243	23.4568	76.5432

 counting_validation_errors...

validation_NErrors= 109/486 22.428 77.572
Class0= 52/243	21.3992	78.6008
Class1= 57/243	23.4568	76.5432


..............................
Epoch 331 Error= 2.99449 (0.226128) 
..............................
Epoch 332 Error= 2.96438 (0.219213) 
..............................
Epoch 333 Error= 2.92196 (0.214608) 
..............................
Epoch 334 Error= 2.90159 (0.229296) 
..............................
Epoch 335 Error= 2.86593 (0.217824) 
..............................
Epoch 336 Error= 2.82703 (0.210823) 
..............................
Epoch 337 Error= 2.79258 (0.198837) 
..............................
Epoch 338 Error= 2.75351 (0.202762) 
..............................
Epoch 339 Error= 2.73113 (0.19768) 
..............................
Epoch 340 Error= 2.69787 (0.191127) 
 counting_train_errors........

train_NErrors= 0/1460 0 100
Class0= 0/730	0	100
Class1= 0/730	0	100

 counting_test_errors

test_NErrors= 111/486 22.8395 77.1605
Class0= 53/243	21.8107	78.1893
Class1= 58/243	23.8683	76.1317

 counting_validation_errors...

validation_NErrors= 112/486 23.0453 76.9547
Class0= 54/243	22.2222	77.7778
Class1= 58/243	23.8683	76.1317

..............................
Epoch 341 Error= 2.65196 (0.182039) 
..............................
Epoch 342 Error= 2.63599 (0.188943) 
..............................
Epoch 343 Error= 2.61059 (0.185098) 
..............................
Epoch 344 Error= 2.5881 (0.180893) 
..............................
Epoch 345 Error= 2.55049 (0.178358) 
..............................
Epoch 346 Error= 2.51576 (0.1695) 
..............................
Epoch 347 Error= 2.50013 (0.169811) 
..............................
Epoch 348 Error= 2.46286 (0.1645) 
..............................
Epoch 349 Error= 2.43748 (0.164165) 
..............................
Epoch 350 Error= 2.40387 (0.162916) 
 counting_train_errors........

train_NErrors= 0/1460 0 100
Class0= 0/730	0	100
Class1= 0/730	0	100

 counting_test_errors

test_NErrors= 109/486 22.428 77.572
Class0= 54/243	22.2222	77.7778
Class1= 55/243	22.6337	77.3663

 counting_validation_errors...

validation_NErrors= 113/486 23.251 76.749
Class0= 55/243	22.6337	77.3663
Class1= 58/243	23.8683	76.1317

..............................
Epoch 351 Error= 2.38244 (0.162322) 
..............................
Epoch 352 Error= 2.34374 (0.157796) 
..............................
Epoch 353 Error= 2.33829 (0.156527) 
..............................
Epoch 354 Error= 2.2946 (0.151978) 
..............................
Epoch 355 Error= 2.27844 (0.150235) 
..............................
Epoch 356 Error= 2.25581 (0.149667) 
..............................
Epoch 357 Error= 2.24985 (0.154912) 
..............................
Epoch 358 Error= 2.21338 (0.144685) 
..............................
Epoch 359 Error= 2.1967 (0.144482) 
..............................
Epoch 360 Error= 2.16465 (0.136732) 
 counting_train_errors........

train_NErrors= 0/1460 0 100
Class0= 0/730	0	100
Class1= 0/730	0	100

 counting_test_errors

test_NErrors= 110/486 22.6337 77.3663
Class0= 53/243	21.8107	78.1893
Class1= 57/243	23.4568	76.5432

 counting_validation_errors...

validation_NErrors= 113/486 23.251 76.749
Class0= 55/243	22.6337	77.3663
Class1= 58/243	23.8683	76.1317

..............................
Epoch 361 Error= 2.16179 (0.144206) 
..............................
Epoch 362 Error= 2.1352 (0.145882) 
..............................
Epoch 363 Error= 2.11223 (0.134243) 
..............................
Epoch 364 Error= 2.09748 (0.139078) 
..............................
Epoch 365 Error= 2.05659 (0.132278) 
..............................
Epoch 366 Error= 2.0543 (0.130922) 
..............................
Epoch 367 Error= 2.02184 (0.127428) 
..............................
Epoch 368 Error= 1.99341 (0.123431) 
..............................
Epoch 369 Error= 1.98902 (0.128908) 
..............................
Epoch 370 Error= 1.94664 (0.116986) 
 counting_train_errors........

train_NErrors= 0/1460 0 100
Class0= 0/730	0	100
Class1= 0/730	0	100

 counting_test_errors

test_NErrors= 109/486 22.428 77.572
Class0= 53/243	21.8107	78.1893
Class1= 56/243	23.0453	76.9547

 counting_validation_errors...

validation_NErrors= 114/486 23.4568 76.5432
Class0= 56/243	23.0453	76.9547
Class1= 58/243	23.8683	76.1317

..............................
Epoch 371 Error= 1.94155 (0.118908) 
..............................
Epoch 372 Error= 1.92921 (0.119426) 
..............................
Epoch 373 Error= 1.89367 (0.113768) 
..............................
Epoch 374 Error= 1.88597 (0.113414) 
..............................
Epoch 375 Error= 1.86558 (0.113896) 
..............................
Epoch 376 Error= 1.84307 (0.110188) 
..............................
Epoch 377 Error= 1.82627 (0.109283) 
..............................
Epoch 378 Error= 1.81064 (0.109618) 
..............................
Epoch 379 Error= 1.79086 (0.105607) 
..............................
Epoch 380 Error= 1.78098 (0.102643) 
 counting_train_errors........

train_NErrors= 0/1460 0 100
Class0= 0/730	0	100
Class1= 0/730	0	100

 counting_test_errors

test_NErrors= 109/486 22.428 77.572
Class0= 53/243	21.8107	78.1893
Class1= 56/243	23.0453	76.9547

 counting_validation_errors...

validation_NErrors= 114/486 23.4568 76.5432
Class0= 57/243	23.4568	76.5432
Class1= 57/243	23.4568	76.5432

..............................
Epoch 381 Error= 1.76474 (0.10115) 
..............................
Epoch 382 Error= 1.74122 (0.0989253) 
..............................
Epoch 383 Error= 1.72467 (0.0988465) 
..............................
Epoch 384 Error= 1.70822 (0.0988352) 
..............................
Epoch 385 Error= 1.69942 (0.0963666) 
..............................
Epoch 386 Error= 1.67787 (0.0936327) 
..............................
Epoch 387 Error= 1.66475 (0.0918822) 
..............................
Epoch 388 Error= 1.64437 (0.0896413) 
..............................
Epoch 389 Error= 1.63736 (0.0902814) 
..............................
Epoch 390 Error= 1.62001 (0.0888067) 
 counting_train_errors........

train_NErrors= 0/1460 0 100
Class0= 0/730	0	100
Class1= 0/730	0	100

 counting_test_errors

test_NErrors= 110/486 22.6337 77.3663
Class0= 55/243	22.6337	77.3663
Class1= 55/243	22.6337	77.3663

 counting_validation_errors...

validation_NErrors= 116/486 23.8683 76.1317
Class0= 59/243	24.2798	75.7202
Class1= 57/243	23.4568	76.5432

..............................
Epoch 391 Error= 1.61147 (0.0870775) 
..............................
Epoch 392 Error= 1.59876 (0.0856581) 
..............................
Epoch 393 Error= 1.57909 (0.0853531) 
..............................
Epoch 394 Error= 1.5653 (0.0837834) 
..............................
Epoch 395 Error= 1.55732 (0.0857204) 
..............................
Epoch 396 Error= 1.53369 (0.0795912) 
..............................
Epoch 397 Error= 1.53424 (0.0819335) 
..............................
Epoch 398 Error= 1.52018 (0.0822507) 
..............................
Epoch 399 Error= 1.50257 (0.0769908) 
..............................
Epoch 400 Error= 1.50487 (0.0796607) 
 counting_train_errors........

train_NErrors= 0/1460 0 100
Class0= 0/730	0	100
Class1= 0/730	0	100

 counting_test_errors

test_NErrors= 109/486 22.428 77.572
Class0= 55/243	22.6337	77.3663
Class1= 54/243	22.2222	77.7778

 counting_validation_errors...

validation_NErrors= 117/486 24.0741 75.9259
Class0= 59/243	24.2798	75.7202
Class1= 58/243	23.8683	76.1317

..............................
Epoch 401 Error= 1.47982 (0.0767546) 
..............................
Epoch 402 Error= 1.46887 (0.0763219) 
..............................
Epoch 403 Error= 1.46104 (0.0745667) 
..............................
Epoch 404 Error= 1.46199 (0.075665) 
..............................
Epoch 405 Error= 1.43052 (0.0732921) 
..............................
Epoch 406 Error= 1.42304 (0.0713722) 
..............................
Epoch 407 Error= 1.40935 (0.0702748) 
..............................
Epoch 408 Error= 1.39439 (0.0675692) 
..............................
Epoch 409 Error= 1.4005 (0.0695661) 
..............................
Epoch 410 Error= 1.37104 (0.0663418) 
 counting_train_errors........

train_NErrors= 0/1460 0 100
Class0= 0/730	0	100
Class1= 0/730	0	100

 counting_test_errors

test_NErrors= 110/486 22.6337 77.3663
Class0= 55/243	22.6337	77.3663
Class1= 55/243	22.6337	77.3663

 counting_validation_errors...

validation_NErrors= 117/486 24.0741 75.9259
Class0= 59/243	24.2798	75.7202
Class1= 58/243	23.8683	76.1317

..............................
Epoch 411 Error= 1.3693 (0.0668593) 
..............................
Epoch 412 Error= 1.35023 (0.064526) 
..............................
Epoch 413 Error= 1.34232 (0.06399) 
..............................
Epoch 414 Error= 1.33347 (0.0624791) 
..............................
Epoch 415 Error= 1.325 (0.0616477) 
..............................
Epoch 416 Error= 1.31446 (0.0614743) 
..............................
Epoch 417 Error= 1.30858 (0.0615871) 
..............................
Epoch 418 Error= 1.29947 (0.060509) 
..............................
Epoch 419 Error= 1.28373 (0.0585267) 
..............................
Epoch 420 Error= 1.27615 (0.058208) 
 counting_train_errors........

train_NErrors= 0/1460 0 100
Class0= 0/730	0	100
Class1= 0/730	0	100

 counting_test_errors

test_NErrors= 110/486 22.6337 77.3663
Class0= 54/243	22.2222	77.7778
Class1= 56/243	23.0453	76.9547

 counting_validation_errors...

validation_NErrors= 116/486 23.8683 76.1317
Class0= 58/243	23.8683	76.1317
Class1= 58/243	23.8683	76.1317

..............................
Epoch 421 Error= 1.26322 (0.0594449) 
..............................
Epoch 422 Error= 1.25934 (0.0564502) 
..............................
Epoch 423 Error= 1.24633 (0.0551182) 
..............................
Epoch 424 Error= 1.23968 (0.0549488) 
..............................
Epoch 425 Error= 1.236 (0.0552537) 
..............................
Epoch 426 Error= 1.22774 (0.0556881) 
..............................
Epoch 427 Error= 1.21133 (0.052395) 
..............................
Epoch 428 Error= 1.19928 (0.0520538) 
..............................
Epoch 429 Error= 1.19966 (0.0540067) 
..............................
Epoch 430 Error= 1.188 (0.0511071) 
 counting_train_errors........

train_NErrors= 0/1460 0 100
Class0= 0/730	0	100
Class1= 0/730	0	100

 counting_test_errors

test_NErrors= 112/486 23.0453 76.9547
Class0= 53/243	21.8107	78.1893
Class1= 59/243	24.2798	75.7202

 counting_validation_errors...

validation_NErrors= 116/486 23.8683 76.1317
Class0= 58/243	23.8683	76.1317
Class1= 58/243	23.8683	76.1317

..............................
Epoch 431 Error= 1.18145 (0.051574) 
..............................
Epoch 432 Error= 1.17096 (0.0496508) 
..............................
Epoch 433 Error= 1.16222 (0.049198) 
..............................
Epoch 434 Error= 1.15946 (0.0497046) 
..............................
Epoch 435 Error= 1.14754 (0.048177) 
..............................
Epoch 436 Error= 1.1442 (0.0473045) 
..............................
Epoch 437 Error= 1.13545 (0.0473851) 
..............................
Epoch 438 Error= 1.12636 (0.0466916) 
..............................
Epoch 439 Error= 1.11883 (0.046095) 
..............................
Epoch 440 Error= 1.10427 (0.0440394) 
 counting_train_errors........

train_NErrors= 0/1460 0 100
Class0= 0/730	0	100
Class1= 0/730	0	100

 counting_test_errors

test_NErrors= 111/486 22.8395 77.1605
Class0= 52/243	21.3992	78.6008
Class1= 59/243	24.2798	75.7202

 counting_validation_errors...

validation_NErrors= 115/486 23.6626 76.3374
Class0= 57/243	23.4568	76.5432
Class1= 58/243	23.8683	76.1317

..............................
Epoch 441 Error= 1.10329 (0.044647) 
..............................
Epoch 442 Error= 1.10495 (0.0458035) 
..............................
Epoch 443 Error= 1.08861 (0.0443314) 
..............................
Epoch 444 Error= 1.08141 (0.0427054) 
..............................
Epoch 445 Error= 1.07805 (0.043479) 
..............................
Epoch 446 Error= 1.06836 (0.0432017) 
..............................
Epoch 447 Error= 1.05933 (0.0411307) 
..............................
Epoch 448 Error= 1.05427 (0.041198) 
..............................
Epoch 449 Error= 1.04462 (0.0403669) 
..............................
Epoch 450 Error= 1.04102 (0.0406913) 
 counting_train_errors........

train_NErrors= 0/1460 0 100
Class0= 0/730	0	100
Class1= 0/730	0	100

 counting_test_errors

test_NErrors= 110/486 22.6337 77.3663
Class0= 53/243	21.8107	78.1893
Class1= 57/243	23.4568	76.5432

 counting_validation_errors...

validation_NErrors= 117/486 24.0741 75.9259
Class0= 59/243	24.2798	75.7202
Class1= 58/243	23.8683	76.1317

..............................
Epoch 451 Error= 1.03359 (0.0398875) 
..............................
Epoch 452 Error= 1.02598 (0.0386022) 
..............................
Epoch 453 Error= 1.01436 (0.0375557) 
..............................
Epoch 454 Error= 1.01321 (0.0396058) 
..............................
Epoch 455 Error= 1.01553 (0.0418411) 
..............................
Epoch 456 Error= 1.00015 (0.0376977) 
..............................
Epoch 457 Error= 0.991681 (0.0371063) 
..............................
Epoch 458 Error= 0.989011 (0.0366494) 
..............................
Epoch 459 Error= 0.980492 (0.0356627) 
..............................
Epoch 460 Error= 0.975046 (0.0359333) 
 counting_train_errors........

train_NErrors= 0/1460 0 100
Class0= 0/730	0	100
Class1= 0/730	0	100

 counting_test_errors

test_NErrors= 110/486 22.6337 77.3663
Class0= 52/243	21.3992	78.6008
Class1= 58/243	23.8683	76.1317

 counting_validation_errors...

validation_NErrors= 115/486 23.6626 76.3374
Class0= 57/243	23.4568	76.5432
Class1= 58/243	23.8683	76.1317

..............................
Epoch 461 Error= 0.967577 (0.0354788) 
..............................
Epoch 462 Error= 0.969115 (0.036811) 
..............................
Epoch 463 Error= 0.963873 (0.0346289) 
..............................
Epoch 464 Error= 0.954909 (0.0338653) 
..............................
Epoch 465 Error= 0.948515 (0.0348866) 
..............................
Epoch 466 Error= 0.944144 (0.0333946) 
..............................
Epoch 467 Error= 0.937014 (0.0328108) 
..............................
Epoch 468 Error= 0.930813 (0.0329129) 
..............................
Epoch 469 Error= 0.926803 (0.0331511) 
..............................
Epoch 470 Error= 0.921607 (0.0326628) 
 counting_train_errors........

train_NErrors= 0/1460 0 100
Class0= 0/730	0	100
Class1= 0/730	0	100

 counting_test_errors

test_NErrors= 110/486 22.6337 77.3663
Class0= 56/243	23.0453	76.9547
Class1= 54/243	22.2222	77.7778

 counting_validation_errors...

validation_NErrors= 117/486 24.0741 75.9259
Class0= 60/243	24.6914	75.3086
Class1= 57/243	23.4568	76.5432

..............................
Epoch 471 Error= 0.913907 (0.0321641) 
..............................
Epoch 472 Error= 0.919805 (0.0332424) 
..............................
Epoch 473 Error= 0.906151 (0.0316454) 
..............................
Epoch 474 Error= 0.895714 (0.0303716) 
..............................
Epoch 475 Error= 0.898698 (0.0314063) 
..............................
Epoch 476 Error= 0.888927 (0.0301537) 
..............................
Epoch 477 Error= 0.884281 (0.0299863) 
..............................
Epoch 478 Error= 0.88161 (0.0296999) 
..............................
Epoch 479 Error= 0.872174 (0.0293371) 
..............................
Epoch 480 Error= 0.874531 (0.0295746) 
 counting_train_errors........

train_NErrors= 0/1460 0 100
Class0= 0/730	0	100
Class1= 0/730	0	100

 counting_test_errors

test_NErrors= 110/486 22.6337 77.3663
Class0= 53/243	21.8107	78.1893
Class1= 57/243	23.4568	76.5432

 counting_validation_errors...

validation_NErrors= 116/486 23.8683 76.1317
Class0= 57/243	23.4568	76.5432
Class1= 59/243	24.2798	75.7202

..............................
Epoch 481 Error= 0.863833 (0.0286057) 
..............................
Epoch 482 Error= 0.862857 (0.0293205) 
..............................
Epoch 483 Error= 0.855635 (0.027977) 
..............................
Epoch 484 Error= 0.849204 (0.0276131) 
..............................
Epoch 485 Error= 0.846349 (0.0281814) 
..............................
Epoch 486 Error= 0.841693 (0.0272076) 
..............................
Epoch 487 Error= 0.835615 (0.0271088) 
..............................
Epoch 488 Error= 0.834315 (0.0272864) 
..............................
Epoch 489 Error= 0.82674 (0.0269178) 
..............................
Epoch 490 Error= 0.821714 (0.0266006) 
 counting_train_errors........

train_NErrors= 0/1460 0 100
Class0= 0/730	0	100
Class1= 0/730	0	100

 counting_test_errors

test_NErrors= 110/486 22.6337 77.3663
Class0= 53/243	21.8107	78.1893
Class1= 57/243	23.4568	76.5432

 counting_validation_errors...

validation_NErrors= 116/486 23.8683 76.1317
Class0= 57/243	23.4568	76.5432
Class1= 59/243	24.2798	75.7202

..............................
Epoch 491 Error= 0.818581 (0.0262281) 
..............................
Epoch 492 Error= 0.814074 (0.0260074) 
..............................
Epoch 493 Error= 0.809604 (0.0259649) 
..............................
Epoch 494 Error= 0.80528 (0.0254444) 
..............................
Epoch 495 Error= 0.802061 (0.0249812) 
..............................
Epoch 496 Error= 0.795009 (0.02445) 
..............................
Epoch 497 Error= 0.793841 (0.0248336) 
..............................
Epoch 498 Error= 0.787863 (0.0247465) 
..............................
Epoch 499 Error= 0.782662 (0.0240709) 
..............................
Epoch 500 Error= 0.781916 (0.0243754) 
 counting_train_errors........

train_NErrors= 0/1460 0 100
Class0= 0/730	0	100
Class1= 0/730	0	100

 counting_test_errors

test_NErrors= 109/486 22.428 77.572
Class0= 53/243	21.8107	78.1893
Class1= 56/243	23.0453	76.9547

 counting_validation_errors...

validation_NErrors= 117/486 24.0741 75.9259
Class0= 58/243	23.8683	76.1317
Class1= 59/243	24.2798	75.7202

