epsilon 0.2
NF 5
NHY 5
NHF 5
context 10
Moore 1
CoF 0
Classes 2
Thresholds 1.5 
seed 949
shuffle 1
batch_blocks 150
readModel 0
readEpoch 0
nEpochs 500
adaptive 1000
reload 1
belief 0
threshold 0
alidir ./
Creating model
Generating random parameters
Reading train dataset
Reading test dataset
Reading validation dataset
Actual lrate= 0.000371353
Start learning
..............................
Epoch 1 Error= 1014.2 (0.00215084) 
..............................
Epoch 2 Error= 1012.85 (0.00224949) 
..............................
Epoch 3 Error= 1012.75 (0.00214785) 
..............................
Epoch 4 Error= 1012.47 (0.00223071) 
..............................
Epoch 5 Error= 1013.25 (0.00232964) 
..............................
Epoch 6 Error= 1012.79 (0.00237772) 
..............................
Epoch 7 Error= 1012.74 (0.00271302) 
..............................
Epoch 8 Error= 1012.56 (0.00303202) 
..............................
Epoch 9 Error= 1012.91 (0.00344271) 
..............................
Epoch 10 Error= 1012.65 (0.00398849) 
 counting_train_errors........

train_NErrors= 730/1460 50 50
Class0= 0/730	0	100
Class1= 730/730	100	0

 counting_test_errors

test_NErrors= 243/486 50 50
Class0= 0/243	0	100
Class1= 243/243	100	0

 counting_validation_errors...

validation_NErrors= 243/486 50 50
Class0= 0/243	0	100
Class1= 243/243	100	0


..............................
Epoch 11 Error= 1012.13 (0.00430419) 
..............................
Epoch 12 Error= 1012.76 (0.0050974) 
..............................
Epoch 13 Error= 1012.2 (0.00601446) 
..............................
Epoch 14 Error= 1012.05 (0.00724084) 
..............................
Epoch 15 Error= 1012.41 (0.00810576) 
..............................
Epoch 16 Error= 1012.37 (0.00959698) 
..............................
Epoch 17 Error= 1011.24 (0.0115371) 
..............................
Epoch 18 Error= 1011.65 (0.0135325) 
..............................
Epoch 19 Error= 1011.16 (0.0157351) 
..............................
Epoch 20 Error= 1010.17 (0.0189171) 
 counting_train_errors........

train_NErrors= 730/1460 50 50
Class0= 0/730	0	100
Class1= 730/730	100	0

 counting_test_errors

test_NErrors= 243/486 50 50
Class0= 0/243	0	100
Class1= 243/243	100	0

 counting_validation_errors...

validation_NErrors= 243/486 50 50
Class0= 0/243	0	100
Class1= 243/243	100	0


..............................
Epoch 21 Error= 1010.9 (0.022473) 
..............................
Epoch 22 Error= 1009.76 (0.0274248) 
..............................
Epoch 23 Error= 1009.6 (0.0326143) 
..............................
Epoch 24 Error= 1008.57 (0.0387343) 
..............................
Epoch 25 Error= 1007.66 (0.0445085) 
..............................
Epoch 26 Error= 1006.65 (0.0560268) 
..............................
Epoch 27 Error= 1005.84 (0.0664735) 
..............................
Epoch 28 Error= 1004.76 (0.0793124) 
..............................
Epoch 29 Error= 1002.06 (0.10091) 
..............................
Epoch 30 Error= 1000.84 (0.120127) 
 counting_train_errors........

train_NErrors= 525/1460 35.9589 64.0411
Class0= 48/730	6.57534	93.4247
Class1= 477/730	65.3425	34.6575

 counting_test_errors

test_NErrors= 187/486 38.4774 61.5226
Class0= 15/243	6.17284	93.8272
Class1= 172/243	70.7819	29.2181

 counting_validation_errors...

validation_NErrors= 186/486 38.2716 61.7284
Class0= 20/243	8.23045	91.7695
Class1= 166/243	68.3128	31.6872


..............................
Epoch 31 Error= 998.528 (0.148064) 
..............................
Epoch 32 Error= 996.12 (0.192609) 
..............................
Epoch 33 Error= 991.567 (0.254098) 
..............................
Epoch 34 Error= 987.005 (0.361637) 
..............................
Epoch 35 Error= 983.827 (0.492211) 
..............................
Epoch 36 Error= 980.36 (0.732163) 
..............................
Epoch 37 Error= 973.408 (1.17628) 
..............................
Epoch 38 Error= 966.478 (2.07975) 
..............................
Epoch 39 Error= 959.327 (3.62604) 
..............................
Epoch 40 Error= 947.774 (7.6859) 
 counting_train_errors........

train_NErrors= 432/1460 29.589 70.411
Class0= 88/730	12.0548	87.9452
Class1= 344/730	47.1233	52.8767

 counting_test_errors

test_NErrors= 149/486 30.6584 69.3416
Class0= 26/243	10.6996	89.3004
Class1= 123/243	50.6173	49.3827

 counting_validation_errors...

validation_NErrors= 148/486 30.4527 69.5473
Class0= 30/243	12.3457	87.6543
Class1= 118/243	48.5597	51.4403


..............................
Epoch 41 Error= 930.1 (17.0898) 
..............................
Epoch 42 Error= 883.827 (39.8312) 
..............................
Epoch 43 Error= 835.759 (74.9412) 
..............................
Epoch 44 Error= 810.645 (93.7482) 
..............................
Epoch 45 Error= 819.168 (93.3763) 
..............................
Epoch 46 Error= 806.947 (90.3866) 
..............................
Epoch 47 Error= 784.83 (90.5269) 
..............................
Epoch 48 Error= 783.978 (91.1665) 
..............................
Epoch 49 Error= 777.992 (89.0282) 
..............................
Epoch 50 Error= 774.034 (92.502) 
 counting_train_errors........

train_NErrors= 389/1460 26.6438 73.3562
Class0= 230/730	31.5068	68.4932
Class1= 159/730	21.7808	78.2192

 counting_test_errors

test_NErrors= 144/486 29.6296 70.3704
Class0= 89/243	36.6255	63.3745
Class1= 55/243	22.6337	77.3663

 counting_validation_errors...

validation_NErrors= 144/486 29.6296 70.3704
Class0= 79/243	32.5103	67.4897
Class1= 65/243	26.749	73.251


..............................
Epoch 51 Error= 767.513 (91.0901) 
..............................
Epoch 52 Error= 758.078 (81.9048) 
..............................
Epoch 53 Error= 755.965 (89.1433) 
..............................
Epoch 54 Error= 753.335 (84.8538) 
..............................
Epoch 55 Error= 742.136 (73.6779) 
..............................
Epoch 56 Error= 733.951 (78.2417) 
..............................
Epoch 57 Error= 731.774 (83.6269) 
..............................
Epoch 58 Error= 723.993 (79.2188) 
..............................
Epoch 59 Error= 713.232 (86.9385) 
..............................
Epoch 60 Error= 728.444 (83.5501) 
 counting_train_errors........

train_NErrors= 340/1460 23.2877 76.7123
Class0= 182/730	24.9315	75.0685
Class1= 158/730	21.6438	78.3562

 counting_test_errors

test_NErrors= 136/486 27.9835 72.0165
Class0= 75/243	30.8642	69.1358
Class1= 61/243	25.1029	74.8971

 counting_validation_errors...

validation_NErrors= 122/486 25.1029 74.8971
Class0= 58/243	23.8683	76.1317
Class1= 64/243	26.3374	73.6626


..............................
Epoch 61 Error= 721.18 (78.4486) 
..............................
Epoch 62 Error= 713.916 (74.1476) 
..............................
Epoch 63 Error= 714.04 (72.6841) 
..............................
Epoch 64 Error= 707.097 (70.8759) 
..............................
Epoch 65 Error= 698.241 (69.1292) 
..............................
Epoch 66 Error= 689.788 (67.3323) 
..............................
Epoch 67 Error= 699.014 (70.0129) 
..............................
Epoch 68 Error= 678.16 (64.5865) 
..............................
Epoch 69 Error= 686.719 (60.9689) 
..............................
Epoch 70 Error= 658.843 (59.2751) 
 counting_train_errors........

train_NErrors= 305/1460 20.8904 79.1096
Class0= 127/730	17.3973	82.6027
Class1= 178/730	24.3836	75.6164

 counting_test_errors

test_NErrors= 112/486 23.0453 76.9547
Class0= 46/243	18.93	81.07
Class1= 66/243	27.1605	72.8395

 counting_validation_errors...

validation_NErrors= 113/486 23.251 76.749
Class0= 40/243	16.4609	83.5391
Class1= 73/243	30.0412	69.9588


..............................
Epoch 71 Error= 651.07 (61.8457) 
..............................
Epoch 72 Error= 630.725 (65.7851) 
..............................
Epoch 73 Error= 641.5 (72.1509) 
..............................
Epoch 74 Error= 640.003 (59.4852) 
..............................
Epoch 75 Error= 624.129 (61.8141) 
..............................
Epoch 76 Error= 613.605 (60.6965) 
..............................
Epoch 77 Error= 588.161 (63.4664) 
..............................
Epoch 78 Error= 576.642 (67.3487) 
..............................
Epoch 79 Error= 566.345 (66.6098) 
..............................
Epoch 80 Error= 557.361 (67.6824) 
 counting_train_errors........

train_NErrors= 243/1460 16.6438 83.3562
Class0= 148/730	20.274	79.726
Class1= 95/730	13.0137	86.9863

 counting_test_errors

test_NErrors= 104/486 21.3992 78.6008
Class0= 60/243	24.6914	75.3086
Class1= 44/243	18.107	81.893

 counting_validation_errors...

validation_NErrors= 100/486 20.5761 79.4239
Class0= 55/243	22.6337	77.3663
Class1= 45/243	18.5185	81.4815


..............................
Epoch 81 Error= 539.694 (71.6897) 
..............................
Epoch 82 Error= 534.96 (75.0953) 
..............................
Epoch 83 Error= 531.99 (80.1534) 
..............................
Epoch 84 Error= 506.47 (78.173) 
..............................
Epoch 85 Error= 543.438 (89.6734) 
..............................
Epoch 86 Error= 487.389 (85.4768) 
..............................
Epoch 87 Error= 473.709 (91.5739) 
..............................
Epoch 88 Error= 458.108 (98.0103) 
..............................
Epoch 89 Error= 478.418 (113.149) 
..............................
Epoch 90 Error= 439.615 (107.693) 
 counting_train_errors........

train_NErrors= 170/1460 11.6438 88.3562
Class0= 82/730	11.2329	88.7671
Class1= 88/730	12.0548	87.9452

 counting_test_errors

test_NErrors= 99/486 20.3704 79.6296
Class0= 48/243	19.7531	80.2469
Class1= 51/243	20.9877	79.0123

 counting_validation_errors...

validation_NErrors= 100/486 20.5761 79.4239
Class0= 45/243	18.5185	81.4815
Class1= 55/243	22.6337	77.3663


..............................
Epoch 91 Error= 440.285 (117.656) 
..............................
Epoch 92 Error= 416.96 (119.57) 
..............................
Epoch 93 Error= 401.732 (124.691) 
..............................
Epoch 94 Error= 408.482 (144.901) 
..............................
Epoch 95 Error= 386.629 (145.749) 
..............................
Epoch 96 Error= 373.345 (145.488) 
..............................
Epoch 97 Error= 377.355 (163.224) 
..............................
Epoch 98 Error= 346.055 (151.329) 
..............................
Epoch 99 Error= 340.44 (169.146) 
..............................
Epoch 100 Error= 339.342 (179.498) 
 counting_train_errors........

train_NErrors= 104/1460 7.12329 92.8767
Class0= 32/730	4.38356	95.6164
Class1= 72/730	9.86301	90.137

 counting_test_errors

test_NErrors= 98/486 20.1646 79.8354
Class0= 42/243	17.284	82.716
Class1= 56/243	23.0453	76.9547

 counting_validation_errors...

validation_NErrors= 100/486 20.5761 79.4239
Class0= 38/243	15.6379	84.3621
Class1= 62/243	25.5144	74.4856


..............................
Epoch 101 Error= 324.56 (182.706) 
..............................
Epoch 102 Error= 321.13 (199.719) 
..............................
Epoch 103 Error= 309.278 (196.122) 
..............................
Epoch 104 Error= 303.137 (202.447) 
..............................
Epoch 105 Error= 288.529 (201.063) 
..............................
Epoch 106 Error= 280.713 (199.385) 
..............................
Epoch 107 Error= 279.326 (225.432) 
..............................
Epoch 108 Error= 271.133 (218.146) 
..............................
Epoch 109 Error= 265.33 (226.741) 
..............................
Epoch 110 Error= 257.338 (226.052) 
 counting_train_errors........

train_NErrors= 61/1460 4.17808 95.8219
Class0= 30/730	4.10959	95.8904
Class1= 31/730	4.24658	95.7534

 counting_test_errors

test_NErrors= 100/486 20.5761 79.4239
Class0= 52/243	21.3992	78.6008
Class1= 48/243	19.7531	80.2469

 counting_validation_errors...

validation_NErrors= 107/486 22.0165 77.9835
Class0= 52/243	21.3992	78.6008
Class1= 55/243	22.6337	77.3663


..............................
Epoch 111 Error= 266.433 (266.826) 
..............................
Epoch 112 Error= 251.953 (252.406) 
..............................
Epoch 113 Error= 264.173 (279.276) 
..............................
Epoch 114 Error= 242.1 (232.575) 
..............................
Epoch 115 Error= 249.347 (268.874) 
..............................
Epoch 116 Error= 231.578 (247.799) 
..............................
Epoch 117 Error= 236.009 (284.169) 
..............................
Epoch 118 Error= 214.1 (229.9) 
..............................
Epoch 119 Error= 207.752 (226.892) 
..............................
Epoch 120 Error= 235.333 (317.211) 
 counting_train_errors........

train_NErrors= 66/1460 4.52055 95.4795
Class0= 52/730	7.12329	92.8767
Class1= 14/730	1.91781	98.0822

 counting_test_errors

test_NErrors= 111/486 22.8395 77.1605
Class0= 72/243	29.6296	70.3704
Class1= 39/243	16.0494	83.9506

 counting_validation_errors...

validation_NErrors= 109/486 22.428 77.572
Class0= 65/243	26.749	73.251
Class1= 44/243	18.107	81.893


..............................
Epoch 121 Error= 224.356 (290.515) 
..............................
Epoch 122 Error= 242.987 (375.521) 
..............................
Epoch 123 Error= 237.788 (347.457) 
..............................
Epoch 124 Error= 208 (273.931) 
..............................
Epoch 125 Error= 252.479 (423.983) 
..............................
Epoch 126 Error= 183.353 (213.62) 
..............................
Epoch 127 Error= 168.946 (171.26) 
..............................
Epoch 128 Error= 167.09 (190.702) 
..............................
Epoch 129 Error= 155.496 (170.276) 
..............................
Epoch 130 Error= 148.137 (157.998) 
 counting_train_errors........

train_NErrors= 31/1460 2.12329 97.8767
Class0= 19/730	2.60274	97.3973
Class1= 12/730	1.64384	98.3562

 counting_test_errors

test_NErrors= 114/486 23.4568 76.5432
Class0= 66/243	27.1605	72.8395
Class1= 48/243	19.7531	80.2469

 counting_validation_errors...

validation_NErrors= 121/486 24.8971 75.1029
Class0= 65/243	26.749	73.251
Class1= 56/243	23.0453	76.9547


..............................
Epoch 131 Error= 167.954 (271.509) 
..............................
Epoch 132 Error= 290.206 (619.047) 
..............................
Epoch 133 Error= 195.915 (323.234) 
..............................
Epoch 134 Error= 181.903 (274.556) 
..............................
Epoch 135 Error= 149.181 (179.9) 
..............................
Epoch 136 Error= 137.971 (150.528) 
..............................
Epoch 137 Error= 157.551 (289.101) 
..............................
Epoch 138 Error= 166.95 (295.609) 
..............................
Epoch 139 Error= 147.019 (205.571) 
..............................
Epoch 140 Error= 159.923 (286.959) 
 counting_train_errors........

train_NErrors= 72/1460 4.93151 95.0685
Class0= 63/730	8.63014	91.3699
Class1= 9/730	1.23288	98.7671

 counting_test_errors

test_NErrors= 125/486 25.7202 74.2798
Class0= 91/243	37.4486	62.5514
Class1= 34/243	13.9918	86.0082

 counting_validation_errors...

validation_NErrors= 117/486 24.0741 75.9259
Class0= 84/243	34.5679	65.4321
Class1= 33/243	13.5802	86.4198


..............................
Epoch 141 Error= 193.684 (410.665) 
..............................
Epoch 142 Error= 219.352 (495.022) 
..............................
Epoch 143 Error= 179.273 (358.236) 
..............................
Epoch 144 Error= 136.803 (175.393) 
..............................
Epoch 145 Error= 110.773 (111.001) 
..............................
Epoch 146 Error= 102.6 (86.8877) 
..............................
Epoch 147 Error= 96.2913 (79.767) 
..............................
Epoch 148 Error= 98.1344 (105.031) 
..............................
Epoch 149 Error= 146.422 (342.007) 
..............................
Epoch 150 Error= 213.527 (543.101) 
 counting_train_errors........

train_NErrors= 46/1460 3.15068 96.8493
Class0= 13/730	1.78082	98.2192
Class1= 33/730	4.52055	95.4795

 counting_test_errors

test_NErrors= 122/486 25.1029 74.8971
Class0= 53/243	21.8107	78.1893
Class1= 69/243	28.3951	71.6049

 counting_validation_errors...

validation_NErrors= 119/486 24.4856 75.5144
Class0= 56/243	23.0453	76.9547
Class1= 63/243	25.9259	74.0741


..............................
Epoch 151 Error= 182.294 (403.543) 
..............................
Epoch 152 Error= 255.993 (607.787) 
..............................
Epoch 153 Error= 182.224 (380.081) 
..............................
Epoch 154 Error= 183.713 (405.226) 
..............................
Epoch 155 Error= 137.081 (207.428) 
..............................
Epoch 156 Error= 107.909 (124.963) 
..............................
Epoch 157 Error= 95.4827 (95.1828) 
..............................
Epoch 158 Error= 86.5327 (67.0818) 
..............................
Epoch 159 Error= 78.1712 (54.4966) 
..............................
Epoch 160 Error= 72.9324 (45.0044) 
 counting_train_errors........

train_NErrors= 14/1460 0.958904 99.0411
Class0= 7/730	0.958904	99.0411
Class1= 7/730	0.958904	99.0411

 counting_test_errors

test_NErrors= 127/486 26.1317 73.8683
Class0= 62/243	25.5144	74.4856
Class1= 65/243	26.749	73.251

 counting_validation_errors...

validation_NErrors= 118/486 24.2798 75.7202
Class0= 56/243	23.0453	76.9547
Class1= 62/243	25.5144	74.4856


..............................
Epoch 161 Error= 70.5056 (43.8106) 
..............................
Epoch 162 Error= 69.5337 (47.7501) 
..............................
Epoch 163 Error= 68.759 (47.4141) 
..............................
Epoch 164 Error= 66.6527 (45.2121) 
..............................
Epoch 165 Error= 64.0409 (41.7835) 
..............................
Epoch 166 Error= 61.9764 (37.9583) 
..............................
Epoch 167 Error= 59.3959 (40.8797) 
..............................
Epoch 168 Error= 57.2732 (37.8534) 
..............................
Epoch 169 Error= 57.3974 (40.2624) 
..............................
Epoch 170 Error= 60.1295 (52.8948) 
 counting_train_errors........

train_NErrors= 13/1460 0.890411 99.1096
Class0= 8/730	1.09589	98.9041
Class1= 5/730	0.684932	99.3151

 counting_test_errors

test_NErrors= 127/486 26.1317 73.8683
Class0= 72/243	29.6296	70.3704
Class1= 55/243	22.6337	77.3663

 counting_validation_errors...

validation_NErrors= 117/486 24.0741 75.9259
Class0= 71/243	29.2181	70.7819
Class1= 46/243	18.93	81.07


..............................
Epoch 171 Error= 56.9751 (41.773) 
..............................
Epoch 172 Error= 52.4323 (35.8445) 
..............................
Epoch 173 Error= 53.5309 (44.7305) 
..............................
Epoch 174 Error= 53.252 (55.6076) 
..............................
Epoch 175 Error= 53.3718 (49.3798) 
..............................
Epoch 176 Error= 106.037 (418.073) 
..............................
Epoch 177 Error= 371.555 (1380.44) 
..............................
Epoch 178 Error= 296.773 (1037.13) 
..............................
Epoch 179 Error= 290.303 (922.977) 
..............................
Epoch 180 Error= 224.133 (663.088) 
 counting_train_errors........

train_NErrors= 61/1460 4.17808 95.8219
Class0= 24/730	3.28767	96.7123
Class1= 37/730	5.06849	94.9315

 counting_test_errors

test_NErrors= 122/486 25.1029 74.8971
Class0= 52/243	21.3992	78.6008
Class1= 70/243	28.8066	71.1934

 counting_validation_errors...

validation_NErrors= 114/486 23.4568 76.5432
Class0= 46/243	18.93	81.07
Class1= 68/243	27.9835	72.0165


..............................
Epoch 181 Error= 158.589 (386.749) 
..............................
Epoch 182 Error= 119.322 (281.226) 
..............................
Epoch 183 Error= 101.475 (214.668) 
..............................
Epoch 184 Error= 88.9229 (133.41) 
..............................
Epoch 185 Error= 86.8649 (180.662) 
..............................
Epoch 186 Error= 78.6025 (138.928) 
..............................
Epoch 187 Error= 66.1593 (74.1341) 
..............................
Epoch 188 Error= 57.5309 (53.6012) 
..............................
Epoch 189 Error= 50.4662 (35.8357) 
..............................
Epoch 190 Error= 47.353 (30.6016) 
 counting_train_errors........

train_NErrors= 8/1460 0.547945 99.4521
Class0= 3/730	0.410959	99.589
Class1= 5/730	0.684932	99.3151

 counting_test_errors

test_NErrors= 118/486 24.2798 75.7202
Class0= 59/243	24.2798	75.7202
Class1= 59/243	24.2798	75.7202

 counting_validation_errors...

validation_NErrors= 117/486 24.0741 75.9259
Class0= 60/243	24.6914	75.3086
Class1= 57/243	23.4568	76.5432


..............................
Epoch 191 Error= 42.9978 (20.3675) 
..............................
Epoch 192 Error= 43.6328 (25.5019) 
..............................
Epoch 193 Error= 45.94 (37.0025) 
..............................
Epoch 194 Error= 39.5849 (18.9977) 
..............................
Epoch 195 Error= 37.8613 (17.9446) 
..............................
Epoch 196 Error= 40.6698 (28.0827) 
..............................
Epoch 197 Error= 37.2455 (31.5652) 
..............................
Epoch 198 Error= 35.5201 (20.5933) 
..............................
Epoch 199 Error= 36.5056 (24.1388) 
..............................
Epoch 200 Error= 36.8679 (30.4465) 
 counting_train_errors........

train_NErrors= 5/1460 0.342466 99.6575
Class0= 3/730	0.410959	99.589
Class1= 2/730	0.273973	99.726

 counting_test_errors

test_NErrors= 121/486 24.8971 75.1029
Class0= 65/243	26.749	73.251
Class1= 56/243	23.0453	76.9547

 counting_validation_errors...

validation_NErrors= 114/486 23.4568 76.5432
Class0= 64/243	26.3374	73.6626
Class1= 50/243	20.5761	79.4239


..............................
Epoch 201 Error= 30.863 (12.7989) 
..............................
Epoch 202 Error= 31.8318 (20.9552) 
..............................
Epoch 203 Error= 29.612 (11.3617) 
..............................
Epoch 204 Error= 28.2007 (13.398) 
..............................
Epoch 205 Error= 27.5715 (9.05756) 
..............................
Epoch 206 Error= 26.8876 (10.1365) 
..............................
Epoch 207 Error= 26.4692 (8.56985) 
..............................
Epoch 208 Error= 25.3287 (8.49376) 
..............................
Epoch 209 Error= 25.072 (9.80605) 
..............................
Epoch 210 Error= 24.2702 (7.25319) 
 counting_train_errors........

train_NErrors= 3/1460 0.205479 99.7945
Class0= 2/730	0.273973	99.726
Class1= 1/730	0.136986	99.863

 counting_test_errors

test_NErrors= 121/486 24.8971 75.1029
Class0= 61/243	25.1029	74.8971
Class1= 60/243	24.6914	75.3086

 counting_validation_errors...

validation_NErrors= 113/486 23.251 76.749
Class0= 60/243	24.6914	75.3086
Class1= 53/243	21.8107	78.1893


..............................
Epoch 211 Error= 23.7995 (6.9028) 
..............................
Epoch 212 Error= 23.6255 (8.78856) 
..............................
Epoch 213 Error= 23.1588 (6.93267) 
..............................
Epoch 214 Error= 22.0817 (6.0512) 
..............................
Epoch 215 Error= 22.969 (8.24999) 
..............................
Epoch 216 Error= 21.7755 (7.32505) 
..............................
Epoch 217 Error= 21.3085 (6.56669) 
..............................
Epoch 218 Error= 22.0722 (10.0307) 
..............................
Epoch 219 Error= 20.3286 (4.57315) 
..............................
Epoch 220 Error= 20.2002 (5.53179) 
 counting_train_errors........

train_NErrors= 3/1460 0.205479 99.7945
Class0= 2/730	0.273973	99.726
Class1= 1/730	0.136986	99.863

 counting_test_errors

test_NErrors= 123/486 25.3086 74.6914
Class0= 63/243	25.9259	74.0741
Class1= 60/243	24.6914	75.3086

 counting_validation_errors...

validation_NErrors= 112/486 23.0453 76.9547
Class0= 62/243	25.5144	74.4856
Class1= 50/243	20.5761	79.4239


..............................
Epoch 221 Error= 19.6238 (5.6664) 
..............................
Epoch 222 Error= 20.1284 (6.26845) 
..............................
Epoch 223 Error= 18.7864 (5.15648) 
..............................
Epoch 224 Error= 19.1835 (7.40919) 
..............................
Epoch 225 Error= 18.2486 (4.95807) 
..............................
Epoch 226 Error= 17.6107 (4.74353) 
..............................
Epoch 227 Error= 18.0144 (7.48779) 
..............................
Epoch 228 Error= 17.7032 (7.3346) 
..............................
Epoch 229 Error= 17.2991 (6.21913) 
..............................
Epoch 230 Error= 16.4813 (5.38486) 
 counting_train_errors........

train_NErrors= 3/1460 0.205479 99.7945
Class0= 2/730	0.273973	99.726
Class1= 1/730	0.136986	99.863

 counting_test_errors

test_NErrors= 121/486 24.8971 75.1029
Class0= 55/243	22.6337	77.3663
Class1= 66/243	27.1605	72.8395

 counting_validation_errors...

validation_NErrors= 116/486 23.8683 76.1317
Class0= 56/243	23.0453	76.9547
Class1= 60/243	24.6914	75.3086

..............................
Epoch 231 Error= 17.0342 (6.4736) 
..............................
Epoch 232 Error= 15.5175 (4.45504) 
..............................
Epoch 233 Error= 14.7838 (3.69845) 
..............................
Epoch 234 Error= 14.548 (4.47523) 
..............................
Epoch 235 Error= 14.7034 (5.25069) 
..............................
Epoch 236 Error= 13.6862 (5.76036) 
..............................
Epoch 237 Error= 14.5169 (8.44804) 
..............................
Epoch 238 Error= 13.2525 (6.72697) 
..............................
Epoch 239 Error= 12.4616 (3.49412) 
..............................
Epoch 240 Error= 11.7754 (3.12368) 
 counting_train_errors........

train_NErrors= 2/1460 0.136986 99.863
Class0= 1/730	0.136986	99.863
Class1= 1/730	0.136986	99.863

 counting_test_errors

test_NErrors= 123/486 25.3086 74.6914
Class0= 61/243	25.1029	74.8971
Class1= 62/243	25.5144	74.4856

 counting_validation_errors...

validation_NErrors= 114/486 23.4568 76.5432
Class0= 62/243	25.5144	74.4856
Class1= 52/243	21.3992	78.6008


..............................
Epoch 241 Error= 11.4895 (2.61535) 
..............................
Epoch 242 Error= 11.1078 (2.86829) 
..............................
Epoch 243 Error= 11.1497 (3.0659) 
..............................
Epoch 244 Error= 10.6341 (3.04817) 
..............................
Epoch 245 Error= 10.8019 (2.75705) 
..............................
Epoch 246 Error= 10.4279 (2.57713) 
..............................
Epoch 247 Error= 10.3383 (3.22072) 
..............................
Epoch 248 Error= 10.0159 (2.8506) 
..............................
Epoch 249 Error= 9.86067 (2.24415) 
..............................
Epoch 250 Error= 10.0541 (3.53382) 
 counting_train_errors........

train_NErrors= 1/1460 0.0684932 99.9315
Class0= 1/730	0.136986	99.863
Class1= 0/730	0	100

 counting_test_errors

test_NErrors= 125/486 25.7202 74.2798
Class0= 64/243	26.3374	73.6626
Class1= 61/243	25.1029	74.8971

 counting_validation_errors...

validation_NErrors= 112/486 23.0453 76.9547
Class0= 62/243	25.5144	74.4856
Class1= 50/243	20.5761	79.4239


..............................
Epoch 251 Error= 9.4987 (2.26903) 
..............................
Epoch 252 Error= 9.40744 (2.44405) 
..............................
Epoch 253 Error= 9.22965 (2.22563) 
..............................
Epoch 254 Error= 9.26084 (2.18366) 
..............................
Epoch 255 Error= 8.75666 (1.99594) 
..............................
Epoch 256 Error= 8.93755 (1.84348) 
..............................
Epoch 257 Error= 8.42702 (1.93129) 
..............................
Epoch 258 Error= 8.71968 (1.99406) 
..............................
Epoch 259 Error= 8.58102 (2.70133) 
..............................
Epoch 260 Error= 8.3224 (1.71331) 
 counting_train_errors........

train_NErrors= 2/1460 0.136986 99.863
Class0= 1/730	0.136986	99.863
Class1= 1/730	0.136986	99.863

 counting_test_errors

test_NErrors= 124/486 25.5144 74.4856
Class0= 58/243	23.8683	76.1317
Class1= 66/243	27.1605	72.8395

 counting_validation_errors...

validation_NErrors= 117/486 24.0741 75.9259
Class0= 55/243	22.6337	77.3663
Class1= 62/243	25.5144	74.4856

..............................
Epoch 261 Error= 8.06902 (2.25201) 
..............................
Epoch 262 Error= 8.07573 (1.85236) 
..............................
Epoch 263 Error= 8.02617 (1.67101) 
..............................
Epoch 264 Error= 7.67942 (1.75018) 
..............................
Epoch 265 Error= 7.69287 (1.64831) 
..............................
Epoch 266 Error= 7.36175 (1.40898) 
..............................
Epoch 267 Error= 7.33411 (1.58068) 
..............................
Epoch 268 Error= 7.33253 (1.53908) 
..............................
Epoch 269 Error= 7.17517 (1.3552) 
..............................
Epoch 270 Error= 6.94848 (1.47912) 
 counting_train_errors........

train_NErrors= 2/1460 0.136986 99.863
Class0= 1/730	0.136986	99.863
Class1= 1/730	0.136986	99.863

 counting_test_errors

test_NErrors= 122/486 25.1029 74.8971
Class0= 59/243	24.2798	75.7202
Class1= 63/243	25.9259	74.0741

 counting_validation_errors...

validation_NErrors= 118/486 24.2798 75.7202
Class0= 56/243	23.0453	76.9547
Class1= 62/243	25.5144	74.4856

..............................
Epoch 271 Error= 7.06888 (1.87257) 
..............................
Epoch 272 Error= 7.23589 (1.61188) 
..............................
Epoch 273 Error= 6.97058 (1.73835) 
..............................
Epoch 274 Error= 7.09614 (3.22382) 
..............................
Epoch 275 Error= 6.63868 (1.33373) 
..............................
Epoch 276 Error= 6.55109 (1.34595) 
..............................
Epoch 277 Error= 6.57111 (1.6493) 
..............................
Epoch 278 Error= 6.33507 (1.48606) 
..............................
Epoch 279 Error= 6.37498 (1.39788) 
..............................
Epoch 280 Error= 6.05238 (1.30843) 
 counting_train_errors........

train_NErrors= 1/1460 0.0684932 99.9315
Class0= 1/730	0.136986	99.863
Class1= 0/730	0	100

 counting_test_errors

test_NErrors= 122/486 25.1029 74.8971
Class0= 59/243	24.2798	75.7202
Class1= 63/243	25.9259	74.0741

 counting_validation_errors...

validation_NErrors= 115/486 23.6626 76.3374
Class0= 56/243	23.0453	76.9547
Class1= 59/243	24.2798	75.7202

..............................
Epoch 281 Error= 6.28901 (2.02688) 
..............................
Epoch 282 Error= 6.30813 (2.45392) 
..............................
Epoch 283 Error= 6.01588 (1.66255) 
..............................
Epoch 284 Error= 5.63706 (1.15207) 
..............................
Epoch 285 Error= 5.59458 (1.05435) 
..............................
Epoch 286 Error= 5.7227 (1.59984) 
..............................
Epoch 287 Error= 5.52562 (1.42013) 
..............................
Epoch 288 Error= 5.35709 (1.27582) 
..............................
Epoch 289 Error= 5.57294 (2.31353) 
..............................
Epoch 290 Error= 5.27109 (1.25502) 
 counting_train_errors........

train_NErrors= 1/1460 0.0684932 99.9315
Class0= 1/730	0.136986	99.863
Class1= 0/730	0	100

 counting_test_errors

test_NErrors= 121/486 24.8971 75.1029
Class0= 58/243	23.8683	76.1317
Class1= 63/243	25.9259	74.0741

 counting_validation_errors...

validation_NErrors= 115/486 23.6626 76.3374
Class0= 56/243	23.0453	76.9547
Class1= 59/243	24.2798	75.7202

..............................
Epoch 291 Error= 5.14396 (1.27818) 
..............................
Epoch 292 Error= 4.96265 (1.03156) 
..............................
Epoch 293 Error= 4.98248 (1.12912) 
..............................
Epoch 294 Error= 4.90008 (1.35477) 
..............................
Epoch 295 Error= 4.89874 (1.50171) 
..............................
Epoch 296 Error= 4.74484 (1.16321) 
..............................
Epoch 297 Error= 4.66052 (1.43471) 
..............................
Epoch 298 Error= 4.52515 (1.15297) 
..............................
Epoch 299 Error= 4.30625 (0.92731) 
..............................
Epoch 300 Error= 4.35868 (0.924039) 
 counting_train_errors........

train_NErrors= 1/1460 0.0684932 99.9315
Class0= 1/730	0.136986	99.863
Class1= 0/730	0	100

 counting_test_errors

test_NErrors= 120/486 24.6914 75.3086
Class0= 59/243	24.2798	75.7202
Class1= 61/243	25.1029	74.8971

 counting_validation_errors...

validation_NErrors= 116/486 23.8683 76.1317
Class0= 55/243	22.6337	77.3663
Class1= 61/243	25.1029	74.8971

..............................
Epoch 301 Error= 4.20418 (0.858031) 
..............................
Epoch 302 Error= 4.27201 (1.19424) 
..............................
Epoch 303 Error= 4.10373 (0.892753) 
..............................
Epoch 304 Error= 4.0875 (1.08313) 
..............................
Epoch 305 Error= 3.99146 (1.14014) 
..............................
Epoch 306 Error= 3.96106 (0.943068) 
..............................
Epoch 307 Error= 3.88481 (0.884738) 
..............................
Epoch 308 Error= 3.74077 (0.87954) 
..............................
Epoch 309 Error= 3.73674 (0.856) 
..............................
Epoch 310 Error= 3.6401 (0.797162) 
 counting_train_errors........

train_NErrors= 0/1460 0 100
Class0= 0/730	0	100
Class1= 0/730	0	100

 counting_test_errors

test_NErrors= 120/486 24.6914 75.3086
Class0= 57/243	23.4568	76.5432
Class1= 63/243	25.9259	74.0741

 counting_validation_errors...

validation_NErrors= 115/486 23.6626 76.3374
Class0= 53/243	21.8107	78.1893
Class1= 62/243	25.5144	74.4856

..............................
Epoch 311 Error= 3.58082 (0.793093) 
..............................
Epoch 312 Error= 3.50452 (0.862661) 
..............................
Epoch 313 Error= 3.40661 (0.66298) 
..............................
Epoch 314 Error= 3.39487 (0.789507) 
..............................
Epoch 315 Error= 3.43289 (0.787769) 
..............................
Epoch 316 Error= 3.34803 (0.951401) 
..............................
Epoch 317 Error= 3.32498 (0.84328) 
..............................
Epoch 318 Error= 3.21794 (0.676158) 
..............................
Epoch 319 Error= 3.19471 (0.709834) 
..............................
Epoch 320 Error= 3.17772 (0.638293) 
 counting_train_errors........

train_NErrors= 0/1460 0 100
Class0= 0/730	0	100
Class1= 0/730	0	100

 counting_test_errors

test_NErrors= 122/486 25.1029 74.8971
Class0= 61/243	25.1029	74.8971
Class1= 61/243	25.1029	74.8971

 counting_validation_errors...

validation_NErrors= 115/486 23.6626 76.3374
Class0= 56/243	23.0453	76.9547
Class1= 59/243	24.2798	75.7202

..............................
Epoch 321 Error= 3.15027 (0.721573) 
..............................
Epoch 322 Error= 3.2191 (0.750436) 
..............................
Epoch 323 Error= 2.96275 (0.511458) 
..............................
Epoch 324 Error= 2.99051 (0.547385) 
..............................
Epoch 325 Error= 2.99932 (0.539443) 
..............................
Epoch 326 Error= 2.88628 (0.594272) 
..............................
Epoch 327 Error= 2.85124 (0.552481) 
..............................
Epoch 328 Error= 2.7899 (0.483368) 
..............................
Epoch 329 Error= 2.83215 (0.639392) 
..............................
Epoch 330 Error= 2.82494 (0.552192) 
 counting_train_errors........

train_NErrors= 0/1460 0 100
Class0= 0/730	0	100
Class1= 0/730	0	100

 counting_test_errors

test_NErrors= 121/486 24.8971 75.1029
Class0= 61/243	25.1029	74.8971
Class1= 60/243	24.6914	75.3086

 counting_validation_errors...

validation_NErrors= 114/486 23.4568 76.5432
Class0= 56/243	23.0453	76.9547
Class1= 58/243	23.8683	76.1317


..............................
Epoch 331 Error= 2.69768 (0.475407) 
..............................
Epoch 332 Error= 2.70584 (0.498586) 
..............................
Epoch 333 Error= 2.71318 (0.674219) 
..............................
Epoch 334 Error= 2.5626 (0.421163) 
..............................
Epoch 335 Error= 2.62078 (0.52125) 
..............................
Epoch 336 Error= 2.60055 (0.453017) 
..............................
Epoch 337 Error= 2.54262 (0.46076) 
..............................
Epoch 338 Error= 2.59685 (0.581764) 
..............................
Epoch 339 Error= 2.55431 (0.578385) 
..............................
Epoch 340 Error= 2.46904 (0.403902) 
 counting_train_errors........

train_NErrors= 0/1460 0 100
Class0= 0/730	0	100
Class1= 0/730	0	100

 counting_test_errors

test_NErrors= 121/486 24.8971 75.1029
Class0= 61/243	25.1029	74.8971
Class1= 60/243	24.6914	75.3086

 counting_validation_errors...

validation_NErrors= 116/486 23.8683 76.1317
Class0= 58/243	23.8683	76.1317
Class1= 58/243	23.8683	76.1317

..............................
Epoch 341 Error= 2.42753 (0.411188) 
..............................
Epoch 342 Error= 2.40351 (0.383517) 
..............................
Epoch 343 Error= 2.3869 (0.352185) 
..............................
Epoch 344 Error= 2.32049 (0.317275) 
..............................
Epoch 345 Error= 2.2901 (0.327018) 
..............................
Epoch 346 Error= 2.28961 (0.303739) 
..............................
Epoch 347 Error= 2.28079 (0.372791) 
..............................
Epoch 348 Error= 2.27032 (0.376437) 
..............................
Epoch 349 Error= 2.19887 (0.305904) 
..............................
Epoch 350 Error= 2.21566 (0.373145) 
 counting_train_errors........

train_NErrors= 0/1460 0 100
Class0= 0/730	0	100
Class1= 0/730	0	100

 counting_test_errors

test_NErrors= 123/486 25.3086 74.6914
Class0= 62/243	25.5144	74.4856
Class1= 61/243	25.1029	74.8971

 counting_validation_errors...

validation_NErrors= 112/486 23.0453 76.9547
Class0= 55/243	22.6337	77.3663
Class1= 57/243	23.4568	76.5432


..............................
Epoch 351 Error= 2.16568 (0.335054) 
..............................
Epoch 352 Error= 2.18617 (0.324712) 
..............................
Epoch 353 Error= 2.19945 (0.374424) 
..............................
Epoch 354 Error= 2.16633 (0.412002) 
..............................
Epoch 355 Error= 2.08779 (0.28614) 
..............................
Epoch 356 Error= 2.08664 (0.315472) 
..............................
Epoch 357 Error= 2.11381 (0.403645) 
..............................
Epoch 358 Error= 2.06322 (0.317949) 
..............................
Epoch 359 Error= 2.02659 (0.264772) 
..............................
Epoch 360 Error= 1.97271 (0.256821) 
 counting_train_errors........

train_NErrors= 0/1460 0 100
Class0= 0/730	0	100
Class1= 0/730	0	100

 counting_test_errors

test_NErrors= 122/486 25.1029 74.8971
Class0= 63/243	25.9259	74.0741
Class1= 59/243	24.2798	75.7202

 counting_validation_errors...

validation_NErrors= 114/486 23.4568 76.5432
Class0= 57/243	23.4568	76.5432
Class1= 57/243	23.4568	76.5432

..............................
Epoch 361 Error= 2.05986 (0.349715) 
..............................
Epoch 362 Error= 1.99179 (0.303893) 
..............................
Epoch 363 Error= 1.96409 (0.258764) 
..............................
Epoch 364 Error= 1.91176 (0.234347) 
..............................
Epoch 365 Error= 1.9328 (0.271225) 
..............................
Epoch 366 Error= 1.89055 (0.268912) 
..............................
Epoch 367 Error= 1.85708 (0.211034) 
..............................
Epoch 368 Error= 1.85735 (0.24151) 
..............................
Epoch 369 Error= 1.84184 (0.208172) 
..............................
Epoch 370 Error= 1.85099 (0.226485) 
 counting_train_errors........

train_NErrors= 0/1460 0 100
Class0= 0/730	0	100
Class1= 0/730	0	100

 counting_test_errors

test_NErrors= 123/486 25.3086 74.6914
Class0= 59/243	24.2798	75.7202
Class1= 64/243	26.3374	73.6626

 counting_validation_errors...

validation_NErrors= 113/486 23.251 76.749
Class0= 53/243	21.8107	78.1893
Class1= 60/243	24.6914	75.3086


..............................
Epoch 371 Error= 1.81274 (0.240191) 
..............................
Epoch 372 Error= 1.7994 (0.224205) 
..............................
Epoch 373 Error= 1.771 (0.208716) 
..............................
Epoch 374 Error= 1.764 (0.226501) 
..............................
Epoch 375 Error= 1.75213 (0.203226) 
..............................
Epoch 376 Error= 1.77061 (0.248921) 
..............................
Epoch 377 Error= 1.69223 (0.188471) 
..............................
Epoch 378 Error= 1.72132 (0.209182) 
..............................
Epoch 379 Error= 1.70126 (0.22283) 
..............................
Epoch 380 Error= 1.70157 (0.26769) 
 counting_train_errors........

train_NErrors= 0/1460 0 100
Class0= 0/730	0	100
Class1= 0/730	0	100

 counting_test_errors

test_NErrors= 126/486 25.9259 74.0741
Class0= 59/243	24.2798	75.7202
Class1= 67/243	27.572	72.428

 counting_validation_errors...

validation_NErrors= 119/486 24.4856 75.5144
Class0= 53/243	21.8107	78.1893
Class1= 66/243	27.1605	72.8395

..............................
Epoch 381 Error= 1.82089 (0.419476) 
..............................
Epoch 382 Error= 1.66085 (0.223072) 
..............................
Epoch 383 Error= 1.63946 (0.182962) 
..............................
Epoch 384 Error= 1.62969 (0.221557) 
..............................
Epoch 385 Error= 1.59125 (0.159343) 
..............................
Epoch 386 Error= 1.62048 (0.183048) 
..............................
Epoch 387 Error= 1.61771 (0.224771) 
..............................
Epoch 388 Error= 1.58189 (0.230961) 
..............................
Epoch 389 Error= 1.60031 (0.229531) 
..............................
Epoch 390 Error= 1.55919 (0.174281) 
 counting_train_errors........

train_NErrors= 0/1460 0 100
Class0= 0/730	0	100
Class1= 0/730	0	100

 counting_test_errors

test_NErrors= 124/486 25.5144 74.4856
Class0= 64/243	26.3374	73.6626
Class1= 60/243	24.6914	75.3086

 counting_validation_errors...

validation_NErrors= 114/486 23.4568 76.5432
Class0= 58/243	23.8683	76.1317
Class1= 56/243	23.0453	76.9547

..............................
Epoch 391 Error= 1.55594 (0.180141) 
..............................
Epoch 392 Error= 1.55536 (0.187455) 
..............................
Epoch 393 Error= 1.52085 (0.154177) 
..............................
Epoch 394 Error= 1.56827 (0.217083) 
..............................
Epoch 395 Error= 1.48995 (0.15461) 
..............................
Epoch 396 Error= 1.50777 (0.159882) 
..............................
Epoch 397 Error= 1.48929 (0.145485) 
..............................
Epoch 398 Error= 1.476 (0.158387) 
..............................
Epoch 399 Error= 1.46246 (0.150041) 
..............................
Epoch 400 Error= 1.46022 (0.197046) 
 counting_train_errors........

train_NErrors= 0/1460 0 100
Class0= 0/730	0	100
Class1= 0/730	0	100

 counting_test_errors

test_NErrors= 127/486 26.1317 73.8683
Class0= 63/243	25.9259	74.0741
Class1= 64/243	26.3374	73.6626

 counting_validation_errors...

validation_NErrors= 114/486 23.4568 76.5432
Class0= 54/243	22.2222	77.7778
Class1= 60/243	24.6914	75.3086

..............................
Epoch 401 Error= 1.44562 (0.132912) 
..............................
Epoch 402 Error= 1.41216 (0.134615) 
..............................
Epoch 403 Error= 1.40824 (0.136786) 
..............................
Epoch 404 Error= 1.41146 (0.152169) 
..............................
Epoch 405 Error= 1.39534 (0.145202) 
..............................
Epoch 406 Error= 1.3934 (0.148032) 
..............................
Epoch 407 Error= 1.39251 (0.162673) 
..............................
Epoch 408 Error= 1.36815 (0.126171) 
..............................
Epoch 409 Error= 1.40058 (0.189155) 
..............................
Epoch 410 Error= 1.36902 (0.14461) 
 counting_train_errors........

train_NErrors= 0/1460 0 100
Class0= 0/730	0	100
Class1= 0/730	0	100

 counting_test_errors

test_NErrors= 127/486 26.1317 73.8683
Class0= 63/243	25.9259	74.0741
Class1= 64/243	26.3374	73.6626

 counting_validation_errors...

validation_NErrors= 115/486 23.6626 76.3374
Class0= 55/243	22.6337	77.3663
Class1= 60/243	24.6914	75.3086

..............................
Epoch 411 Error= 1.35363 (0.144482) 
..............................
Epoch 412 Error= 1.33024 (0.118839) 
..............................
Epoch 413 Error= 1.31408 (0.115373) 
..............................
Epoch 414 Error= 1.32302 (0.158866) 
..............................
Epoch 415 Error= 1.30615 (0.1081) 
..............................
Epoch 416 Error= 1.2989 (0.123435) 
..............................
Epoch 417 Error= 1.28277 (0.109188) 
..............................
Epoch 418 Error= 1.28884 (0.129206) 
..............................
Epoch 419 Error= 1.29672 (0.14471) 
..............................
Epoch 420 Error= 1.26925 (0.118898) 
 counting_train_errors........

train_NErrors= 0/1460 0 100
Class0= 0/730	0	100
Class1= 0/730	0	100

 counting_test_errors

test_NErrors= 129/486 26.5432 73.4568
Class0= 63/243	25.9259	74.0741
Class1= 66/243	27.1605	72.8395

 counting_validation_errors...

validation_NErrors= 114/486 23.4568 76.5432
Class0= 53/243	21.8107	78.1893
Class1= 61/243	25.1029	74.8971

..............................
Epoch 421 Error= 1.27591 (0.115856) 
..............................
Epoch 422 Error= 1.23765 (0.10979) 
..............................
Epoch 423 Error= 1.23926 (0.10893) 
..............................
Epoch 424 Error= 1.23464 (0.111526) 
..............................
Epoch 425 Error= 1.24624 (0.160277) 
..............................
Epoch 426 Error= 1.21689 (0.130874) 
..............................
Epoch 427 Error= 1.22261 (0.12546) 
..............................
Epoch 428 Error= 1.2119 (0.124552) 
..............................
Epoch 429 Error= 1.2074 (0.109832) 
..............................
Epoch 430 Error= 1.20853 (0.117844) 
 counting_train_errors........

train_NErrors= 0/1460 0 100
Class0= 0/730	0	100
Class1= 0/730	0	100

 counting_test_errors

test_NErrors= 126/486 25.9259 74.0741
Class0= 63/243	25.9259	74.0741
Class1= 63/243	25.9259	74.0741

 counting_validation_errors...

validation_NErrors= 115/486 23.6626 76.3374
Class0= 57/243	23.4568	76.5432
Class1= 58/243	23.8683	76.1317

..............................
Epoch 431 Error= 1.20195 (0.120193) 
..............................
Epoch 432 Error= 1.19004 (0.128617) 
..............................
Epoch 433 Error= 1.1644 (0.0931339) 
..............................
Epoch 434 Error= 1.17724 (0.107568) 
..............................
Epoch 435 Error= 1.16789 (0.116659) 
..............................
Epoch 436 Error= 1.14878 (0.0873963) 
..............................
Epoch 437 Error= 1.15943 (0.125065) 
..............................
Epoch 438 Error= 1.12927 (0.0881497) 
..............................
Epoch 439 Error= 1.12123 (0.0953681) 
..............................
Epoch 440 Error= 1.11098 (0.0823201) 
 counting_train_errors........

train_NErrors= 0/1460 0 100
Class0= 0/730	0	100
Class1= 0/730	0	100

 counting_test_errors

test_NErrors= 129/486 26.5432 73.4568
Class0= 63/243	25.9259	74.0741
Class1= 66/243	27.1605	72.8395

 counting_validation_errors...

validation_NErrors= 116/486 23.8683 76.1317
Class0= 56/243	23.0453	76.9547
Class1= 60/243	24.6914	75.3086

..............................
Epoch 441 Error= 1.11552 (0.0899846) 
..............................
Epoch 442 Error= 1.13606 (0.127129) 
..............................
Epoch 443 Error= 1.10643 (0.0952161) 
..............................
Epoch 444 Error= 1.09699 (0.0957595) 
..............................
Epoch 445 Error= 1.098 (0.0932879) 
..............................
Epoch 446 Error= 1.10154 (0.11126) 
..............................
Epoch 447 Error= 1.08335 (0.0986265) 
..............................
Epoch 448 Error= 1.06782 (0.0774792) 
..............................
Epoch 449 Error= 1.06681 (0.0839484) 
..............................
Epoch 450 Error= 1.0749 (0.0922062) 
 counting_train_errors........

train_NErrors= 0/1460 0 100
Class0= 0/730	0	100
Class1= 0/730	0	100

 counting_test_errors

test_NErrors= 126/486 25.9259 74.0741
Class0= 63/243	25.9259	74.0741
Class1= 63/243	25.9259	74.0741

 counting_validation_errors...

validation_NErrors= 115/486 23.6626 76.3374
Class0= 57/243	23.4568	76.5432
Class1= 58/243	23.8683	76.1317

..............................
Epoch 451 Error= 1.06942 (0.101673) 
..............................
Epoch 452 Error= 1.05603 (0.0957356) 
..............................
Epoch 453 Error= 1.04004 (0.0860025) 
..............................
Epoch 454 Error= 1.03851 (0.0749506) 
..............................
Epoch 455 Error= 1.04188 (0.0904688) 
..............................
Epoch 456 Error= 1.04779 (0.107772) 
..............................
Epoch 457 Error= 1.02647 (0.0929304) 
..............................
Epoch 458 Error= 1.02788 (0.0869902) 
..............................
Epoch 459 Error= 1.01792 (0.0795846) 
..............................
Epoch 460 Error= 1.02053 (0.0866082) 
 counting_train_errors........

train_NErrors= 0/1460 0 100
Class0= 0/730	0	100
Class1= 0/730	0	100

 counting_test_errors

test_NErrors= 127/486 26.1317 73.8683
Class0= 63/243	25.9259	74.0741
Class1= 64/243	26.3374	73.6626

 counting_validation_errors...

validation_NErrors= 115/486 23.6626 76.3374
Class0= 57/243	23.4568	76.5432
Class1= 58/243	23.8683	76.1317

..............................
Epoch 461 Error= 0.987406 (0.0675437) 
..............................
Epoch 462 Error= 1.00975 (0.0886594) 
..............................
Epoch 463 Error= 1.00788 (0.110908) 
..............................
Epoch 464 Error= 1.00554 (0.0778035) 
..............................
Epoch 465 Error= 0.985901 (0.0897643) 
..............................
Epoch 466 Error= 0.998578 (0.0979035) 
..............................
Epoch 467 Error= 1.00088 (0.0858794) 
..............................
Epoch 468 Error= 0.976427 (0.0701749) 
..............................
Epoch 469 Error= 0.971984 (0.0749396) 
..............................
Epoch 470 Error= 0.956658 (0.0672779) 
 counting_train_errors........

train_NErrors= 0/1460 0 100
Class0= 0/730	0	100
Class1= 0/730	0	100

 counting_test_errors

test_NErrors= 131/486 26.9547 73.0453
Class0= 63/243	25.9259	74.0741
Class1= 68/243	27.9835	72.0165

 counting_validation_errors...

validation_NErrors= 117/486 24.0741 75.9259
Class0= 54/243	22.2222	77.7778
Class1= 63/243	25.9259	74.0741

..............................
Epoch 471 Error= 0.970989 (0.0930077) 
..............................
Epoch 472 Error= 0.953859 (0.0712054) 
..............................
Epoch 473 Error= 0.947265 (0.0731544) 
..............................
Epoch 474 Error= 0.945877 (0.0756674) 
..............................
Epoch 475 Error= 0.925676 (0.0615231) 
..............................
Epoch 476 Error= 0.954472 (0.0891427) 
..............................
Epoch 477 Error= 0.934602 (0.0693185) 
..............................
Epoch 478 Error= 0.913924 (0.0582384) 
..............................
Epoch 479 Error= 0.924933 (0.072389) 
..............................
Epoch 480 Error= 0.910937 (0.0692635) 
 counting_train_errors........

train_NErrors= 0/1460 0 100
Class0= 0/730	0	100
Class1= 0/730	0	100

 counting_test_errors

test_NErrors= 128/486 26.3374 73.6626
Class0= 63/243	25.9259	74.0741
Class1= 65/243	26.749	73.251

 counting_validation_errors...

validation_NErrors= 114/486 23.4568 76.5432
Class0= 56/243	23.0453	76.9547
Class1= 58/243	23.8683	76.1317

..............................
Epoch 481 Error= 0.897107 (0.0558336) 
..............................
Epoch 482 Error= 0.91412 (0.0724576) 
..............................
Epoch 483 Error= 0.905182 (0.068937) 
..............................
Epoch 484 Error= 0.909383 (0.0671791) 
..............................
Epoch 485 Error= 0.897214 (0.0754086) 
..............................
Epoch 486 Error= 0.875652 (0.0516909) 
..............................
Epoch 487 Error= 0.881859 (0.062781) 
..............................
Epoch 488 Error= 0.881269 (0.0730139) 
..............................
Epoch 489 Error= 0.868555 (0.0567777) 
..............................
Epoch 490 Error= 0.866096 (0.0569747) 
 counting_train_errors........

train_NErrors= 0/1460 0 100
Class0= 0/730	0	100
Class1= 0/730	0	100

 counting_test_errors

test_NErrors= 128/486 26.3374 73.6626
Class0= 63/243	25.9259	74.0741
Class1= 65/243	26.749	73.251

 counting_validation_errors...

validation_NErrors= 114/486 23.4568 76.5432
Class0= 56/243	23.0453	76.9547
Class1= 58/243	23.8683	76.1317

..............................
Epoch 491 Error= 0.866635 (0.0611494) 
..............................
Epoch 492 Error= 0.862251 (0.0586117) 
..............................
Epoch 493 Error= 0.856201 (0.0541224) 
..............................
Epoch 494 Error= 0.847726 (0.0484209) 
..............................
Epoch 495 Error= 0.84723 (0.0527318) 
..............................
Epoch 496 Error= 0.851589 (0.060928) 
..............................
Epoch 497 Error= 0.839819 (0.0558755) 
..............................
Epoch 498 Error= 0.842943 (0.055483) 
..............................
Epoch 499 Error= 0.843345 (0.0628328) 
..............................
Epoch 500 Error= 0.825232 (0.053069) 
 counting_train_errors........

train_NErrors= 0/1460 0 100
Class0= 0/730	0	100
Class1= 0/730	0	100

 counting_test_errors

test_NErrors= 130/486 26.749 73.251
Class0= 63/243	25.9259	74.0741
Class1= 67/243	27.572	72.428

 counting_validation_errors...

validation_NErrors= 115/486 23.6626 76.3374
Class0= 56/243	23.0453	76.9547
Class1= 59/243	24.2798	75.7202

