epsilon 0.2
NF 5
NHY 5
NHF 5
context 10
Moore 1
CoF 0
Classes 2
Thresholds 1.5 
seed 949
shuffle 1
batch_blocks 150
readModel 0
readEpoch 0
nEpochs 500
adaptive 1000
reload 1
belief 0
threshold 0
alidir ./
Creating model
Generating random parameters
Reading train dataset
Reading test dataset
Reading validation dataset
Actual lrate= 0.000371229
Start learning
..............................
Epoch 1 Error= 1013.12 (0.00218435) 
..............................
Epoch 2 Error= 1012.57 (0.00224892) 
..............................
Epoch 3 Error= 1011.93 (0.00234156) 
..............................
Epoch 4 Error= 1012.87 (0.0024574) 
..............................
Epoch 5 Error= 1011.95 (0.00256564) 
..............................
Epoch 6 Error= 1012 (0.0027326) 
..............................
Epoch 7 Error= 1011.97 (0.00310505) 
..............................
Epoch 8 Error= 1011.57 (0.00367059) 
..............................
Epoch 9 Error= 1012.18 (0.00394621) 
..............................
Epoch 10 Error= 1011.48 (0.00460974) 
 counting_train_errors........

train_NErrors= 730/1459 50.0343 49.9657
Class0= 730/730	100	0
Class1= 0/729	0	100

 counting_test_errors

test_NErrors= 243/486 50 50
Class0= 243/243	100	0
Class1= 0/243	0	100

 counting_validation_errors...

validation_NErrors= 243/487 49.8973 50.1027
Class0= 243/243	100	0
Class1= 0/244	0	100


..............................
Epoch 11 Error= 1011.97 (0.00558683) 
..............................
Epoch 12 Error= 1011.46 (0.00619902) 
..............................
Epoch 13 Error= 1011.28 (0.00742541) 
..............................
Epoch 14 Error= 1012.13 (0.00866136) 
..............................
Epoch 15 Error= 1011.35 (0.0100886) 
..............................
Epoch 16 Error= 1011.07 (0.0117985) 
..............................
Epoch 17 Error= 1011.14 (0.0134027) 
..............................
Epoch 18 Error= 1010.74 (0.0168433) 
..............................
Epoch 19 Error= 1009.36 (0.0188737) 
..............................
Epoch 20 Error= 1009.88 (0.0227745) 
 counting_train_errors........

train_NErrors= 710/1459 48.6635 51.3365
Class0= 697/730	95.4795	4.52055
Class1= 13/729	1.78326	98.2167

 counting_test_errors

test_NErrors= 236/486 48.5597 51.4403
Class0= 233/243	95.8848	4.11523
Class1= 3/243	1.23457	98.7654

 counting_validation_errors...

validation_NErrors= 241/487 49.4867 50.5133
Class0= 236/243	97.1193	2.88066
Class1= 5/244	2.04918	97.9508


..............................
Epoch 21 Error= 1009.27 (0.0274364) 
..............................
Epoch 22 Error= 1008.43 (0.0314962) 
..............................
Epoch 23 Error= 1006.98 (0.0377718) 
..............................
Epoch 24 Error= 1006.86 (0.0447592) 
..............................
Epoch 25 Error= 1006.14 (0.0558644) 
..............................
Epoch 26 Error= 1004.71 (0.0662816) 
..............................
Epoch 27 Error= 1003.59 (0.079508) 
..............................
Epoch 28 Error= 1002.01 (0.0963355) 
..............................
Epoch 29 Error= 999.217 (0.117947) 
..............................
Epoch 30 Error= 997.415 (0.14501) 
 counting_train_errors........

train_NErrors= 491/1459 33.6532 66.3468
Class0= 65/730	8.90411	91.0959
Class1= 426/729	58.4362	41.5638

 counting_test_errors

test_NErrors= 162/486 33.3333 66.6667
Class0= 23/243	9.46502	90.535
Class1= 139/243	57.2016	42.7984

 counting_validation_errors...

validation_NErrors= 172/487 35.3183 64.6817
Class0= 32/243	13.1687	86.8313
Class1= 140/244	57.377	42.623


..............................
Epoch 31 Error= 993.484 (0.18345) 
..............................
Epoch 32 Error= 992.251 (0.23629) 
..............................
Epoch 33 Error= 987.296 (0.315965) 
..............................
Epoch 34 Error= 982.897 (0.437112) 
..............................
Epoch 35 Error= 977.441 (0.634138) 
..............................
Epoch 36 Error= 973.341 (0.92116) 
..............................
Epoch 37 Error= 967.319 (1.48828) 
..............................
Epoch 38 Error= 960.526 (2.33708) 
..............................
Epoch 39 Error= 953.931 (3.87334) 
..............................
Epoch 40 Error= 945.788 (7.82148) 
 counting_train_errors........

train_NErrors= 435/1459 29.8149 70.1851
Class0= 103/730	14.1096	85.8904
Class1= 332/729	45.5418	54.4582

 counting_test_errors

test_NErrors= 138/486 28.3951 71.6049
Class0= 36/243	14.8148	85.1852
Class1= 102/243	41.9753	58.0247

 counting_validation_errors...

validation_NErrors= 151/487 31.0062 68.9938
Class0= 46/243	18.93	81.07
Class1= 105/244	43.0328	56.9672


..............................
Epoch 41 Error= 927.684 (15.5539) 
..............................
Epoch 42 Error= 895.307 (35.9633) 
..............................
Epoch 43 Error= 858.022 (71.5055) 
..............................
Epoch 44 Error= 820.444 (92.1619) 
..............................
Epoch 45 Error= 816.07 (102.908) 
..............................
Epoch 46 Error= 821.411 (87.4176) 
..............................
Epoch 47 Error= 818.126 (79.0809) 
..............................
Epoch 48 Error= 794.723 (80.0795) 
..............................
Epoch 49 Error= 795.08 (74.0321) 
..............................
Epoch 50 Error= 792.583 (78.1272) 
 counting_train_errors........

train_NErrors= 426/1459 29.1981 70.8019
Class0= 314/730	43.0137	56.9863
Class1= 112/729	15.3635	84.6365

 counting_test_errors

test_NErrors= 137/486 28.1893 71.8107
Class0= 97/243	39.9177	60.0823
Class1= 40/243	16.4609	83.5391

 counting_validation_errors...

validation_NErrors= 152/487 31.2115 68.7885
Class0= 116/243	47.7366	52.2634
Class1= 36/244	14.7541	85.2459


..............................
Epoch 51 Error= 788.202 (69.8997) 
..............................
Epoch 52 Error= 774.321 (69.5352) 
..............................
Epoch 53 Error= 765.207 (74.6265) 
..............................
Epoch 54 Error= 759.058 (76.2153) 
..............................
Epoch 55 Error= 767.154 (76.4091) 
..............................
Epoch 56 Error= 761.933 (71.9431) 
..............................
Epoch 57 Error= 751.173 (71.2652) 
..............................
Epoch 58 Error= 748.038 (75.1604) 
..............................
Epoch 59 Error= 752.13 (68.4121) 
..............................
Epoch 60 Error= 737.599 (74.9534) 
 counting_train_errors........

train_NErrors= 360/1459 24.6744 75.3256
Class0= 190/730	26.0274	73.9726
Class1= 170/729	23.3196	76.6804

 counting_test_errors

test_NErrors= 121/486 24.8971 75.1029
Class0= 63/243	25.9259	74.0741
Class1= 58/243	23.8683	76.1317

 counting_validation_errors...

validation_NErrors= 131/487 26.8994 73.1006
Class0= 75/243	30.8642	69.1358
Class1= 56/244	22.9508	77.0492


..............................
Epoch 61 Error= 731.8 (73.5761) 
..............................
Epoch 62 Error= 737.796 (74.2117) 
..............................
Epoch 63 Error= 726.961 (71.3535) 
..............................
Epoch 64 Error= 727.829 (74.2873) 
..............................
Epoch 65 Error= 720.592 (75.7829) 
..............................
Epoch 66 Error= 725.45 (72.1333) 
..............................
Epoch 67 Error= 718.099 (63.1385) 
..............................
Epoch 68 Error= 708.12 (63.7264) 
..............................
Epoch 69 Error= 715.119 (66.5092) 
..............................
Epoch 70 Error= 712.557 (60.0451) 
 counting_train_errors........

train_NErrors= 332/1459 22.7553 77.2447
Class0= 165/730	22.6027	77.3973
Class1= 167/729	22.9081	77.0919

 counting_test_errors

test_NErrors= 110/486 22.6337 77.3663
Class0= 55/243	22.6337	77.3663
Class1= 55/243	22.6337	77.3663

 counting_validation_errors...

validation_NErrors= 128/487 26.2834 73.7166
Class0= 72/243	29.6296	70.3704
Class1= 56/244	22.9508	77.0492


..............................
Epoch 71 Error= 697.111 (63.0577) 
..............................
Epoch 72 Error= 702.543 (70.5345) 
..............................
Epoch 73 Error= 697.563 (65.3823) 
..............................
Epoch 74 Error= 677.954 (61.4996) 
..............................
Epoch 75 Error= 677.664 (61.1123) 
..............................
Epoch 76 Error= 669.407 (65.07) 
..............................
Epoch 77 Error= 654.485 (68.2032) 
..............................
Epoch 78 Error= 648.412 (65.1997) 
..............................
Epoch 79 Error= 658.933 (66.1943) 
..............................
Epoch 80 Error= 650.629 (63.1857) 
 counting_train_errors........

train_NErrors= 287/1459 19.671 80.329
Class0= 168/730	23.0137	76.9863
Class1= 119/729	16.3237	83.6763

 counting_test_errors

test_NErrors= 111/486 22.8395 77.1605
Class0= 65/243	26.749	73.251
Class1= 46/243	18.93	81.07

 counting_validation_errors...

validation_NErrors= 118/487 24.23 75.77
Class0= 75/243	30.8642	69.1358
Class1= 43/244	17.623	82.377


..............................
Epoch 81 Error= 657.456 (59.974) 
..............................
Epoch 82 Error= 639.561 (60.6209) 
..............................
Epoch 83 Error= 609.856 (57.1575) 
..............................
Epoch 84 Error= 600.314 (65.188) 
..............................
Epoch 85 Error= 592.1 (67.6142) 
..............................
Epoch 86 Error= 576.367 (72.5471) 
..............................
Epoch 87 Error= 573.832 (78.198) 
..............................
Epoch 88 Error= 548.901 (79.4318) 
..............................
Epoch 89 Error= 541.275 (80.9206) 
..............................
Epoch 90 Error= 542.647 (88.1584) 
 counting_train_errors........

train_NErrors= 206/1459 14.1193 85.8807
Class0= 95/730	13.0137	86.9863
Class1= 111/729	15.2263	84.7737

 counting_test_errors

test_NErrors= 99/486 20.3704 79.6296
Class0= 49/243	20.1646	79.8354
Class1= 50/243	20.5761	79.4239

 counting_validation_errors...

validation_NErrors= 105/487 21.5606 78.4394
Class0= 55/243	22.6337	77.3663
Class1= 50/244	20.4918	79.5082


..............................
Epoch 91 Error= 530.918 (97.4675) 
..............................
Epoch 92 Error= 515.487 (94.4722) 
..............................
Epoch 93 Error= 509.803 (104.621) 
..............................
Epoch 94 Error= 510.635 (116.4) 
..............................
Epoch 95 Error= 464.576 (106.032) 
..............................
Epoch 96 Error= 468.301 (122.085) 
..............................
Epoch 97 Error= 448.245 (127.272) 
..............................
Epoch 98 Error= 474.884 (155.017) 
..............................
Epoch 99 Error= 432.245 (141.308) 
..............................
Epoch 100 Error= 430.149 (157.75) 
 counting_train_errors........

train_NErrors= 129/1459 8.84167 91.1583
Class0= 83/730	11.3699	88.6301
Class1= 46/729	6.31001	93.69

 counting_test_errors

test_NErrors= 91/486 18.7243 81.2757
Class0= 56/243	23.0453	76.9547
Class1= 35/243	14.4033	85.5967

 counting_validation_errors...

validation_NErrors= 113/487 23.2033 76.7967
Class0= 70/243	28.8066	71.1934
Class1= 43/244	17.623	82.377


..............................
Epoch 101 Error= 403.519 (151.667) 
..............................
Epoch 102 Error= 397.499 (164.653) 
..............................
Epoch 103 Error= 384.037 (179.055) 
..............................
Epoch 104 Error= 375.833 (193.558) 
..............................
Epoch 105 Error= 387.76 (216.059) 
..............................
Epoch 106 Error= 365.058 (214.299) 
..............................
Epoch 107 Error= 333.489 (186.821) 
..............................
Epoch 108 Error= 326.855 (208.498) 
..............................
Epoch 109 Error= 309.107 (204.771) 
..............................
Epoch 110 Error= 317.413 (241.252) 
 counting_train_errors........

train_NErrors= 98/1459 6.71693 93.2831
Class0= 75/730	10.274	89.726
Class1= 23/729	3.15501	96.845

 counting_test_errors

test_NErrors= 98/486 20.1646 79.8354
Class0= 67/243	27.572	72.428
Class1= 31/243	12.7572	87.2428

 counting_validation_errors...

validation_NErrors= 105/487 21.5606 78.4394
Class0= 72/243	29.6296	70.3704
Class1= 33/244	13.5246	86.4754


..............................
Epoch 111 Error= 290.436 (222.764) 
..............................
Epoch 112 Error= 307.028 (277.357) 
..............................
Epoch 113 Error= 289.116 (262.486) 
..............................
Epoch 114 Error= 268.961 (235.435) 
..............................
Epoch 115 Error= 256.465 (237.374) 
..............................
Epoch 116 Error= 249.878 (256.221) 
..............................
Epoch 117 Error= 256.64 (272.561) 
..............................
Epoch 118 Error= 233.874 (230.261) 
..............................
Epoch 119 Error= 228.777 (239.265) 
..............................
Epoch 120 Error= 253.229 (325.811) 
 counting_train_errors........

train_NErrors= 94/1459 6.44277 93.5572
Class0= 23/730	3.15068	96.8493
Class1= 71/729	9.73937	90.2606

 counting_test_errors

test_NErrors= 104/486 21.3992 78.6008
Class0= 40/243	16.4609	83.5391
Class1= 64/243	26.3374	73.6626

 counting_validation_errors...

validation_NErrors= 127/487 26.078 73.922
Class0= 50/243	20.5761	79.4239
Class1= 77/244	31.5574	68.4426


..............................
Epoch 121 Error= 232.522 (275.212) 
..............................
Epoch 122 Error= 243.635 (305.991) 
..............................
Epoch 123 Error= 228.909 (285.737) 
..............................
Epoch 124 Error= 230.284 (300.69) 
..............................
Epoch 125 Error= 221.564 (283.33) 
..............................
Epoch 126 Error= 202.133 (232.55) 
..............................
Epoch 127 Error= 199.929 (248.485) 
..............................
Epoch 128 Error= 198.067 (249.727) 
..............................
Epoch 129 Error= 179.033 (200.571) 
..............................
Epoch 130 Error= 184.532 (233.086) 
 counting_train_errors........

train_NErrors= 41/1459 2.81014 97.1899
Class0= 27/730	3.69863	96.3014
Class1= 14/729	1.92044	98.0796

 counting_test_errors

test_NErrors= 109/486 22.428 77.572
Class0= 66/243	27.1605	72.8395
Class1= 43/243	17.6955	82.3045

 counting_validation_errors...

validation_NErrors= 122/487 25.0513 74.9487
Class0= 78/243	32.0988	67.9012
Class1= 44/244	18.0328	81.9672


..............................
Epoch 131 Error= 272.056 (524.198) 
..............................
Epoch 132 Error= 232.118 (392.886) 
..............................
Epoch 133 Error= 194.147 (266.076) 
..............................
Epoch 134 Error= 187.864 (282.386) 
..............................
Epoch 135 Error= 182.059 (256.859) 
..............................
Epoch 136 Error= 177.223 (242.024) 
..............................
Epoch 137 Error= 161.369 (225.902) 
..............................
Epoch 138 Error= 190.354 (315.799) 
..............................
Epoch 139 Error= 187.057 (296.877) 
..............................
Epoch 140 Error= 156.684 (215.574) 
 counting_train_errors........

train_NErrors= 30/1459 2.0562 97.9438
Class0= 16/730	2.19178	97.8082
Class1= 14/729	1.92044	98.0796

 counting_test_errors

test_NErrors= 109/486 22.428 77.572
Class0= 62/243	25.5144	74.4856
Class1= 47/243	19.3416	80.6584

 counting_validation_errors...

validation_NErrors= 125/487 25.6674 74.3326
Class0= 62/243	25.5144	74.4856
Class1= 63/244	25.8197	74.1803


..............................
Epoch 141 Error= 142.408 (171.33) 
..............................
Epoch 142 Error= 135.946 (150.999) 
..............................
Epoch 143 Error= 125.45 (116.788) 
..............................
Epoch 144 Error= 113.939 (96.9257) 
..............................
Epoch 145 Error= 118.241 (126.886) 
..............................
Epoch 146 Error= 130.272 (186.346) 
..............................
Epoch 147 Error= 117.796 (127.522) 
..............................
Epoch 148 Error= 116.043 (145.346) 
..............................
Epoch 149 Error= 112.51 (130.575) 
..............................
Epoch 150 Error= 112.589 (143.937) 
 counting_train_errors........

train_NErrors= 27/1459 1.85058 98.1494
Class0= 14/730	1.91781	98.0822
Class1= 13/729	1.78326	98.2167

 counting_test_errors

test_NErrors= 111/486 22.8395 77.1605
Class0= 65/243	26.749	73.251
Class1= 46/243	18.93	81.07

 counting_validation_errors...

validation_NErrors= 130/487 26.694 73.306
Class0= 76/243	31.2757	68.7243
Class1= 54/244	22.1311	77.8689


..............................
Epoch 151 Error= 110.774 (148.784) 
..............................
Epoch 152 Error= 118.867 (192.781) 
..............................
Epoch 153 Error= 132.651 (247.85) 
..............................
Epoch 154 Error= 172.323 (414.832) 
..............................
Epoch 155 Error= 140.145 (265.251) 
..............................
Epoch 156 Error= 113.944 (175.092) 
..............................
Epoch 157 Error= 98.6737 (115.286) 
..............................
Epoch 158 Error= 95.1267 (110.179) 
..............................
Epoch 159 Error= 91.5269 (97.7088) 
..............................
Epoch 160 Error= 91.7812 (122.711) 
 counting_train_errors........

train_NErrors= 25/1459 1.7135 98.2865
Class0= 17/730	2.32877	97.6712
Class1= 8/729	1.09739	98.9026

 counting_test_errors

test_NErrors= 114/486 23.4568 76.5432
Class0= 72/243	29.6296	70.3704
Class1= 42/243	17.284	82.716

 counting_validation_errors...

validation_NErrors= 132/487 27.1047 72.8953
Class0= 83/243	34.1564	65.8436
Class1= 49/244	20.082	79.918

..............................
Epoch 161 Error= 90.5587 (133.462) 
..............................
Epoch 162 Error= 129.968 (341.201) 
..............................
Epoch 163 Error= 96.9874 (150.11) 
..............................
Epoch 164 Error= 93.721 (152.942) 
..............................
Epoch 165 Error= 82.5993 (109.192) 
..............................
Epoch 166 Error= 73.7771 (69.3684) 
..............................
Epoch 167 Error= 72.6533 (71.9174) 
..............................
Epoch 168 Error= 80.1709 (106.845) 
..............................
Epoch 169 Error= 68.8048 (59.9497) 
..............................
Epoch 170 Error= 63.1384 (54.2336) 
 counting_train_errors........

train_NErrors= 15/1459 1.0281 98.9719
Class0= 5/730	0.684932	99.3151
Class1= 10/729	1.37174	98.6283

 counting_test_errors

test_NErrors= 113/486 23.251 76.749
Class0= 61/243	25.1029	74.8971
Class1= 52/243	21.3992	78.6008

 counting_validation_errors...

validation_NErrors= 138/487 28.3368 71.6632
Class0= 73/243	30.0412	69.9588
Class1= 65/244	26.6393	73.3607

..............................
Epoch 171 Error= 64.6756 (63.4361) 
..............................
Epoch 172 Error= 56.9183 (34.673) 
..............................
Epoch 173 Error= 55.0577 (35.0096) 
..............................
Epoch 174 Error= 54.3811 (46.1063) 
..............................
Epoch 175 Error= 61.34 (100.501) 
..............................
Epoch 176 Error= 63.7416 (89.8424) 
..............................
Epoch 177 Error= 54.5768 (50.5649) 
..............................
Epoch 178 Error= 49.8684 (37.0154) 
..............................
Epoch 179 Error= 49.0671 (44.6956) 
..............................
Epoch 180 Error= 47.4359 (39.241) 
 counting_train_errors........

train_NErrors= 9/1459 0.616861 99.3831
Class0= 5/730	0.684932	99.3151
Class1= 4/729	0.548697	99.4513

 counting_test_errors

test_NErrors= 115/486 23.6626 76.3374
Class0= 63/243	25.9259	74.0741
Class1= 52/243	21.3992	78.6008

 counting_validation_errors...

validation_NErrors= 137/487 28.1314 71.8686
Class0= 69/243	28.3951	71.6049
Class1= 68/244	27.8689	72.1311

..............................
Epoch 181 Error= 43.4841 (33.4073) 
..............................
Epoch 182 Error= 43.4523 (37.4936) 
..............................
Epoch 183 Error= 46.3654 (58.3782) 
..............................
Epoch 184 Error= 42.9804 (39.6157) 
..............................
Epoch 185 Error= 38.8424 (26.7879) 
..............................
Epoch 186 Error= 36.7386 (24.3339) 
..............................
Epoch 187 Error= 36.6172 (33.4474) 
..............................
Epoch 188 Error= 34.9277 (22.1146) 
..............................
Epoch 189 Error= 33.4514 (19.9906) 
..............................
Epoch 190 Error= 31.4979 (18.9978) 
 counting_train_errors........

train_NErrors= 4/1459 0.27416 99.7258
Class0= 2/730	0.273973	99.726
Class1= 2/729	0.274348	99.7257

 counting_test_errors

test_NErrors= 116/486 23.8683 76.1317
Class0= 62/243	25.5144	74.4856
Class1= 54/243	22.2222	77.7778

 counting_validation_errors...

validation_NErrors= 138/487 28.3368 71.6632
Class0= 74/243	30.4527	69.5473
Class1= 64/244	26.2295	73.7705

..............................
Epoch 191 Error= 34.4198 (33.055) 
..............................
Epoch 192 Error= 30.899 (21.8904) 
..............................
Epoch 193 Error= 28.2618 (14.3341) 
..............................
Epoch 194 Error= 27.1035 (13.614) 
..............................
Epoch 195 Error= 27.7574 (18.3739) 
..............................
Epoch 196 Error= 25.5283 (12.925) 
..............................
Epoch 197 Error= 24.8358 (13.4947) 
..............................
Epoch 198 Error= 24.062 (13.5652) 
..............................
Epoch 199 Error= 24.6651 (17.3096) 
..............................
Epoch 200 Error= 24.8957 (21.6618) 
 counting_train_errors........

train_NErrors= 4/1459 0.27416 99.7258
Class0= 2/730	0.273973	99.726
Class1= 2/729	0.274348	99.7257

 counting_test_errors

test_NErrors= 113/486 23.251 76.749
Class0= 62/243	25.5144	74.4856
Class1= 51/243	20.9877	79.0123

 counting_validation_errors...

validation_NErrors= 139/487 28.5421 71.4579
Class0= 77/243	31.6872	68.3128
Class1= 62/244	25.4098	74.5902

..............................
Epoch 201 Error= 22.7883 (13.6394) 
..............................
Epoch 202 Error= 21.0361 (14.7093) 
..............................
Epoch 203 Error= 20.8694 (17.6875) 
..............................
Epoch 204 Error= 19.2626 (9.61482) 
..............................
Epoch 205 Error= 17.748 (8.21697) 
..............................
Epoch 206 Error= 17.3704 (8.7076) 
..............................
Epoch 207 Error= 16.6413 (8.96274) 
..............................
Epoch 208 Error= 16.1479 (11.5309) 
..............................
Epoch 209 Error= 14.7402 (7.704) 
..............................
Epoch 210 Error= 14.4746 (9.31986) 
 counting_train_errors........

train_NErrors= 1/1459 0.0685401 99.9315
Class0= 1/730	0.136986	99.863
Class1= 0/729	0	100

 counting_test_errors

test_NErrors= 110/486 22.6337 77.3663
Class0= 58/243	23.8683	76.1317
Class1= 52/243	21.3992	78.6008

 counting_validation_errors...

validation_NErrors= 142/487 29.1581 70.8419
Class0= 77/243	31.6872	68.3128
Class1= 65/244	26.6393	73.3607

..............................
Epoch 211 Error= 13.332 (7.54163) 
..............................
Epoch 212 Error= 12.4384 (5.63819) 
..............................
Epoch 213 Error= 12.0931 (5.73068) 
..............................
Epoch 214 Error= 11.428 (5.36022) 
..............................
Epoch 215 Error= 11.0348 (5.04955) 
..............................
Epoch 216 Error= 10.4813 (4.42427) 
..............................
Epoch 217 Error= 10.2968 (4.79311) 
..............................
Epoch 218 Error= 9.85739 (4.36046) 
..............................
Epoch 219 Error= 9.64928 (4.13118) 
..............................
Epoch 220 Error= 9.02999 (3.51697) 
 counting_train_errors........

train_NErrors= 1/1459 0.0685401 99.9315
Class0= 1/730	0.136986	99.863
Class1= 0/729	0	100

 counting_test_errors

test_NErrors= 114/486 23.4568 76.5432
Class0= 60/243	24.6914	75.3086
Class1= 54/243	22.2222	77.7778

 counting_validation_errors...

validation_NErrors= 136/487 27.9261 72.0739
Class0= 74/243	30.4527	69.5473
Class1= 62/244	25.4098	74.5902

..............................
Epoch 221 Error= 8.91122 (3.43793) 
..............................
Epoch 222 Error= 8.59096 (3.74319) 
..............................
Epoch 223 Error= 8.71076 (3.76235) 
..............................
Epoch 224 Error= 8.24 (3.3337) 
..............................
Epoch 225 Error= 7.98925 (3.0096) 
..............................
Epoch 226 Error= 7.77073 (3.29776) 
..............................
Epoch 227 Error= 7.52253 (3.08084) 
..............................
Epoch 228 Error= 7.29031 (2.4283) 
..............................
Epoch 229 Error= 7.01394 (2.2952) 
..............................
Epoch 230 Error= 6.94733 (2.33521) 
 counting_train_errors........

train_NErrors= 0/1459 0 100
Class0= 0/730	0	100
Class1= 0/729	0	100

 counting_test_errors

test_NErrors= 118/486 24.2798 75.7202
Class0= 65/243	26.749	73.251
Class1= 53/243	21.8107	78.1893

 counting_validation_errors...

validation_NErrors= 134/487 27.5154 72.4846
Class0= 75/243	30.8642	69.1358
Class1= 59/244	24.1803	75.8197

..............................
Epoch 231 Error= 6.7117 (2.23068) 
..............................
Epoch 232 Error= 6.55008 (2.05903) 
..............................
Epoch 233 Error= 6.39397 (2.01715) 
..............................
Epoch 234 Error= 6.3268 (1.95795) 
..............................
Epoch 235 Error= 6.12788 (1.89561) 
..............................
Epoch 236 Error= 5.942 (2.03426) 
..............................
Epoch 237 Error= 5.85057 (1.72695) 
..............................
Epoch 238 Error= 5.62241 (1.55887) 
..............................
Epoch 239 Error= 5.53336 (1.6054) 
..............................
Epoch 240 Error= 5.45925 (1.58566) 
 counting_train_errors........

train_NErrors= 0/1459 0 100
Class0= 0/730	0	100
Class1= 0/729	0	100

 counting_test_errors

test_NErrors= 119/486 24.4856 75.5144
Class0= 66/243	27.1605	72.8395
Class1= 53/243	21.8107	78.1893

 counting_validation_errors...

validation_NErrors= 135/487 27.7207 72.2793
Class0= 76/243	31.2757	68.7243
Class1= 59/244	24.1803	75.8197

..............................
Epoch 241 Error= 5.3067 (1.56011) 
..............................
Epoch 242 Error= 5.13367 (1.29263) 
..............................
Epoch 243 Error= 5.02994 (1.28988) 
..............................
Epoch 244 Error= 4.94146 (1.27982) 
..............................
Epoch 245 Error= 4.87813 (1.27152) 
..............................
Epoch 246 Error= 4.82436 (1.33738) 
..............................
Epoch 247 Error= 4.69989 (1.23201) 
..............................
Epoch 248 Error= 4.52352 (1.0363) 
..............................
Epoch 249 Error= 4.57374 (1.13806) 
..............................
Epoch 250 Error= 4.4359 (1.10362) 
 counting_train_errors........

train_NErrors= 0/1459 0 100
Class0= 0/730	0	100
Class1= 0/729	0	100

 counting_test_errors

test_NErrors= 118/486 24.2798 75.7202
Class0= 67/243	27.572	72.428
Class1= 51/243	20.9877	79.0123

 counting_validation_errors...

validation_NErrors= 135/487 27.7207 72.2793
Class0= 79/243	32.5103	67.4897
Class1= 56/244	22.9508	77.0492

..............................
Epoch 251 Error= 4.36991 (1.05246) 
..............................
Epoch 252 Error= 4.25499 (0.959178) 
..............................
Epoch 253 Error= 4.20101 (0.965832) 
..............................
Epoch 254 Error= 4.07935 (0.926402) 
..............................
Epoch 255 Error= 4.0558 (0.908864) 
..............................
Epoch 256 Error= 3.98834 (0.904301) 
..............................
Epoch 257 Error= 3.92066 (0.860154) 
..............................
Epoch 258 Error= 3.84795 (0.926768) 
..............................
Epoch 259 Error= 3.80057 (0.841668) 
..............................
Epoch 260 Error= 3.73608 (0.787386) 
 counting_train_errors........

train_NErrors= 0/1459 0 100
Class0= 0/730	0	100
Class1= 0/729	0	100

 counting_test_errors

test_NErrors= 119/486 24.4856 75.5144
Class0= 68/243	27.9835	72.0165
Class1= 51/243	20.9877	79.0123

 counting_validation_errors...

validation_NErrors= 134/487 27.5154 72.4846
Class0= 77/243	31.6872	68.3128
Class1= 57/244	23.3607	76.6393

..............................
Epoch 261 Error= 3.69045 (0.830431) 
..............................
Epoch 262 Error= 3.60016 (0.756153) 
..............................
Epoch 263 Error= 3.49947 (0.718708) 
..............................
Epoch 264 Error= 3.44993 (0.691596) 
..............................
Epoch 265 Error= 3.43827 (0.712877) 
..............................
Epoch 266 Error= 3.37591 (0.68754) 
..............................
Epoch 267 Error= 3.3079 (0.640681) 
..............................
Epoch 268 Error= 3.28453 (0.651187) 
..............................
Epoch 269 Error= 3.24094 (0.605464) 
..............................
Epoch 270 Error= 3.16833 (0.576136) 
 counting_train_errors........

train_NErrors= 0/1459 0 100
Class0= 0/730	0	100
Class1= 0/729	0	100

 counting_test_errors

test_NErrors= 116/486 23.8683 76.1317
Class0= 64/243	26.3374	73.6626
Class1= 52/243	21.3992	78.6008

 counting_validation_errors...

validation_NErrors= 137/487 28.1314 71.8686
Class0= 77/243	31.6872	68.3128
Class1= 60/244	24.5902	75.4098

..............................
Epoch 271 Error= 3.12688 (0.574196) 
..............................
Epoch 272 Error= 3.07022 (0.574867) 
..............................
Epoch 273 Error= 3.06035 (0.563276) 
..............................
Epoch 274 Error= 2.97443 (0.50379) 
..............................
Epoch 275 Error= 2.94012 (0.503678) 
..............................
Epoch 276 Error= 2.91702 (0.521653) 
..............................
Epoch 277 Error= 2.86835 (0.537049) 
..............................
Epoch 278 Error= 2.91069 (0.548005) 
..............................
Epoch 279 Error= 2.78361 (0.492713) 
..............................
Epoch 280 Error= 2.75005 (0.478108) 
 counting_train_errors........

train_NErrors= 0/1459 0 100
Class0= 0/730	0	100
Class1= 0/729	0	100

 counting_test_errors

test_NErrors= 119/486 24.4856 75.5144
Class0= 68/243	27.9835	72.0165
Class1= 51/243	20.9877	79.0123

 counting_validation_errors...

validation_NErrors= 134/487 27.5154 72.4846
Class0= 79/243	32.5103	67.4897
Class1= 55/244	22.541	77.459

..............................
Epoch 281 Error= 2.72399 (0.454582) 
..............................
Epoch 282 Error= 2.66838 (0.430277) 
..............................
Epoch 283 Error= 2.62488 (0.407917) 
..............................
Epoch 284 Error= 2.63877 (0.452286) 
..............................
Epoch 285 Error= 2.5681 (0.408803) 
..............................
Epoch 286 Error= 2.51982 (0.382451) 
..............................
Epoch 287 Error= 2.52668 (0.390897) 
..............................
Epoch 288 Error= 2.47221 (0.379438) 
..............................
Epoch 289 Error= 2.44664 (0.356173) 
..............................
Epoch 290 Error= 2.42029 (0.362982) 
 counting_train_errors........

train_NErrors= 0/1459 0 100
Class0= 0/730	0	100
Class1= 0/729	0	100

 counting_test_errors

test_NErrors= 118/486 24.2798 75.7202
Class0= 66/243	27.1605	72.8395
Class1= 52/243	21.3992	78.6008

 counting_validation_errors...

validation_NErrors= 136/487 27.9261 72.0739
Class0= 77/243	31.6872	68.3128
Class1= 59/244	24.1803	75.8197

..............................
Epoch 291 Error= 2.36994 (0.353098) 
..............................
Epoch 292 Error= 2.35201 (0.341963) 
..............................
Epoch 293 Error= 2.34549 (0.348866) 
..............................
Epoch 294 Error= 2.3096 (0.337381) 
..............................
Epoch 295 Error= 2.26999 (0.317847) 
..............................
Epoch 296 Error= 2.2607 (0.35323) 
..............................
Epoch 297 Error= 2.23749 (0.323436) 
..............................
Epoch 298 Error= 2.1937 (0.29872) 
..............................
Epoch 299 Error= 2.16676 (0.303693) 
..............................
Epoch 300 Error= 2.12939 (0.275381) 
 counting_train_errors........

train_NErrors= 0/1459 0 100
Class0= 0/730	0	100
Class1= 0/729	0	100

 counting_test_errors

test_NErrors= 118/486 24.2798 75.7202
Class0= 66/243	27.1605	72.8395
Class1= 52/243	21.3992	78.6008

 counting_validation_errors...

validation_NErrors= 136/487 27.9261 72.0739
Class0= 77/243	31.6872	68.3128
Class1= 59/244	24.1803	75.8197

..............................
Epoch 301 Error= 2.12339 (0.278814) 
..............................
Epoch 302 Error= 2.0969 (0.277678) 
..............................
Epoch 303 Error= 2.07397 (0.294114) 
..............................
Epoch 304 Error= 2.06305 (0.27064) 
..............................
Epoch 305 Error= 2.02322 (0.262625) 
..............................
Epoch 306 Error= 2.03873 (0.289922) 
..............................
Epoch 307 Error= 1.98569 (0.250612) 
..............................
Epoch 308 Error= 1.96611 (0.254377) 
..............................
Epoch 309 Error= 1.9351 (0.233987) 
..............................
Epoch 310 Error= 1.926 (0.249047) 
 counting_train_errors........

train_NErrors= 0/1459 0 100
Class0= 0/730	0	100
Class1= 0/729	0	100

 counting_test_errors

test_NErrors= 118/486 24.2798 75.7202
Class0= 66/243	27.1605	72.8395
Class1= 52/243	21.3992	78.6008

 counting_validation_errors...

validation_NErrors= 138/487 28.3368 71.6632
Class0= 77/243	31.6872	68.3128
Class1= 61/244	25	75

..............................
Epoch 311 Error= 1.90104 (0.23552) 
..............................
Epoch 312 Error= 1.88876 (0.224032) 
..............................
Epoch 313 Error= 1.85773 (0.214585) 
..............................
Epoch 314 Error= 1.85102 (0.2272) 
..............................
Epoch 315 Error= 1.85183 (0.23882) 
..............................
Epoch 316 Error= 1.83893 (0.240145) 
..............................
Epoch 317 Error= 1.79079 (0.208564) 
..............................
Epoch 318 Error= 1.77076 (0.20402) 
..............................
Epoch 319 Error= 1.75767 (0.202369) 
..............................
Epoch 320 Error= 1.72853 (0.192598) 
 counting_train_errors........

train_NErrors= 0/1459 0 100
Class0= 0/730	0	100
Class1= 0/729	0	100

 counting_test_errors

test_NErrors= 118/486 24.2798 75.7202
Class0= 70/243	28.8066	71.1934
Class1= 48/243	19.7531	80.2469

 counting_validation_errors...

validation_NErrors= 136/487 27.9261 72.0739
Class0= 79/243	32.5103	67.4897
Class1= 57/244	23.3607	76.6393

..............................
Epoch 321 Error= 1.72856 (0.202723) 
..............................
Epoch 322 Error= 1.72396 (0.197459) 
..............................
Epoch 323 Error= 1.69949 (0.196616) 
..............................
Epoch 324 Error= 1.68836 (0.197844) 
..............................
Epoch 325 Error= 1.67163 (0.184839) 
..............................
Epoch 326 Error= 1.64321 (0.181742) 
..............................
Epoch 327 Error= 1.64965 (0.183016) 
..............................
Epoch 328 Error= 1.61203 (0.170775) 
..............................
Epoch 329 Error= 1.62159 (0.182401) 
..............................
Epoch 330 Error= 1.59673 (0.177892) 
 counting_train_errors........

train_NErrors= 0/1459 0 100
Class0= 0/730	0	100
Class1= 0/729	0	100

 counting_test_errors

test_NErrors= 118/486 24.2798 75.7202
Class0= 67/243	27.572	72.428
Class1= 51/243	20.9877	79.0123

 counting_validation_errors...

validation_NErrors= 137/487 28.1314 71.8686
Class0= 77/243	31.6872	68.3128
Class1= 60/244	24.5902	75.4098

..............................
Epoch 331 Error= 1.57776 (0.17044) 
..............................
Epoch 332 Error= 1.56158 (0.157424) 
..............................
Epoch 333 Error= 1.53929 (0.159341) 
..............................
Epoch 334 Error= 1.53539 (0.159057) 
..............................
Epoch 335 Error= 1.51801 (0.158648) 
..............................
Epoch 336 Error= 1.51114 (0.160191) 
..............................
Epoch 337 Error= 1.485 (0.141273) 
..............................
Epoch 338 Error= 1.47187 (0.148806) 
..............................
Epoch 339 Error= 1.46696 (0.148365) 
..............................
Epoch 340 Error= 1.446 (0.132044) 
 counting_train_errors........

train_NErrors= 0/1459 0 100
Class0= 0/730	0	100
Class1= 0/729	0	100

 counting_test_errors

test_NErrors= 115/486 23.6626 76.3374
Class0= 65/243	26.749	73.251
Class1= 50/243	20.5761	79.4239

 counting_validation_errors...

validation_NErrors= 137/487 28.1314 71.8686
Class0= 77/243	31.6872	68.3128
Class1= 60/244	24.5902	75.4098

..............................
Epoch 341 Error= 1.44322 (0.151525) 
..............................
Epoch 342 Error= 1.42867 (0.130098) 
..............................
Epoch 343 Error= 1.41931 (0.139033) 
..............................
Epoch 344 Error= 1.4109 (0.137611) 
..............................
Epoch 345 Error= 1.38781 (0.132841) 
..............................
Epoch 346 Error= 1.38646 (0.13345) 
..............................
Epoch 347 Error= 1.37564 (0.128311) 
..............................
Epoch 348 Error= 1.35738 (0.126219) 
..............................
Epoch 349 Error= 1.34983 (0.123792) 
..............................
Epoch 350 Error= 1.33899 (0.121858) 
 counting_train_errors........

train_NErrors= 0/1459 0 100
Class0= 0/730	0	100
Class1= 0/729	0	100

 counting_test_errors

test_NErrors= 114/486 23.4568 76.5432
Class0= 63/243	25.9259	74.0741
Class1= 51/243	20.9877	79.0123

 counting_validation_errors...

validation_NErrors= 140/487 28.7474 71.2526
Class0= 77/243	31.6872	68.3128
Class1= 63/244	25.8197	74.1803

..............................
Epoch 351 Error= 1.32871 (0.12916) 
..............................
Epoch 352 Error= 1.31376 (0.117256) 
..............................
Epoch 353 Error= 1.30322 (0.114876) 
..............................
Epoch 354 Error= 1.30056 (0.115628) 
..............................
Epoch 355 Error= 1.27945 (0.11539) 
..............................
Epoch 356 Error= 1.27322 (0.116927) 
..............................
Epoch 357 Error= 1.26946 (0.109374) 
..............................
Epoch 358 Error= 1.2584 (0.111408) 
..............................
Epoch 359 Error= 1.24695 (0.106063) 
..............................
Epoch 360 Error= 1.23039 (0.10307) 
 counting_train_errors........

train_NErrors= 0/1459 0 100
Class0= 0/730	0	100
Class1= 0/729	0	100

 counting_test_errors

test_NErrors= 116/486 23.8683 76.1317
Class0= 68/243	27.9835	72.0165
Class1= 48/243	19.7531	80.2469

 counting_validation_errors...

validation_NErrors= 138/487 28.3368 71.6632
Class0= 78/243	32.0988	67.9012
Class1= 60/244	24.5902	75.4098

..............................
Epoch 361 Error= 1.23265 (0.107354) 
..............................
Epoch 362 Error= 1.21751 (0.106332) 
..............................
Epoch 363 Error= 1.20591 (0.0987892) 
..............................
Epoch 364 Error= 1.19839 (0.101834) 
..............................
Epoch 365 Error= 1.19414 (0.0998052) 
..............................
Epoch 366 Error= 1.18338 (0.0960487) 
..............................
Epoch 367 Error= 1.17846 (0.100287) 
..............................
Epoch 368 Error= 1.17577 (0.103196) 
..............................
Epoch 369 Error= 1.1577 (0.0940124) 
..............................
Epoch 370 Error= 1.14454 (0.0914856) 
 counting_train_errors........

train_NErrors= 0/1459 0 100
Class0= 0/730	0	100
Class1= 0/729	0	100

 counting_test_errors

test_NErrors= 116/486 23.8683 76.1317
Class0= 67/243	27.572	72.428
Class1= 49/243	20.1646	79.8354

 counting_validation_errors...

validation_NErrors= 139/487 28.5421 71.4579
Class0= 78/243	32.0988	67.9012
Class1= 61/244	25	75

..............................
Epoch 371 Error= 1.14815 (0.0963163) 
..............................
Epoch 372 Error= 1.1404 (0.0945831) 
..............................
Epoch 373 Error= 1.12628 (0.0928125) 
..............................
Epoch 374 Error= 1.11772 (0.0859503) 
..............................
Epoch 375 Error= 1.10736 (0.0868725) 
..............................
Epoch 376 Error= 1.10461 (0.0883233) 
..............................
Epoch 377 Error= 1.09434 (0.08422) 
..............................
Epoch 378 Error= 1.08485 (0.0905072) 
..............................
Epoch 379 Error= 1.0928 (0.0922597) 
..............................
Epoch 380 Error= 1.06788 (0.0799083) 
 counting_train_errors........

train_NErrors= 0/1459 0 100
Class0= 0/730	0	100
Class1= 0/729	0	100

 counting_test_errors

test_NErrors= 117/486 24.0741 75.9259
Class0= 68/243	27.9835	72.0165
Class1= 49/243	20.1646	79.8354

 counting_validation_errors...

validation_NErrors= 137/487 28.1314 71.8686
Class0= 78/243	32.0988	67.9012
Class1= 59/244	24.1803	75.8197

..............................
Epoch 381 Error= 1.06243 (0.0812757) 
..............................
Epoch 382 Error= 1.06031 (0.0787689) 
..............................
Epoch 383 Error= 1.05239 (0.0782719) 
..............................
Epoch 384 Error= 1.04718 (0.079009) 
..............................
Epoch 385 Error= 1.04359 (0.0890226) 
..............................
Epoch 386 Error= 1.02865 (0.0764428) 
..............................
Epoch 387 Error= 1.02119 (0.0736018) 
..............................
Epoch 388 Error= 1.01427 (0.0729312) 
..............................
Epoch 389 Error= 1.01083 (0.0741792) 
..............................
Epoch 390 Error= 1.01464 (0.0762923) 
 counting_train_errors........

train_NErrors= 0/1459 0 100
Class0= 0/730	0	100
Class1= 0/729	0	100

 counting_test_errors

test_NErrors= 114/486 23.4568 76.5432
Class0= 65/243	26.749	73.251
Class1= 49/243	20.1646	79.8354

 counting_validation_errors...

validation_NErrors= 139/487 28.5421 71.4579
Class0= 77/243	31.6872	68.3128
Class1= 62/244	25.4098	74.5902

..............................
Epoch 391 Error= 0.993306 (0.0706239) 
..............................
Epoch 392 Error= 0.992388 (0.0743702) 
..............................
Epoch 393 Error= 0.982344 (0.070289) 
..............................
Epoch 394 Error= 0.979704 (0.072784) 
..............................
Epoch 395 Error= 0.966095 (0.0667333) 
..............................
Epoch 396 Error= 0.959342 (0.0665813) 
..............................
Epoch 397 Error= 0.964608 (0.0733248) 
..............................
Epoch 398 Error= 0.951785 (0.0661843) 
..............................
Epoch 399 Error= 0.955407 (0.0690767) 
..............................
Epoch 400 Error= 0.946414 (0.0652804) 
 counting_train_errors........

train_NErrors= 0/1459 0 100
Class0= 0/730	0	100
Class1= 0/729	0	100

 counting_test_errors

test_NErrors= 116/486 23.8683 76.1317
Class0= 67/243	27.572	72.428
Class1= 49/243	20.1646	79.8354

 counting_validation_errors...

validation_NErrors= 138/487 28.3368 71.6632
Class0= 77/243	31.6872	68.3128
Class1= 61/244	25	75

..............................
Epoch 401 Error= 0.937469 (0.0639393) 
..............................
Epoch 402 Error= 0.929603 (0.0625827) 
..............................
Epoch 403 Error= 0.923561 (0.061062) 
..............................
Epoch 404 Error= 0.920754 (0.0626081) 
..............................
Epoch 405 Error= 0.91647 (0.0679154) 
..............................
Epoch 406 Error= 0.912303 (0.0614254) 
..............................
Epoch 407 Error= 0.899867 (0.0602585) 
..............................
Epoch 408 Error= 0.90247 (0.064879) 
..............................
Epoch 409 Error= 0.89269 (0.0580304) 
..............................
Epoch 410 Error= 0.887313 (0.0577956) 
 counting_train_errors........

train_NErrors= 0/1459 0 100
Class0= 0/730	0	100
Class1= 0/729	0	100

 counting_test_errors

test_NErrors= 118/486 24.2798 75.7202
Class0= 69/243	28.3951	71.6049
Class1= 49/243	20.1646	79.8354

 counting_validation_errors...

validation_NErrors= 136/487 27.9261 72.0739
Class0= 78/243	32.0988	67.9012
Class1= 58/244	23.7705	76.2295

..............................
Epoch 411 Error= 0.882825 (0.061209) 
..............................
Epoch 412 Error= 0.876379 (0.0575344) 
..............................
Epoch 413 Error= 0.871834 (0.055496) 
..............................
Epoch 414 Error= 0.869667 (0.0578736) 
..............................
Epoch 415 Error= 0.859175 (0.055882) 
..............................
Epoch 416 Error= 0.857818 (0.0554473) 
..............................
Epoch 417 Error= 0.851792 (0.0527585) 
..............................
Epoch 418 Error= 0.845023 (0.0520652) 
..............................
Epoch 419 Error= 0.842549 (0.0520814) 
..............................
Epoch 420 Error= 0.837467 (0.051319) 
 counting_train_errors........

train_NErrors= 0/1459 0 100
Class0= 0/730	0	100
Class1= 0/729	0	100

 counting_test_errors

test_NErrors= 115/486 23.6626 76.3374
Class0= 66/243	27.1605	72.8395
Class1= 49/243	20.1646	79.8354

 counting_validation_errors...

validation_NErrors= 138/487 28.3368 71.6632
Class0= 77/243	31.6872	68.3128
Class1= 61/244	25	75

..............................
Epoch 421 Error= 0.834355 (0.0523957) 
..............................
Epoch 422 Error= 0.826151 (0.0518666) 
..............................
Epoch 423 Error= 0.824505 (0.0526836) 
..............................
Epoch 424 Error= 0.818653 (0.0491624) 
..............................
Epoch 425 Error= 0.812255 (0.0487479) 
..............................
Epoch 426 Error= 0.810951 (0.0520032) 
..............................
Epoch 427 Error= 0.801111 (0.0474419) 
..............................
Epoch 428 Error= 0.801716 (0.0482375) 
..............................
Epoch 429 Error= 0.796466 (0.0486244) 
..............................
Epoch 430 Error= 0.794597 (0.0503352) 
 counting_train_errors........

train_NErrors= 0/1459 0 100
Class0= 0/730	0	100
Class1= 0/729	0	100

 counting_test_errors

test_NErrors= 116/486 23.8683 76.1317
Class0= 67/243	27.572	72.428
Class1= 49/243	20.1646	79.8354

 counting_validation_errors...

validation_NErrors= 136/487 27.9261 72.0739
Class0= 77/243	31.6872	68.3128
Class1= 59/244	24.1803	75.8197

..............................
Epoch 431 Error= 0.787625 (0.0490187) 
..............................
Epoch 432 Error= 0.784567 (0.0474688) 
..............................
Epoch 433 Error= 0.77473 (0.0435509) 
..............................
Epoch 434 Error= 0.773403 (0.0441678) 
..............................
Epoch 435 Error= 0.773124 (0.0451472) 
..............................
Epoch 436 Error= 0.767488 (0.0450433) 
..............................
Epoch 437 Error= 0.76241 (0.0436046) 
..............................
Epoch 438 Error= 0.758154 (0.0448062) 
..............................
Epoch 439 Error= 0.753913 (0.0441646) 
..............................
Epoch 440 Error= 0.749261 (0.0423806) 
 counting_train_errors........

train_NErrors= 0/1459 0 100
Class0= 0/730	0	100
Class1= 0/729	0	100

 counting_test_errors

test_NErrors= 115/486 23.6626 76.3374
Class0= 67/243	27.572	72.428
Class1= 48/243	19.7531	80.2469

 counting_validation_errors...

validation_NErrors= 137/487 28.1314 71.8686
Class0= 78/243	32.0988	67.9012
Class1= 59/244	24.1803	75.8197

..............................
Epoch 441 Error= 0.750993 (0.0462891) 
..............................
Epoch 442 Error= 0.743374 (0.0411421) 
..............................
Epoch 443 Error= 0.740528 (0.0429064) 
..............................
Epoch 444 Error= 0.73539 (0.0412171) 
..............................
Epoch 445 Error= 0.731711 (0.0413313) 
..............................
Epoch 446 Error= 0.73061 (0.0414486) 
..............................
Epoch 447 Error= 0.725089 (0.0395345) 
..............................
Epoch 448 Error= 0.71969 (0.0392893) 
..............................
Epoch 449 Error= 0.714755 (0.039672) 
..............................
Epoch 450 Error= 0.712822 (0.0394689) 
 counting_train_errors........

train_NErrors= 0/1459 0 100
Class0= 0/730	0	100
Class1= 0/729	0	100

 counting_test_errors

test_NErrors= 116/486 23.8683 76.1317
Class0= 67/243	27.572	72.428
Class1= 49/243	20.1646	79.8354

 counting_validation_errors...

validation_NErrors= 137/487 28.1314 71.8686
Class0= 77/243	31.6872	68.3128
Class1= 60/244	24.5902	75.4098

..............................
Epoch 451 Error= 0.707425 (0.0380509) 
..............................
Epoch 452 Error= 0.703978 (0.0377145) 
..............................
Epoch 453 Error= 0.702338 (0.0380378) 
..............................
Epoch 454 Error= 0.699388 (0.0374066) 
..............................
Epoch 455 Error= 0.696502 (0.0402838) 
..............................
Epoch 456 Error= 0.692514 (0.036876) 
..............................
Epoch 457 Error= 0.690363 (0.0376234) 
..............................
Epoch 458 Error= 0.685996 (0.037994) 
..............................
Epoch 459 Error= 0.682093 (0.0360694) 
..............................
Epoch 460 Error= 0.675188 (0.0342263) 
 counting_train_errors........

train_NErrors= 0/1459 0 100
Class0= 0/730	0	100
Class1= 0/729	0	100

 counting_test_errors

test_NErrors= 114/486 23.4568 76.5432
Class0= 68/243	27.9835	72.0165
Class1= 46/243	18.93	81.07

 counting_validation_errors...

validation_NErrors= 136/487 27.9261 72.0739
Class0= 78/243	32.0988	67.9012
Class1= 58/244	23.7705	76.2295

..............................
Epoch 461 Error= 0.677576 (0.034264) 
..............................
Epoch 462 Error= 0.669507 (0.0354564) 
..............................
Epoch 463 Error= 0.672169 (0.039182) 
..............................
Epoch 464 Error= 0.663815 (0.0347742) 
..............................
Epoch 465 Error= 0.663867 (0.0342841) 
..............................
Epoch 466 Error= 0.657757 (0.0331502) 
..............................
Epoch 467 Error= 0.656101 (0.0341574) 
..............................
Epoch 468 Error= 0.650011 (0.0322537) 
..............................
Epoch 469 Error= 0.647565 (0.0325191) 
..............................
Epoch 470 Error= 0.653858 (0.0364652) 
 counting_train_errors........

train_NErrors= 0/1459 0 100
Class0= 0/730	0	100
Class1= 0/729	0	100

 counting_test_errors

test_NErrors= 115/486 23.6626 76.3374
Class0= 67/243	27.572	72.428
Class1= 48/243	19.7531	80.2469

 counting_validation_errors...

validation_NErrors= 136/487 27.9261 72.0739
Class0= 77/243	31.6872	68.3128
Class1= 59/244	24.1803	75.8197

..............................
Epoch 471 Error= 0.643469 (0.0321204) 
..............................
Epoch 472 Error= 0.641756 (0.0331074) 
..............................
Epoch 473 Error= 0.635407 (0.030206) 
..............................
Epoch 474 Error= 0.636383 (0.0320593) 
..............................
Epoch 475 Error= 0.633216 (0.0316579) 
..............................
Epoch 476 Error= 0.625689 (0.030157) 
..............................
Epoch 477 Error= 0.629181 (0.0329375) 
..............................
Epoch 478 Error= 0.624251 (0.0302752) 
..............................
Epoch 479 Error= 0.621014 (0.0322018) 
..............................
Epoch 480 Error= 0.617393 (0.030188) 
 counting_train_errors........

train_NErrors= 0/1459 0 100
Class0= 0/730	0	100
Class1= 0/729	0	100

 counting_test_errors

test_NErrors= 115/486 23.6626 76.3374
Class0= 67/243	27.572	72.428
Class1= 48/243	19.7531	80.2469

 counting_validation_errors...

validation_NErrors= 136/487 27.9261 72.0739
Class0= 77/243	31.6872	68.3128
Class1= 59/244	24.1803	75.8197

..............................
Epoch 481 Error= 0.616685 (0.0301094) 
..............................
Epoch 482 Error= 0.610595 (0.0290805) 
..............................
Epoch 483 Error= 0.61006 (0.0297796) 
..............................
Epoch 484 Error= 0.60624 (0.0295086) 
..............................
Epoch 485 Error= 0.602882 (0.0279764) 
..............................
Epoch 486 Error= 0.600755 (0.0284385) 
..............................
Epoch 487 Error= 0.599014 (0.0284248) 
..............................
Epoch 488 Error= 0.597139 (0.02942) 
..............................
Epoch 489 Error= 0.592798 (0.0277066) 
..............................
Epoch 490 Error= 0.590548 (0.0284903) 
 counting_train_errors........

train_NErrors= 0/1459 0 100
Class0= 0/730	0	100
Class1= 0/729	0	100

 counting_test_errors

test_NErrors= 115/486 23.6626 76.3374
Class0= 67/243	27.572	72.428
Class1= 48/243	19.7531	80.2469

 counting_validation_errors...

validation_NErrors= 136/487 27.9261 72.0739
Class0= 77/243	31.6872	68.3128
Class1= 59/244	24.1803	75.8197

..............................
Epoch 491 Error= 0.587411 (0.0271299) 
..............................
Epoch 492 Error= 0.587128 (0.0278004) 
..............................
Epoch 493 Error= 0.58351 (0.0274216) 
..............................
Epoch 494 Error= 0.579875 (0.0265693) 
..............................
Epoch 495 Error= 0.577285 (0.0264206) 
..............................
Epoch 496 Error= 0.577349 (0.0265163) 
..............................
Epoch 497 Error= 0.571016 (0.0261087) 
..............................
Epoch 498 Error= 0.57077 (0.0267833) 
..............................
Epoch 499 Error= 0.567902 (0.0260183) 
..............................
Epoch 500 Error= 0.567094 (0.026312) 
 counting_train_errors........

train_NErrors= 0/1459 0 100
Class0= 0/730	0	100
Class1= 0/729	0	100

 counting_test_errors

test_NErrors= 115/486 23.6626 76.3374
Class0= 67/243	27.572	72.428
Class1= 48/243	19.7531	80.2469

 counting_validation_errors...

validation_NErrors= 136/487 27.9261 72.0739
Class0= 77/243	31.6872	68.3128
Class1= 59/244	24.1803	75.8197

