epsilon 0.2
NF 5
NHY 5
NHF 5
context 10
Moore 1
CoF 0
Classes 2
Thresholds 1.5 
seed 949
shuffle 1
batch_blocks 150
readModel 0
readEpoch 0
nEpochs 500
adaptive 1000
reload 1
belief 0
threshold 0
alidir ./
Creating model
Generating random parameters
Reading train dataset
Reading test dataset
Reading validation dataset
Actual lrate= 0.000371812
Start learning
..............................
Epoch 1 Error= 1012.64 (0.00213733) 
..............................
Epoch 2 Error= 1012.82 (0.00223926) 
..............................
Epoch 3 Error= 1011.88 (0.00233342) 
..............................
Epoch 4 Error= 1011.02 (0.00240625) 
..............................
Epoch 5 Error= 1011.74 (0.00266492) 
..............................
Epoch 6 Error= 1011.47 (0.0030111) 
..............................
Epoch 7 Error= 1011.44 (0.00343534) 
..............................
Epoch 8 Error= 1010.86 (0.00390913) 
..............................
Epoch 9 Error= 1012.09 (0.00439676) 
..............................
Epoch 10 Error= 1011.3 (0.00503768) 
 counting_train_errors........

train_NErrors= 729/1458 50 50
Class0= 0/729	0	100
Class1= 729/729	100	0

 counting_test_errors

test_NErrors= 244/487 50.1027 49.8973
Class0= 0/243	0	100
Class1= 244/244	100	0

 counting_validation_errors...

validation_NErrors= 243/487 49.8973 50.1027
Class0= 0/244	0	100
Class1= 243/243	100	0


..............................
Epoch 11 Error= 1011.31 (0.00586077) 
..............................
Epoch 12 Error= 1011.07 (0.00678901) 
..............................
Epoch 13 Error= 1011.24 (0.00819494) 
..............................
Epoch 14 Error= 1010.67 (0.00975956) 
..............................
Epoch 15 Error= 1011.11 (0.0119434) 
..............................
Epoch 16 Error= 1009.61 (0.0136801) 
..............................
Epoch 17 Error= 1010.55 (0.016737) 
..............................
Epoch 18 Error= 1010.36 (0.0201224) 
..............................
Epoch 19 Error= 1010.26 (0.0237391) 
..............................
Epoch 20 Error= 1009.83 (0.0282843) 
 counting_train_errors........

train_NErrors= 521/1458 35.7339 64.2661
Class0= 351/729	48.1481	51.8519
Class1= 170/729	23.3196	76.6804

 counting_test_errors

test_NErrors= 186/487 38.193 61.807
Class0= 131/243	53.9095	46.0905
Class1= 55/244	22.541	77.459

 counting_validation_errors...

validation_NErrors= 182/487 37.3717 62.6283
Class0= 119/244	48.7705	51.2295
Class1= 63/243	25.9259	74.0741


..............................
Epoch 21 Error= 1008.44 (0.0339002) 
..............................
Epoch 22 Error= 1007.57 (0.0410601) 
..............................
Epoch 23 Error= 1006.96 (0.0501586) 
..............................
Epoch 24 Error= 1005.97 (0.0611684) 
..............................
Epoch 25 Error= 1005.31 (0.0748569) 
..............................
Epoch 26 Error= 1004.82 (0.0935749) 
..............................
Epoch 27 Error= 1002.6 (0.115442) 
..............................
Epoch 28 Error= 1001.72 (0.143104) 
..............................
Epoch 29 Error= 999.474 (0.178184) 
..............................
Epoch 30 Error= 996.453 (0.233204) 
 counting_train_errors........

train_NErrors= 499/1458 34.225 65.775
Class0= 73/729	10.0137	89.9863
Class1= 426/729	58.4362	41.5638

 counting_test_errors

test_NErrors= 172/487 35.3183 64.6817
Class0= 31/243	12.7572	87.2428
Class1= 141/244	57.7869	42.2131

 counting_validation_errors...

validation_NErrors= 161/487 33.0595 66.9405
Class0= 23/244	9.42623	90.5738
Class1= 138/243	56.7901	43.2099


..............................
Epoch 31 Error= 992.824 (0.308778) 
..............................
Epoch 32 Error= 991.004 (0.423321) 
..............................
Epoch 33 Error= 985.552 (0.607087) 
..............................
Epoch 34 Error= 981.481 (0.874173) 
..............................
Epoch 35 Error= 976.044 (1.36918) 
..............................
Epoch 36 Error= 970.09 (2.21492) 
..............................
Epoch 37 Error= 961.895 (4.10185) 
..............................
Epoch 38 Error= 954.474 (7.2891) 
..............................
Epoch 39 Error= 936.804 (14.3628) 
..............................
Epoch 40 Error= 901.929 (36.4179) 
 counting_train_errors........

train_NErrors= 425/1458 29.1495 70.8505
Class0= 227/729	31.1385	68.8615
Class1= 198/729	27.1605	72.8395

 counting_test_errors

test_NErrors= 158/487 32.4435 67.5565
Class0= 93/243	38.2716	61.7284
Class1= 65/244	26.6393	73.3607

 counting_validation_errors...

validation_NErrors= 151/487 31.0062 68.9938
Class0= 77/244	31.5574	68.4426
Class1= 74/243	30.4527	69.5473


..............................
Epoch 41 Error= 854.159 (65.3291) 
..............................
Epoch 42 Error= 837.948 (86.5474) 
..............................
Epoch 43 Error= 815.713 (84.0732) 
..............................
Epoch 44 Error= 814.127 (90.1867) 
..............................
Epoch 45 Error= 800.021 (91.7448) 
..............................
Epoch 46 Error= 796.283 (92.99) 
..............................
Epoch 47 Error= 782.503 (88.6849) 
..............................
Epoch 48 Error= 792.363 (92.6717) 
..............................
Epoch 49 Error= 769.928 (94.9909) 
..............................
Epoch 50 Error= 776.478 (100.153) 
 counting_train_errors........

train_NErrors= 371/1458 25.4458 74.5542
Class0= 237/729	32.5103	67.4897
Class1= 134/729	18.3813	81.6187

 counting_test_errors

test_NErrors= 153/487 31.4168 68.5832
Class0= 98/243	40.3292	59.6708
Class1= 55/244	22.541	77.459

 counting_validation_errors...

validation_NErrors= 139/487 28.5421 71.4579
Class0= 83/244	34.0164	65.9836
Class1= 56/243	23.0453	76.9547


..............................
Epoch 51 Error= 774.709 (94.1114) 
..............................
Epoch 52 Error= 757.331 (91.8384) 
..............................
Epoch 53 Error= 755.544 (93.5204) 
..............................
Epoch 54 Error= 758.053 (85.6571) 
..............................
Epoch 55 Error= 757.747 (87.2356) 
..............................
Epoch 56 Error= 745.313 (77.1722) 
..............................
Epoch 57 Error= 746.372 (81.4127) 
..............................
Epoch 58 Error= 730.372 (81.0473) 
..............................
Epoch 59 Error= 752.424 (72.8005) 
..............................
Epoch 60 Error= 734.364 (72.7817) 
 counting_train_errors........

train_NErrors= 333/1458 22.8395 77.1605
Class0= 146/729	20.0274	79.9726
Class1= 187/729	25.6516	74.3484

 counting_test_errors

test_NErrors= 126/487 25.8727 74.1273
Class0= 61/243	25.1029	74.8971
Class1= 65/244	26.6393	73.3607

 counting_validation_errors...

validation_NErrors= 120/487 24.6407 75.3593
Class0= 50/244	20.4918	79.5082
Class1= 70/243	28.8066	71.1934


..............................
Epoch 61 Error= 744.739 (72.718) 
..............................
Epoch 62 Error= 744.763 (61.3121) 
..............................
Epoch 63 Error= 734.228 (55.52) 
..............................
Epoch 64 Error= 709.336 (55.9175) 
..............................
Epoch 65 Error= 704.712 (60.16) 
..............................
Epoch 66 Error= 703.26 (62.5568) 
..............................
Epoch 67 Error= 694.705 (63.8019) 
..............................
Epoch 68 Error= 682.081 (68.4347) 
..............................
Epoch 69 Error= 700.623 (61.3157) 
..............................
Epoch 70 Error= 676.943 (62.3829) 
 counting_train_errors........

train_NErrors= 295/1458 20.2332 79.7668
Class0= 127/729	17.4211	82.5789
Class1= 168/729	23.0453	76.9547

 counting_test_errors

test_NErrors= 118/487 24.23 75.77
Class0= 53/243	21.8107	78.1893
Class1= 65/244	26.6393	73.3607

 counting_validation_errors...

validation_NErrors= 116/487 23.8193 76.1807
Class0= 48/244	19.6721	80.3279
Class1= 68/243	27.9835	72.0165


..............................
Epoch 71 Error= 685.17 (58.1325) 
..............................
Epoch 72 Error= 708.948 (56.7217) 
..............................
Epoch 73 Error= 652.731 (46.1048) 
..............................
Epoch 74 Error= 666.899 (52.4267) 
..............................
Epoch 75 Error= 645.995 (51.7318) 
..............................
Epoch 76 Error= 647.672 (57.4153) 
..............................
Epoch 77 Error= 619.144 (59.449) 
..............................
Epoch 78 Error= 602.587 (61.3617) 
..............................
Epoch 79 Error= 604.617 (66.6331) 
..............................
Epoch 80 Error= 589.883 (66.8317) 
 counting_train_errors........

train_NErrors= 230/1458 15.775 84.225
Class0= 111/729	15.2263	84.7737
Class1= 119/729	16.3237	83.6763

 counting_test_errors

test_NErrors= 101/487 20.7392 79.2608
Class0= 51/243	20.9877	79.0123
Class1= 50/244	20.4918	79.5082

 counting_validation_errors...

validation_NErrors= 106/487 21.7659 78.2341
Class0= 51/244	20.9016	79.0984
Class1= 55/243	22.6337	77.3663


..............................
Epoch 81 Error= 554.135 (70.5127) 
..............................
Epoch 82 Error= 550.525 (81.1857) 
..............................
Epoch 83 Error= 535.22 (89.0569) 
..............................
Epoch 84 Error= 554.472 (100.393) 
..............................
Epoch 85 Error= 512.698 (100.053) 
..............................
Epoch 86 Error= 528.474 (115.185) 
..............................
Epoch 87 Error= 490.313 (109.314) 
..............................
Epoch 88 Error= 465.855 (116.065) 
..............................
Epoch 89 Error= 446.272 (121.988) 
..............................
Epoch 90 Error= 446.693 (143.043) 
 counting_train_errors........

train_NErrors= 225/1458 15.4321 84.5679
Class0= 198/729	27.1605	72.8395
Class1= 27/729	3.7037	96.2963

 counting_test_errors

test_NErrors= 112/487 22.9979 77.0021
Class0= 92/243	37.8601	62.1399
Class1= 20/244	8.19672	91.8033

 counting_validation_errors...

validation_NErrors= 115/487 23.614 76.386
Class0= 86/244	35.2459	64.7541
Class1= 29/243	11.9342	88.0658


..............................
Epoch 91 Error= 406.705 (132.296) 
..............................
Epoch 92 Error= 429.593 (166.152) 
..............................
Epoch 93 Error= 382.271 (154.956) 
..............................
Epoch 94 Error= 371.094 (159.518) 
..............................
Epoch 95 Error= 370.117 (180.98) 
..............................
Epoch 96 Error= 357.276 (192.63) 
..............................
Epoch 97 Error= 355.498 (208.632) 
..............................
Epoch 98 Error= 346.348 (215.804) 
..............................
Epoch 99 Error= 340.048 (232.92) 
..............................
Epoch 100 Error= 308.077 (198.303) 
 counting_train_errors........

train_NErrors= 147/1458 10.0823 89.9177
Class0= 27/729	3.7037	96.2963
Class1= 120/729	16.4609	83.5391

 counting_test_errors

test_NErrors= 112/487 22.9979 77.0021
Class0= 34/243	13.9918	86.0082
Class1= 78/244	31.9672	68.0328

 counting_validation_errors...

validation_NErrors= 95/487 19.5072 80.4928
Class0= 25/244	10.2459	89.7541
Class1= 70/243	28.8066	71.1934


..............................
Epoch 101 Error= 340.732 (273.668) 
..............................
Epoch 102 Error= 289.213 (205.672) 
..............................
Epoch 103 Error= 300.811 (247.772) 
..............................
Epoch 104 Error= 284.791 (238.772) 
..............................
Epoch 105 Error= 273.109 (238.439) 
..............................
Epoch 106 Error= 304.085 (309.281) 
..............................
Epoch 107 Error= 314.176 (348.926) 
..............................
Epoch 108 Error= 281.726 (292.415) 
..............................
Epoch 109 Error= 255.842 (251.968) 
..............................
Epoch 110 Error= 240.1 (251.444) 
 counting_train_errors........

train_NErrors= 59/1458 4.04664 95.9534
Class0= 28/729	3.84088	96.1591
Class1= 31/729	4.2524	95.7476

 counting_test_errors

test_NErrors= 98/487 20.1232 79.8768
Class0= 46/243	18.93	81.07
Class1= 52/244	21.3115	78.6885

 counting_validation_errors...

validation_NErrors= 97/487 19.9179 80.0821
Class0= 41/244	16.8033	83.1967
Class1= 56/243	23.0453	76.9547


..............................
Epoch 111 Error= 248.844 (289.515) 
..............................
Epoch 112 Error= 217.527 (239.507) 
..............................
Epoch 113 Error= 227.681 (281.767) 
..............................
Epoch 114 Error= 204.832 (246.162) 
..............................
Epoch 115 Error= 212.7 (287.923) 
..............................
Epoch 116 Error= 305.116 (532.295) 
..............................
Epoch 117 Error= 200.673 (239.626) 
..............................
Epoch 118 Error= 190.677 (247.051) 
..............................
Epoch 119 Error= 232.683 (383.658) 
..............................
Epoch 120 Error= 228.298 (380.168) 
 counting_train_errors........

train_NErrors= 106/1458 7.27023 92.7298
Class0= 95/729	13.0316	86.9684
Class1= 11/729	1.50892	98.4911

 counting_test_errors

test_NErrors= 109/487 22.3819 77.6181
Class0= 80/243	32.9218	67.0782
Class1= 29/244	11.8852	88.1148

 counting_validation_errors...

validation_NErrors= 108/487 22.1766 77.8234
Class0= 75/244	30.7377	69.2623
Class1= 33/243	13.5802	86.4198


..............................
Epoch 121 Error= 195.37 (286.111) 
..............................
Epoch 122 Error= 157.167 (189.462) 
..............................
Epoch 123 Error= 153.772 (209.146) 
..............................
Epoch 124 Error= 179.484 (319.205) 
..............................
Epoch 125 Error= 161.639 (247.013) 
..............................
Epoch 126 Error= 163.987 (291.005) 
..............................
Epoch 127 Error= 182.815 (383.89) 
..............................
Epoch 128 Error= 179.263 (345.464) 
..............................
Epoch 129 Error= 167.976 (323.999) 
..............................
Epoch 130 Error= 209.373 (483.133) 
 counting_train_errors........

train_NErrors= 57/1458 3.90947 96.0905
Class0= 48/729	6.58436	93.4156
Class1= 9/729	1.23457	98.7654

 counting_test_errors

test_NErrors= 103/487 21.1499 78.8501
Class0= 66/243	27.1605	72.8395
Class1= 37/244	15.1639	84.8361

 counting_validation_errors...

validation_NErrors= 112/487 22.9979 77.0021
Class0= 65/244	26.6393	73.3607
Class1= 47/243	19.3416	80.6584


..............................
Epoch 131 Error= 195.943 (458.857) 
..............................
Epoch 132 Error= 197.508 (446.617) 
..............................
Epoch 133 Error= 149.787 (270.776) 
..............................
Epoch 134 Error= 120.175 (187.41) 
..............................
Epoch 135 Error= 333.026 (806.528) 
..............................
Epoch 136 Error= 274.674 (667.21) 
..............................
Epoch 137 Error= 172.934 (354.752) 
..............................
Epoch 138 Error= 158.507 (290.068) 
..............................
Epoch 139 Error= 137.47 (252.526) 
..............................
Epoch 140 Error= 120.474 (207.568) 
 counting_train_errors........

train_NErrors= 24/1458 1.64609 98.3539
Class0= 9/729	1.23457	98.7654
Class1= 15/729	2.05761	97.9424

 counting_test_errors

test_NErrors= 107/487 21.9713 78.0287
Class0= 55/243	22.6337	77.3663
Class1= 52/244	21.3115	78.6885

 counting_validation_errors...

validation_NErrors= 106/487 21.7659 78.2341
Class0= 46/244	18.8525	81.1475
Class1= 60/243	24.6914	75.3086


..............................
Epoch 141 Error= 97.4002 (128.011) 
..............................
Epoch 142 Error= 90.2055 (108.565) 
..............................
Epoch 143 Error= 81.3789 (85.3879) 
..............................
Epoch 144 Error= 72.0405 (66.9828) 
..............................
Epoch 145 Error= 69.5151 (71.6238) 
..............................
Epoch 146 Error= 75.6656 (118.478) 
..............................
Epoch 147 Error= 79.8217 (124.882) 
..............................
Epoch 148 Error= 180.779 (584.594) 
..............................
Epoch 149 Error= 115.304 (270.802) 
..............................
Epoch 150 Error= 99.8279 (236.6) 
 counting_train_errors........

train_NErrors= 33/1458 2.26337 97.7366
Class0= 27/729	3.7037	96.2963
Class1= 6/729	0.823045	99.177

 counting_test_errors

test_NErrors= 111/487 22.7926 77.2074
Class0= 77/243	31.6872	68.3128
Class1= 34/244	13.9344	86.0656

 counting_validation_errors...

validation_NErrors= 110/487 22.5873 77.4127
Class0= 68/244	27.8689	72.1311
Class1= 42/243	17.284	82.716


..............................
Epoch 151 Error= 91.1099 (203.347) 
..............................
Epoch 152 Error= 121.059 (339.76) 
..............................
Epoch 153 Error= 356.842 (1271.13) 
..............................
Epoch 154 Error= 179.743 (530.454) 
..............................
Epoch 155 Error= 167.55 (517.922) 
..............................
Epoch 156 Error= 87.0549 (137.329) 
..............................
Epoch 157 Error= 68.9436 (90.0905) 
..............................
Epoch 158 Error= 60.9387 (64.1261) 
..............................
Epoch 159 Error= 65.8588 (125.764) 
..............................
Epoch 160 Error= 64.2757 (109.586) 
 counting_train_errors........

train_NErrors= 26/1458 1.78326 98.2167
Class0= 5/729	0.685871	99.3141
Class1= 21/729	2.88066	97.1193

 counting_test_errors

test_NErrors= 114/487 23.4086 76.5914
Class0= 42/243	17.284	82.716
Class1= 72/244	29.5082	70.4918

 counting_validation_errors...

validation_NErrors= 108/487 22.1766 77.8234
Class0= 34/244	13.9344	86.0656
Class1= 74/243	30.4527	69.5473


..............................
Epoch 161 Error= 63.0841 (111.264) 
..............................
Epoch 162 Error= 49.6774 (55.252) 
..............................
Epoch 163 Error= 43.4547 (38.7743) 
..............................
Epoch 164 Error= 40.5249 (32.6568) 
..............................
Epoch 165 Error= 38.4616 (29.3044) 
..............................
Epoch 166 Error= 36.3386 (27.122) 
..............................
Epoch 167 Error= 36.8719 (30.2531) 
..............................
Epoch 168 Error= 35.4103 (29.3596) 
..............................
Epoch 169 Error= 32.6672 (24.5131) 
..............................
Epoch 170 Error= 33.181 (26.815) 
 counting_train_errors........

train_NErrors= 6/1458 0.411523 99.5885
Class0= 4/729	0.548697	99.4513
Class1= 2/729	0.274348	99.7257

 counting_test_errors

test_NErrors= 108/487 22.1766 77.8234
Class0= 49/243	20.1646	79.8354
Class1= 59/244	24.1803	75.8197

 counting_validation_errors...

validation_NErrors= 105/487 21.5606 78.4394
Class0= 47/244	19.2623	80.7377
Class1= 58/243	23.8683	76.1317


..............................
Epoch 171 Error= 31.8375 (24.6856) 
..............................
Epoch 172 Error= 28.7256 (18.6228) 
..............................
Epoch 173 Error= 29.9568 (20.5826) 
..............................
Epoch 174 Error= 27.7556 (19.0717) 
..............................
Epoch 175 Error= 26.6165 (18.5305) 
..............................
Epoch 176 Error= 27.3166 (22.0704) 
..............................
Epoch 177 Error= 25.6326 (19.6279) 
..............................
Epoch 178 Error= 24.1876 (15.8552) 
..............................
Epoch 179 Error= 23.1278 (14.1865) 
..............................
Epoch 180 Error= 23.1573 (14.9926) 
 counting_train_errors........

train_NErrors= 5/1458 0.342936 99.6571
Class0= 2/729	0.274348	99.7257
Class1= 3/729	0.411523	99.5885

 counting_test_errors

test_NErrors= 107/487 21.9713 78.0287
Class0= 56/243	23.0453	76.9547
Class1= 51/244	20.9016	79.0984

 counting_validation_errors...

validation_NErrors= 104/487 21.3552 78.6448
Class0= 50/244	20.4918	79.5082
Class1= 54/243	22.2222	77.7778


..............................
Epoch 181 Error= 21.8827 (12.8427) 
..............................
Epoch 182 Error= 21.1245 (11.6218) 
..............................
Epoch 183 Error= 20.7543 (11.5054) 
..............................
Epoch 184 Error= 20.0358 (11.8515) 
..............................
Epoch 185 Error= 19.15 (10.1469) 
..............................
Epoch 186 Error= 18.8055 (11.4639) 
..............................
Epoch 187 Error= 18.5061 (9.65605) 
..............................
Epoch 188 Error= 17.4008 (8.14855) 
..............................
Epoch 189 Error= 17.1805 (8.55806) 
..............................
Epoch 190 Error= 16.2685 (8.14211) 
 counting_train_errors........

train_NErrors= 3/1458 0.205761 99.7942
Class0= 0/729	0	100
Class1= 3/729	0.411523	99.5885

 counting_test_errors

test_NErrors= 107/487 21.9713 78.0287
Class0= 51/243	20.9877	79.0123
Class1= 56/244	22.9508	77.0492

 counting_validation_errors...

validation_NErrors= 105/487 21.5606 78.4394
Class0= 48/244	19.6721	80.3279
Class1= 57/243	23.4568	76.5432


..............................
Epoch 191 Error= 17.0412 (9.62092) 
..............................
Epoch 192 Error= 16.2487 (8.5721) 
..............................
Epoch 193 Error= 15.5157 (7.74131) 
..............................
Epoch 194 Error= 15.6519 (8.59208) 
..............................
Epoch 195 Error= 14.7542 (7.21528) 
..............................
Epoch 196 Error= 14.0219 (6.78645) 
..............................
Epoch 197 Error= 14.0796 (7.50898) 
..............................
Epoch 198 Error= 13.4131 (6.5566) 
..............................
Epoch 199 Error= 13.2343 (6.23393) 
..............................
Epoch 200 Error= 12.8331 (6.1432) 
 counting_train_errors........

train_NErrors= 0/1458 0 100
Class0= 0/729	0	100
Class1= 0/729	0	100

 counting_test_errors

test_NErrors= 105/487 21.5606 78.4394
Class0= 42/243	17.284	82.716
Class1= 63/244	25.8197	74.1803

 counting_validation_errors...

validation_NErrors= 106/487 21.7659 78.2341
Class0= 45/244	18.4426	81.5574
Class1= 61/243	25.1029	74.8971


..............................
Epoch 201 Error= 12.3508 (5.79104) 
..............................
Epoch 202 Error= 12.3735 (6.08459) 
..............................
Epoch 203 Error= 11.5827 (5.21469) 
..............................
Epoch 204 Error= 11.1999 (4.58934) 
..............................
Epoch 205 Error= 10.9289 (4.68965) 
..............................
Epoch 206 Error= 10.673 (4.21349) 
..............................
Epoch 207 Error= 10.3946 (4.2573) 
..............................
Epoch 208 Error= 10.1235 (4.13566) 
..............................
Epoch 209 Error= 9.92602 (3.92567) 
..............................
Epoch 210 Error= 9.58953 (3.63377) 
 counting_train_errors........

train_NErrors= 0/1458 0 100
Class0= 0/729	0	100
Class1= 0/729	0	100

 counting_test_errors

test_NErrors= 106/487 21.7659 78.2341
Class0= 48/243	19.7531	80.2469
Class1= 58/244	23.7705	76.2295

 counting_validation_errors...

validation_NErrors= 110/487 22.5873 77.4127
Class0= 53/244	21.7213	78.2787
Class1= 57/243	23.4568	76.5432

..............................
Epoch 211 Error= 9.55502 (3.63059) 
..............................
Epoch 212 Error= 9.41182 (3.9154) 
..............................
Epoch 213 Error= 9.13584 (3.5779) 
..............................
Epoch 214 Error= 8.89731 (3.44389) 
..............................
Epoch 215 Error= 8.7145 (3.27768) 
..............................
Epoch 216 Error= 8.54931 (3.39146) 
..............................
Epoch 217 Error= 8.39767 (3.16815) 
..............................
Epoch 218 Error= 8.02813 (2.73492) 
..............................
Epoch 219 Error= 7.62099 (2.60757) 
..............................
Epoch 220 Error= 7.81314 (2.61061) 
 counting_train_errors........

train_NErrors= 0/1458 0 100
Class0= 0/729	0	100
Class1= 0/729	0	100

 counting_test_errors

test_NErrors= 102/487 20.9446 79.0554
Class0= 47/243	19.3416	80.6584
Class1= 55/244	22.541	77.459

 counting_validation_errors...

validation_NErrors= 111/487 22.7926 77.2074
Class0= 52/244	21.3115	78.6885
Class1= 59/243	24.2798	75.7202

..............................
Epoch 221 Error= 7.55572 (2.48827) 
..............................
Epoch 222 Error= 7.42904 (2.62772) 
..............................
Epoch 223 Error= 7.09267 (2.2127) 
..............................
Epoch 224 Error= 7.0161 (2.8076) 
..............................
Epoch 225 Error= 6.91367 (2.18626) 
..............................
Epoch 226 Error= 6.68433 (1.94017) 
..............................
Epoch 227 Error= 6.51953 (1.76723) 
..............................
Epoch 228 Error= 6.68242 (2.00272) 
..............................
Epoch 229 Error= 6.28687 (1.86352) 
..............................
Epoch 230 Error= 6.26987 (1.74455) 
 counting_train_errors........

train_NErrors= 0/1458 0 100
Class0= 0/729	0	100
Class1= 0/729	0	100

 counting_test_errors

test_NErrors= 103/487 21.1499 78.8501
Class0= 47/243	19.3416	80.6584
Class1= 56/244	22.9508	77.0492

 counting_validation_errors...

validation_NErrors= 112/487 22.9979 77.0021
Class0= 52/244	21.3115	78.6885
Class1= 60/243	24.6914	75.3086

..............................
Epoch 231 Error= 6.21738 (1.82605) 
..............................
Epoch 232 Error= 6.05213 (1.79994) 
..............................
Epoch 233 Error= 5.97834 (1.73208) 
..............................
Epoch 234 Error= 5.83819 (1.58845) 
..............................
Epoch 235 Error= 5.67399 (1.53193) 
..............................
Epoch 236 Error= 5.63669 (1.74666) 
..............................
Epoch 237 Error= 5.59263 (1.7794) 
..............................
Epoch 238 Error= 5.48528 (1.45129) 
..............................
Epoch 239 Error= 5.30331 (1.36006) 
..............................
Epoch 240 Error= 5.13024 (1.20802) 
 counting_train_errors........

train_NErrors= 0/1458 0 100
Class0= 0/729	0	100
Class1= 0/729	0	100

 counting_test_errors

test_NErrors= 100/487 20.5339 79.4661
Class0= 45/243	18.5185	81.4815
Class1= 55/244	22.541	77.459

 counting_validation_errors...

validation_NErrors= 112/487 22.9979 77.0021
Class0= 51/244	20.9016	79.0984
Class1= 61/243	25.1029	74.8971

..............................
Epoch 241 Error= 5.1647 (1.33944) 
..............................
Epoch 242 Error= 5.03517 (1.23423) 
..............................
Epoch 243 Error= 4.95648 (1.15938) 
..............................
Epoch 244 Error= 4.81992 (1.11286) 
..............................
Epoch 245 Error= 4.78823 (1.08856) 
..............................
Epoch 246 Error= 4.66817 (1.07461) 
..............................
Epoch 247 Error= 4.65592 (1.07183) 
..............................
Epoch 248 Error= 4.51362 (0.950061) 
..............................
Epoch 249 Error= 4.54666 (1.05491) 
..............................
Epoch 250 Error= 4.41556 (0.924061) 
 counting_train_errors........

train_NErrors= 0/1458 0 100
Class0= 0/729	0	100
Class1= 0/729	0	100

 counting_test_errors

test_NErrors= 100/487 20.5339 79.4661
Class0= 44/243	18.107	81.893
Class1= 56/244	22.9508	77.0492

 counting_validation_errors...

validation_NErrors= 112/487 22.9979 77.0021
Class0= 50/244	20.4918	79.5082
Class1= 62/243	25.5144	74.4856

..............................
Epoch 251 Error= 4.37015 (0.982423) 
..............................
Epoch 252 Error= 4.30886 (0.892629) 
..............................
Epoch 253 Error= 4.30089 (0.926525) 
..............................
Epoch 254 Error= 4.17536 (0.931245) 
..............................
Epoch 255 Error= 4.06502 (0.791629) 
..............................
Epoch 256 Error= 3.99373 (0.803347) 
..............................
Epoch 257 Error= 3.92461 (0.718891) 
..............................
Epoch 258 Error= 3.93965 (0.792099) 
..............................
Epoch 259 Error= 3.94913 (0.804686) 
..............................
Epoch 260 Error= 3.81886 (0.756697) 
 counting_train_errors........

train_NErrors= 0/1458 0 100
Class0= 0/729	0	100
Class1= 0/729	0	100

 counting_test_errors

test_NErrors= 99/487 20.3285 79.6715
Class0= 44/243	18.107	81.893
Class1= 55/244	22.541	77.459

 counting_validation_errors...

validation_NErrors= 114/487 23.4086 76.5914
Class0= 52/244	21.3115	78.6885
Class1= 62/243	25.5144	74.4856

..............................
Epoch 261 Error= 3.75377 (0.721538) 
..............................
Epoch 262 Error= 3.73425 (0.727492) 
..............................
Epoch 263 Error= 3.63738 (0.653459) 
..............................
Epoch 264 Error= 3.60583 (0.643025) 
..............................
Epoch 265 Error= 3.56045 (0.701206) 
..............................
Epoch 266 Error= 3.58738 (0.690693) 
..............................
Epoch 267 Error= 3.50772 (0.638892) 
..............................
Epoch 268 Error= 3.43571 (0.643854) 
..............................
Epoch 269 Error= 3.41818 (0.607501) 
..............................
Epoch 270 Error= 3.37644 (0.613091) 
 counting_train_errors........

train_NErrors= 0/1458 0 100
Class0= 0/729	0	100
Class1= 0/729	0	100

 counting_test_errors

test_NErrors= 100/487 20.5339 79.4661
Class0= 46/243	18.93	81.07
Class1= 54/244	22.1311	77.8689

 counting_validation_errors...

validation_NErrors= 114/487 23.4086 76.5914
Class0= 53/244	21.7213	78.2787
Class1= 61/243	25.1029	74.8971

..............................
Epoch 271 Error= 3.31678 (0.574719) 
..............................
Epoch 272 Error= 3.2297 (0.530907) 
..............................
Epoch 273 Error= 3.21455 (0.545662) 
..............................
Epoch 274 Error= 3.21074 (0.523439) 
..............................
Epoch 275 Error= 3.13386 (0.517378) 
..............................
Epoch 276 Error= 3.11447 (0.538269) 
..............................
Epoch 277 Error= 3.08291 (0.491828) 
..............................
Epoch 278 Error= 3.01518 (0.485099) 
..............................
Epoch 279 Error= 2.99249 (0.466297) 
..............................
Epoch 280 Error= 2.97673 (0.474379) 
 counting_train_errors........

train_NErrors= 0/1458 0 100
Class0= 0/729	0	100
Class1= 0/729	0	100

 counting_test_errors

test_NErrors= 99/487 20.3285 79.6715
Class0= 44/243	18.107	81.893
Class1= 55/244	22.541	77.459

 counting_validation_errors...

validation_NErrors= 114/487 23.4086 76.5914
Class0= 52/244	21.3115	78.6885
Class1= 62/243	25.5144	74.4856

..............................
Epoch 281 Error= 2.92046 (0.433808) 
..............................
Epoch 282 Error= 2.92322 (0.498356) 
..............................
Epoch 283 Error= 2.82965 (0.414557) 
..............................
Epoch 284 Error= 2.85484 (0.456169) 
..............................
Epoch 285 Error= 2.80446 (0.419394) 
..............................
Epoch 286 Error= 2.75504 (0.398173) 
..............................
Epoch 287 Error= 2.73927 (0.422394) 
..............................
Epoch 288 Error= 2.7014 (0.381913) 
..............................
Epoch 289 Error= 2.68377 (0.399372) 
..............................
Epoch 290 Error= 2.64542 (0.375998) 
 counting_train_errors........

train_NErrors= 0/1458 0 100
Class0= 0/729	0	100
Class1= 0/729	0	100

 counting_test_errors

test_NErrors= 100/487 20.5339 79.4661
Class0= 47/243	19.3416	80.6584
Class1= 53/244	21.7213	78.2787

 counting_validation_errors...

validation_NErrors= 113/487 23.2033 76.7967
Class0= 53/244	21.7213	78.2787
Class1= 60/243	24.6914	75.3086

..............................
Epoch 291 Error= 2.63411 (0.378061) 
..............................
Epoch 292 Error= 2.58282 (0.359337) 
..............................
Epoch 293 Error= 2.62518 (0.400842) 
..............................
Epoch 294 Error= 2.54 (0.36471) 
..............................
Epoch 295 Error= 2.56011 (0.368626) 
..............................
Epoch 296 Error= 2.47009 (0.308097) 
..............................
Epoch 297 Error= 2.44984 (0.342237) 
..............................
Epoch 298 Error= 2.44261 (0.325722) 
..............................
Epoch 299 Error= 2.42448 (0.32966) 
..............................
Epoch 300 Error= 2.4224 (0.383113) 
 counting_train_errors........

train_NErrors= 0/1458 0 100
Class0= 0/729	0	100
Class1= 0/729	0	100

 counting_test_errors

test_NErrors= 101/487 20.7392 79.2608
Class0= 46/243	18.93	81.07
Class1= 55/244	22.541	77.459

 counting_validation_errors...

validation_NErrors= 114/487 23.4086 76.5914
Class0= 52/244	21.3115	78.6885
Class1= 62/243	25.5144	74.4856

..............................
Epoch 301 Error= 2.37345 (0.312066) 
..............................
Epoch 302 Error= 2.3573 (0.307763) 
..............................
Epoch 303 Error= 2.31675 (0.288783) 
..............................
Epoch 304 Error= 2.30086 (0.284472) 
..............................
Epoch 305 Error= 2.2735 (0.281554) 
..............................
Epoch 306 Error= 2.26457 (0.286053) 
..............................
Epoch 307 Error= 2.23243 (0.284697) 
..............................
Epoch 308 Error= 2.21815 (0.279338) 
..............................
Epoch 309 Error= 2.18906 (0.272183) 
..............................
Epoch 310 Error= 2.17735 (0.261084) 
 counting_train_errors........

train_NErrors= 0/1458 0 100
Class0= 0/729	0	100
Class1= 0/729	0	100

 counting_test_errors

test_NErrors= 102/487 20.9446 79.0554
Class0= 48/243	19.7531	80.2469
Class1= 54/244	22.1311	77.8689

 counting_validation_errors...

validation_NErrors= 113/487 23.2033 76.7967
Class0= 53/244	21.7213	78.2787
Class1= 60/243	24.6914	75.3086

..............................
Epoch 311 Error= 2.13891 (0.257547) 
..............................
Epoch 312 Error= 2.12248 (0.252121) 
..............................
Epoch 313 Error= 2.10554 (0.257167) 
..............................
Epoch 314 Error= 2.1019 (0.245479) 
..............................
Epoch 315 Error= 2.09889 (0.284904) 
..............................
Epoch 316 Error= 2.07539 (0.246543) 
..............................
Epoch 317 Error= 2.05511 (0.255637) 
..............................
Epoch 318 Error= 2.04449 (0.242719) 
..............................
Epoch 319 Error= 2.00485 (0.231676) 
..............................
Epoch 320 Error= 1.99531 (0.244927) 
 counting_train_errors........

train_NErrors= 0/1458 0 100
Class0= 0/729	0	100
Class1= 0/729	0	100

 counting_test_errors

test_NErrors= 102/487 20.9446 79.0554
Class0= 46/243	18.93	81.07
Class1= 56/244	22.9508	77.0492

 counting_validation_errors...

validation_NErrors= 113/487 23.2033 76.7967
Class0= 52/244	21.3115	78.6885
Class1= 61/243	25.1029	74.8971

..............................
Epoch 321 Error= 1.94706 (0.221474) 
..............................
Epoch 322 Error= 1.99316 (0.267846) 
..............................
Epoch 323 Error= 1.92896 (0.21451) 
..............................
Epoch 324 Error= 1.92461 (0.222002) 
..............................
Epoch 325 Error= 1.90001 (0.216216) 
..............................
Epoch 326 Error= 1.89993 (0.218871) 
..............................
Epoch 327 Error= 1.88675 (0.21746) 
..............................
Epoch 328 Error= 1.86692 (0.214413) 
..............................
Epoch 329 Error= 1.83981 (0.20835) 
..............................
Epoch 330 Error= 1.82839 (0.196181) 
 counting_train_errors........

train_NErrors= 0/1458 0 100
Class0= 0/729	0	100
Class1= 0/729	0	100

 counting_test_errors

test_NErrors= 101/487 20.7392 79.2608
Class0= 46/243	18.93	81.07
Class1= 55/244	22.541	77.459

 counting_validation_errors...

validation_NErrors= 113/487 23.2033 76.7967
Class0= 52/244	21.3115	78.6885
Class1= 61/243	25.1029	74.8971

..............................
Epoch 331 Error= 1.79878 (0.194022) 
..............................
Epoch 332 Error= 1.7955 (0.192754) 
..............................
Epoch 333 Error= 1.7879 (0.206159) 
..............................
Epoch 334 Error= 1.78171 (0.195813) 
..............................
Epoch 335 Error= 1.75681 (0.182445) 
..............................
Epoch 336 Error= 1.73835 (0.19189) 
..............................
Epoch 337 Error= 1.73375 (0.1844) 
..............................
Epoch 338 Error= 1.72616 (0.193891) 
..............................
Epoch 339 Error= 1.67665 (0.164322) 
..............................
Epoch 340 Error= 1.68015 (0.167691) 
 counting_train_errors........

train_NErrors= 0/1458 0 100
Class0= 0/729	0	100
Class1= 0/729	0	100

 counting_test_errors

test_NErrors= 102/487 20.9446 79.0554
Class0= 47/243	19.3416	80.6584
Class1= 55/244	22.541	77.459

 counting_validation_errors...

validation_NErrors= 113/487 23.2033 76.7967
Class0= 52/244	21.3115	78.6885
Class1= 61/243	25.1029	74.8971

..............................
Epoch 341 Error= 1.66264 (0.164625) 
..............................
Epoch 342 Error= 1.67072 (0.178751) 
..............................
Epoch 343 Error= 1.65368 (0.166857) 
..............................
Epoch 344 Error= 1.63463 (0.167376) 
..............................
Epoch 345 Error= 1.6178 (0.166825) 
..............................
Epoch 346 Error= 1.60307 (0.152583) 
..............................
Epoch 347 Error= 1.60327 (0.176055) 
..............................
Epoch 348 Error= 1.59153 (0.166053) 
..............................
Epoch 349 Error= 1.58243 (0.164632) 
..............................
Epoch 350 Error= 1.56089 (0.159995) 
 counting_train_errors........

train_NErrors= 0/1458 0 100
Class0= 0/729	0	100
Class1= 0/729	0	100

 counting_test_errors

test_NErrors= 103/487 21.1499 78.8501
Class0= 49/243	20.1646	79.8354
Class1= 54/244	22.1311	77.8689

 counting_validation_errors...

validation_NErrors= 113/487 23.2033 76.7967
Class0= 52/244	21.3115	78.6885
Class1= 61/243	25.1029	74.8971

..............................
Epoch 351 Error= 1.552 (0.150818) 
..............................
Epoch 352 Error= 1.55393 (0.159063) 
..............................
Epoch 353 Error= 1.53383 (0.158533) 
..............................
Epoch 354 Error= 1.52866 (0.150229) 
..............................
Epoch 355 Error= 1.49531 (0.139282) 
..............................
Epoch 356 Error= 1.49096 (0.138903) 
..............................
Epoch 357 Error= 1.47717 (0.136149) 
..............................
Epoch 358 Error= 1.47431 (0.14593) 
..............................
Epoch 359 Error= 1.46124 (0.141697) 
..............................
Epoch 360 Error= 1.45535 (0.135382) 
 counting_train_errors........

train_NErrors= 0/1458 0 100
Class0= 0/729	0	100
Class1= 0/729	0	100

 counting_test_errors

test_NErrors= 102/487 20.9446 79.0554
Class0= 48/243	19.7531	80.2469
Class1= 54/244	22.1311	77.8689

 counting_validation_errors...

validation_NErrors= 113/487 23.2033 76.7967
Class0= 52/244	21.3115	78.6885
Class1= 61/243	25.1029	74.8971

..............................
Epoch 361 Error= 1.43594 (0.128735) 
..............................
Epoch 362 Error= 1.42691 (0.135166) 
..............................
Epoch 363 Error= 1.43082 (0.146946) 
..............................
Epoch 364 Error= 1.41404 (0.130054) 
..............................
Epoch 365 Error= 1.40968 (0.131198) 
..............................
Epoch 366 Error= 1.3881 (0.121201) 
..............................
Epoch 367 Error= 1.38487 (0.128074) 
..............................
Epoch 368 Error= 1.38519 (0.131862) 
..............................
Epoch 369 Error= 1.3596 (0.118576) 
..............................
Epoch 370 Error= 1.35645 (0.119989) 
 counting_train_errors........

train_NErrors= 0/1458 0 100
Class0= 0/729	0	100
Class1= 0/729	0	100

 counting_test_errors

test_NErrors= 102/487 20.9446 79.0554
Class0= 47/243	19.3416	80.6584
Class1= 55/244	22.541	77.459

 counting_validation_errors...

validation_NErrors= 113/487 23.2033 76.7967
Class0= 52/244	21.3115	78.6885
Class1= 61/243	25.1029	74.8971

..............................
Epoch 371 Error= 1.3529 (0.12142) 
..............................
Epoch 372 Error= 1.33928 (0.122505) 
..............................
Epoch 373 Error= 1.35054 (0.12598) 
..............................
Epoch 374 Error= 1.32399 (0.118219) 
..............................
Epoch 375 Error= 1.31396 (0.127982) 
..............................
Epoch 376 Error= 1.30717 (0.114063) 
..............................
Epoch 377 Error= 1.29175 (0.10473) 
..............................
Epoch 378 Error= 1.29514 (0.116628) 
..............................
Epoch 379 Error= 1.27505 (0.10436) 
..............................
Epoch 380 Error= 1.27052 (0.110255) 
 counting_train_errors........

train_NErrors= 0/1458 0 100
Class0= 0/729	0	100
Class1= 0/729	0	100

 counting_test_errors

test_NErrors= 103/487 21.1499 78.8501
Class0= 48/243	19.7531	80.2469
Class1= 55/244	22.541	77.459

 counting_validation_errors...

validation_NErrors= 113/487 23.2033 76.7967
Class0= 52/244	21.3115	78.6885
Class1= 61/243	25.1029	74.8971

..............................
Epoch 381 Error= 1.27056 (0.115541) 
..............................
Epoch 382 Error= 1.2589 (0.114541) 
..............................
Epoch 383 Error= 1.24445 (0.106133) 
..............................
Epoch 384 Error= 1.23712 (0.106183) 
..............................
Epoch 385 Error= 1.23079 (0.105604) 
..............................
Epoch 386 Error= 1.23226 (0.109953) 
..............................
Epoch 387 Error= 1.21323 (0.0978713) 
..............................
Epoch 388 Error= 1.20291 (0.095229) 
..............................
Epoch 389 Error= 1.20098 (0.101046) 
..............................
Epoch 390 Error= 1.18339 (0.0974048) 
 counting_train_errors........

train_NErrors= 0/1458 0 100
Class0= 0/729	0	100
Class1= 0/729	0	100

 counting_test_errors

test_NErrors= 104/487 21.3552 78.6448
Class0= 49/243	20.1646	79.8354
Class1= 55/244	22.541	77.459

 counting_validation_errors...

validation_NErrors= 113/487 23.2033 76.7967
Class0= 52/244	21.3115	78.6885
Class1= 61/243	25.1029	74.8971

..............................
Epoch 391 Error= 1.18375 (0.0928759) 
..............................
Epoch 392 Error= 1.17699 (0.0999451) 
..............................
Epoch 393 Error= 1.17567 (0.0982126) 
..............................
Epoch 394 Error= 1.16457 (0.0941075) 
..............................
Epoch 395 Error= 1.15577 (0.0926989) 
..............................
Epoch 396 Error= 1.14673 (0.0896554) 
..............................
Epoch 397 Error= 1.1455 (0.0922149) 
..............................
Epoch 398 Error= 1.13965 (0.0885426) 
..............................
Epoch 399 Error= 1.13309 (0.0907823) 
..............................
Epoch 400 Error= 1.12022 (0.0871639) 
 counting_train_errors........

train_NErrors= 0/1458 0 100
Class0= 0/729	0	100
Class1= 0/729	0	100

 counting_test_errors

test_NErrors= 104/487 21.3552 78.6448
Class0= 45/243	18.5185	81.4815
Class1= 59/244	24.1803	75.8197

 counting_validation_errors...

validation_NErrors= 114/487 23.4086 76.5914
Class0= 51/244	20.9016	79.0984
Class1= 63/243	25.9259	74.0741

..............................
Epoch 401 Error= 1.13743 (0.0983358) 
..............................
Epoch 402 Error= 1.1129 (0.0894847) 
..............................
Epoch 403 Error= 1.10343 (0.086385) 
..............................
Epoch 404 Error= 1.09267 (0.0844814) 
..............................
Epoch 405 Error= 1.09604 (0.0893063) 
..............................
Epoch 406 Error= 1.08698 (0.0852365) 
..............................
Epoch 407 Error= 1.08555 (0.0866134) 
..............................
Epoch 408 Error= 1.07293 (0.0817045) 
..............................
Epoch 409 Error= 1.06357 (0.0813262) 
..............................
Epoch 410 Error= 1.0612 (0.0843012) 
 counting_train_errors........

train_NErrors= 0/1458 0 100
Class0= 0/729	0	100
Class1= 0/729	0	100

 counting_test_errors

test_NErrors= 104/487 21.3552 78.6448
Class0= 47/243	19.3416	80.6584
Class1= 57/244	23.3607	76.6393

 counting_validation_errors...

validation_NErrors= 114/487 23.4086 76.5914
Class0= 52/244	21.3115	78.6885
Class1= 62/243	25.5144	74.4856

..............................
Epoch 411 Error= 1.05085 (0.0786694) 
..............................
Epoch 412 Error= 1.04919 (0.0809456) 
..............................
Epoch 413 Error= 1.03926 (0.0788861) 
..............................
Epoch 414 Error= 1.04341 (0.0766501) 
..............................
Epoch 415 Error= 1.03362 (0.0748773) 
..............................
Epoch 416 Error= 1.01917 (0.0762962) 
..............................
Epoch 417 Error= 1.02534 (0.0859073) 
..............................
Epoch 418 Error= 1.01134 (0.0748406) 
..............................
Epoch 419 Error= 1.01427 (0.0759619) 
..............................
Epoch 420 Error= 1.01135 (0.082058) 
 counting_train_errors........

train_NErrors= 0/1458 0 100
Class0= 0/729	0	100
Class1= 0/729	0	100

 counting_test_errors

test_NErrors= 104/487 21.3552 78.6448
Class0= 47/243	19.3416	80.6584
Class1= 57/244	23.3607	76.6393

 counting_validation_errors...

validation_NErrors= 114/487 23.4086 76.5914
Class0= 52/244	21.3115	78.6885
Class1= 62/243	25.5144	74.4856

..............................
Epoch 421 Error= 0.992291 (0.070683) 
..............................
Epoch 422 Error= 0.986147 (0.0712953) 
..............................
Epoch 423 Error= 0.993643 (0.0789804) 
..............................
Epoch 424 Error= 0.982589 (0.0735508) 
..............................
Epoch 425 Error= 0.975009 (0.0685541) 
..............................
Epoch 426 Error= 0.972934 (0.0741751) 
..............................
Epoch 427 Error= 0.967937 (0.073929) 
..............................
Epoch 428 Error= 0.960325 (0.0680715) 
..............................
Epoch 429 Error= 0.953859 (0.0756331) 
..............................
Epoch 430 Error= 0.951155 (0.0666258) 
 counting_train_errors........

train_NErrors= 0/1458 0 100
Class0= 0/729	0	100
Class1= 0/729	0	100

 counting_test_errors

test_NErrors= 105/487 21.5606 78.4394
Class0= 49/243	20.1646	79.8354
Class1= 56/244	22.9508	77.0492

 counting_validation_errors...

validation_NErrors= 113/487 23.2033 76.7967
Class0= 52/244	21.3115	78.6885
Class1= 61/243	25.1029	74.8971

..............................
Epoch 431 Error= 0.948852 (0.0666157) 
..............................
Epoch 432 Error= 0.943233 (0.0685843) 
..............................
Epoch 433 Error= 0.939397 (0.064738) 
..............................
Epoch 434 Error= 0.925119 (0.0632587) 
..............................
Epoch 435 Error= 0.925189 (0.0612837) 
..............................
Epoch 436 Error= 0.930955 (0.0698361) 
..............................
Epoch 437 Error= 0.915081 (0.0622586) 
..............................
Epoch 438 Error= 0.911521 (0.061979) 
..............................
Epoch 439 Error= 0.914882 (0.0660825) 
..............................
Epoch 440 Error= 0.907448 (0.0652052) 
 counting_train_errors........

train_NErrors= 0/1458 0 100
Class0= 0/729	0	100
Class1= 0/729	0	100

 counting_test_errors

test_NErrors= 105/487 21.5606 78.4394
Class0= 47/243	19.3416	80.6584
Class1= 58/244	23.7705	76.2295

 counting_validation_errors...

validation_NErrors= 114/487 23.4086 76.5914
Class0= 52/244	21.3115	78.6885
Class1= 62/243	25.5144	74.4856

..............................
Epoch 441 Error= 0.893004 (0.0590091) 
..............................
Epoch 442 Error= 0.902376 (0.0620643) 
..............................
Epoch 443 Error= 0.893095 (0.0604872) 
..............................
Epoch 444 Error= 0.886461 (0.0576688) 
..............................
Epoch 445 Error= 0.885861 (0.0670707) 
..............................
Epoch 446 Error= 0.876626 (0.0628478) 
..............................
Epoch 447 Error= 0.8713 (0.0601588) 
..............................
Epoch 448 Error= 0.872494 (0.0629363) 
..............................
Epoch 449 Error= 0.866179 (0.0566964) 
..............................
Epoch 450 Error= 0.855006 (0.0557428) 
 counting_train_errors........

train_NErrors= 0/1458 0 100
Class0= 0/729	0	100
Class1= 0/729	0	100

 counting_test_errors

test_NErrors= 103/487 21.1499 78.8501
Class0= 45/243	18.5185	81.4815
Class1= 58/244	23.7705	76.2295

 counting_validation_errors...

validation_NErrors= 114/487 23.4086 76.5914
Class0= 52/244	21.3115	78.6885
Class1= 62/243	25.5144	74.4856

..............................
Epoch 451 Error= 0.859345 (0.0601146) 
..............................
Epoch 452 Error= 0.851724 (0.0569603) 
..............................
Epoch 453 Error= 0.855364 (0.0566275) 
..............................
Epoch 454 Error= 0.843498 (0.0565367) 
..............................
Epoch 455 Error= 0.840673 (0.056319) 
..............................
Epoch 456 Error= 0.841049 (0.0599596) 
..............................
Epoch 457 Error= 0.826921 (0.0520021) 
..............................
Epoch 458 Error= 0.83458 (0.057936) 
..............................
Epoch 459 Error= 0.822477 (0.053187) 
..............................
Epoch 460 Error= 0.817125 (0.0518685) 
 counting_train_errors........

train_NErrors= 0/1458 0 100
Class0= 0/729	0	100
Class1= 0/729	0	100

 counting_test_errors

test_NErrors= 104/487 21.3552 78.6448
Class0= 49/243	20.1646	79.8354
Class1= 55/244	22.541	77.459

 counting_validation_errors...

validation_NErrors= 113/487 23.2033 76.7967
Class0= 53/244	21.7213	78.2787
Class1= 60/243	24.6914	75.3086

..............................
Epoch 461 Error= 0.818619 (0.0528475) 
..............................
Epoch 462 Error= 0.820576 (0.0576679) 
..............................
Epoch 463 Error= 0.810689 (0.0511265) 
..............................
Epoch 464 Error= 0.806848 (0.0554173) 
..............................
Epoch 465 Error= 0.802961 (0.0495237) 
..............................
Epoch 466 Error= 0.804372 (0.0536436) 
..............................
Epoch 467 Error= 0.793396 (0.0488968) 
..............................
Epoch 468 Error= 0.793929 (0.0528132) 
..............................
Epoch 469 Error= 0.785206 (0.0489341) 
..............................
Epoch 470 Error= 0.782444 (0.0497015) 
 counting_train_errors........

train_NErrors= 0/1458 0 100
Class0= 0/729	0	100
Class1= 0/729	0	100

 counting_test_errors

test_NErrors= 104/487 21.3552 78.6448
Class0= 46/243	18.93	81.07
Class1= 58/244	23.7705	76.2295

 counting_validation_errors...

validation_NErrors= 114/487 23.4086 76.5914
Class0= 52/244	21.3115	78.6885
Class1= 62/243	25.5144	74.4856

..............................
Epoch 471 Error= 0.784535 (0.050045) 
..............................
Epoch 472 Error= 0.777566 (0.0501097) 
..............................
Epoch 473 Error= 0.773015 (0.0474493) 
..............................
Epoch 474 Error= 0.771669 (0.0482249) 
..............................
Epoch 475 Error= 0.773441 (0.0479142) 
..............................
Epoch 476 Error= 0.769069 (0.0509688) 
..............................
Epoch 477 Error= 0.767914 (0.0526959) 
..............................
Epoch 478 Error= 0.755868 (0.049675) 
..............................
Epoch 479 Error= 0.751285 (0.0471075) 
..............................
Epoch 480 Error= 0.754115 (0.0500742) 
 counting_train_errors........

train_NErrors= 0/1458 0 100
Class0= 0/729	0	100
Class1= 0/729	0	100

 counting_test_errors

test_NErrors= 105/487 21.5606 78.4394
Class0= 47/243	19.3416	80.6584
Class1= 58/244	23.7705	76.2295

 counting_validation_errors...

validation_NErrors= 114/487 23.4086 76.5914
Class0= 52/244	21.3115	78.6885
Class1= 62/243	25.5144	74.4856

..............................
Epoch 481 Error= 0.74375 (0.0425525) 
..............................
Epoch 482 Error= 0.746806 (0.045699) 
..............................
Epoch 483 Error= 0.743449 (0.0474772) 
..............................
Epoch 484 Error= 0.736045 (0.0473654) 
..............................
Epoch 485 Error= 0.738575 (0.0476829) 
..............................
Epoch 486 Error= 0.732081 (0.0461286) 
..............................
Epoch 487 Error= 0.731659 (0.0485562) 
..............................
Epoch 488 Error= 0.729171 (0.0472904) 
..............................
Epoch 489 Error= 0.717078 (0.0409531) 
..............................
Epoch 490 Error= 0.713031 (0.0422857) 
 counting_train_errors........

train_NErrors= 0/1458 0 100
Class0= 0/729	0	100
Class1= 0/729	0	100

 counting_test_errors

test_NErrors= 107/487 21.9713 78.0287
Class0= 49/243	20.1646	79.8354
Class1= 58/244	23.7705	76.2295

 counting_validation_errors...

validation_NErrors= 114/487 23.4086 76.5914
Class0= 52/244	21.3115	78.6885
Class1= 62/243	25.5144	74.4856

..............................
Epoch 491 Error= 0.717882 (0.0472269) 
..............................
Epoch 492 Error= 0.71135 (0.0427982) 
..............................
Epoch 493 Error= 0.71 (0.0436771) 
..............................
Epoch 494 Error= 0.710265 (0.049678) 
..............................
Epoch 495 Error= 0.703977 (0.0435101) 
..............................
Epoch 496 Error= 0.701183 (0.0413211) 
..............................
Epoch 497 Error= 0.698891 (0.0418582) 
..............................
Epoch 498 Error= 0.694812 (0.0413647) 
..............................
Epoch 499 Error= 0.690581 (0.0389164) 
..............................
Epoch 500 Error= 0.694252 (0.0458482) 
 counting_train_errors........

train_NErrors= 0/1458 0 100
Class0= 0/729	0	100
Class1= 0/729	0	100

 counting_test_errors

test_NErrors= 106/487 21.7659 78.2341
Class0= 48/243	19.7531	80.2469
Class1= 58/244	23.7705	76.2295

 counting_validation_errors...

validation_NErrors= 114/487 23.4086 76.5914
Class0= 52/244	21.3115	78.6885
Class1= 62/243	25.5144	74.4856

