epsilon 0.2
NF 5
NHY 5
NHF 5
context 10
Moore 1
CoF 0
Classes 2
Thresholds 1.5 
seed 949
shuffle 1
batch_blocks 150
readModel 0
readEpoch 0
nEpochs 500
adaptive 1000
reload 1
belief 0
threshold 0
alidir ./
Creating model
Generating random parameters
Reading train dataset
Reading test dataset
Reading validation dataset
Actual lrate= 0.000371798
Start learning
..............................
Epoch 1 Error= 1013.09 (0.00215401) 
..............................
Epoch 2 Error= 1012.7 (0.0020925) 
..............................
Epoch 3 Error= 1012.02 (0.00208496) 
..............................
Epoch 4 Error= 1012.82 (0.00209333) 
..............................
Epoch 5 Error= 1012.08 (0.00220032) 
..............................
Epoch 6 Error= 1012.05 (0.00226655) 
..............................
Epoch 7 Error= 1012.06 (0.00252554) 
..............................
Epoch 8 Error= 1011.67 (0.00283981) 
..............................
Epoch 9 Error= 1012.32 (0.00310822) 
..............................
Epoch 10 Error= 1011.6 (0.00356267) 
 counting_train_errors........

train_NErrors= 729/1459 49.9657 50.0343
Class0= 729/729	100	0
Class1= 0/730	0	100

 counting_test_errors

test_NErrors= 244/487 50.1027 49.8973
Class0= 244/244	100	0
Class1= 0/243	0	100

 counting_validation_errors...

validation_NErrors= 243/486 50 50
Class0= 243/243	100	0
Class1= 0/243	0	100


..............................
Epoch 11 Error= 1012.12 (0.00431557) 
..............................
Epoch 12 Error= 1011.68 (0.00475714) 
..............................
Epoch 13 Error= 1011.47 (0.00565166) 
..............................
Epoch 14 Error= 1012.32 (0.006724) 
..............................
Epoch 15 Error= 1011.6 (0.00787767) 
..............................
Epoch 16 Error= 1011.39 (0.00921815) 
..............................
Epoch 17 Error= 1011.55 (0.0106411) 
..............................
Epoch 18 Error= 1011.24 (0.0132899) 
..............................
Epoch 19 Error= 1009.94 (0.0154865) 
..............................
Epoch 20 Error= 1010.57 (0.0189193) 
 counting_train_errors........

train_NErrors= 725/1459 49.6916 50.3084
Class0= 723/729	99.177	0.823045
Class1= 2/730	0.273973	99.726

 counting_test_errors

test_NErrors= 242/487 49.692 50.308
Class0= 240/244	98.3607	1.63934
Class1= 2/243	0.823045	99.177

 counting_validation_errors...

validation_NErrors= 241/486 49.5885 50.4115
Class0= 240/243	98.7654	1.23457
Class1= 1/243	0.411523	99.5885


..............................
Epoch 21 Error= 1010.03 (0.0223058) 
..............................
Epoch 22 Error= 1009.44 (0.0263578) 
..............................
Epoch 23 Error= 1008.21 (0.0319312) 
..............................
Epoch 24 Error= 1008.32 (0.0389826) 
..............................
Epoch 25 Error= 1007.81 (0.0486984) 
..............................
Epoch 26 Error= 1006.92 (0.0590811) 
..............................
Epoch 27 Error= 1005.91 (0.072024) 
..............................
Epoch 28 Error= 1004.85 (0.0897869) 
..............................
Epoch 29 Error= 1002.47 (0.112946) 
..............................
Epoch 30 Error= 1001.41 (0.144192) 
 counting_train_errors........

train_NErrors= 534/1459 36.6004 63.3996
Class0= 65/729	8.91632	91.0837
Class1= 469/730	64.2466	35.7534

 counting_test_errors

test_NErrors= 170/487 34.9076 65.0924
Class0= 17/244	6.96721	93.0328
Class1= 153/243	62.963	37.037

 counting_validation_errors...

validation_NErrors= 188/486 38.6831 61.3169
Class0= 20/243	8.23045	91.7695
Class1= 168/243	69.1358	30.8642


..............................
Epoch 31 Error= 998.244 (0.183114) 
..............................
Epoch 32 Error= 997.295 (0.243062) 
..............................
Epoch 33 Error= 993.293 (0.332972) 
..............................
Epoch 34 Error= 989.984 (0.467527) 
..............................
Epoch 35 Error= 985.064 (0.696252) 
..............................
Epoch 36 Error= 982.01 (1.0444) 
..............................
Epoch 37 Error= 976.598 (1.71324) 
..............................
Epoch 38 Error= 970.121 (2.87362) 
..............................
Epoch 39 Error= 962.954 (5.09537) 
..............................
Epoch 40 Error= 951.983 (10.7447) 
 counting_train_errors........

train_NErrors= 436/1459 29.8835 70.1165
Class0= 102/729	13.9918	86.0082
Class1= 334/730	45.7534	54.2466

 counting_test_errors

test_NErrors= 142/487 29.1581 70.8419
Class0= 27/244	11.0656	88.9344
Class1= 115/243	47.3251	52.6749

 counting_validation_errors...

validation_NErrors= 148/486 30.4527 69.5473
Class0= 34/243	13.9918	86.0082
Class1= 114/243	46.9136	53.0864


..............................
Epoch 41 Error= 924.739 (23.2162) 
..............................
Epoch 42 Error= 877.371 (50.6017) 
..............................
Epoch 43 Error= 842.021 (79.8517) 
..............................
Epoch 44 Error= 825.583 (90.4505) 
..............................
Epoch 45 Error= 817.48 (97.0802) 
..............................
Epoch 46 Error= 808.928 (97.3522) 
..............................
Epoch 47 Error= 817.871 (86.0305) 
..............................
Epoch 48 Error= 801.227 (86.503) 
..............................
Epoch 49 Error= 789.911 (82.166) 
..............................
Epoch 50 Error= 780.815 (87.057) 
 counting_train_errors........

train_NErrors= 401/1459 27.4846 72.5154
Class0= 229/729	31.4129	68.5871
Class1= 172/730	23.5616	76.4384

 counting_test_errors

test_NErrors= 128/487 26.2834 73.7166
Class0= 72/244	29.5082	70.4918
Class1= 56/243	23.0453	76.9547

 counting_validation_errors...

validation_NErrors= 137/486 28.1893 71.8107
Class0= 84/243	34.5679	65.4321
Class1= 53/243	21.8107	78.1893


..............................
Epoch 51 Error= 785.382 (88.1222) 
..............................
Epoch 52 Error= 767.932 (84.5608) 
..............................
Epoch 53 Error= 758.972 (89.834) 
..............................
Epoch 54 Error= 764.844 (95.553) 
..............................
Epoch 55 Error= 779.238 (80.6107) 
..............................
Epoch 56 Error= 770.334 (74.1389) 
..............................
Epoch 57 Error= 741.086 (75.379) 
..............................
Epoch 58 Error= 747.839 (77.6295) 
..............................
Epoch 59 Error= 740.368 (75.2701) 
..............................
Epoch 60 Error= 753.729 (80.1686) 
 counting_train_errors........

train_NErrors= 338/1459 23.1666 76.8334
Class0= 148/729	20.3018	79.6982
Class1= 190/730	26.0274	73.9726

 counting_test_errors

test_NErrors= 114/487 23.4086 76.5914
Class0= 47/244	19.2623	80.7377
Class1= 67/243	27.572	72.428

 counting_validation_errors...

validation_NErrors= 124/486 25.5144 74.4856
Class0= 61/243	25.1029	74.8971
Class1= 63/243	25.9259	74.0741


..............................
Epoch 61 Error= 727.177 (70.1393) 
..............................
Epoch 62 Error= 724.463 (79.2064) 
..............................
Epoch 63 Error= 715.069 (75.4809) 
..............................
Epoch 64 Error= 722.674 (70.1938) 
..............................
Epoch 65 Error= 724.291 (67.2889) 
..............................
Epoch 66 Error= 735.475 (70.3285) 
..............................
Epoch 67 Error= 702.195 (59.234) 
..............................
Epoch 68 Error= 697.974 (61.61) 
..............................
Epoch 69 Error= 690.663 (67.4684) 
..............................
Epoch 70 Error= 689.37 (65.9499) 
 counting_train_errors........

train_NErrors= 317/1459 21.7272 78.2728
Class0= 224/729	30.727	69.273
Class1= 93/730	12.7397	87.2603

 counting_test_errors

test_NErrors= 114/487 23.4086 76.5914
Class0= 75/244	30.7377	69.2623
Class1= 39/243	16.0494	83.9506

 counting_validation_errors...

validation_NErrors= 120/486 24.6914 75.3086
Class0= 89/243	36.6255	63.3745
Class1= 31/243	12.7572	87.2428


..............................
Epoch 71 Error= 673.46 (67.0422) 
..............................
Epoch 72 Error= 689.785 (65.067) 
..............................
Epoch 73 Error= 685.1 (57.5595) 
..............................
Epoch 74 Error= 652.388 (61.3705) 
..............................
Epoch 75 Error= 641.778 (62.1591) 
..............................
Epoch 76 Error= 646.046 (67.1951) 
..............................
Epoch 77 Error= 621.088 (62.7758) 
..............................
Epoch 78 Error= 606.333 (69.7383) 
..............................
Epoch 79 Error= 604.495 (69.918) 
..............................
Epoch 80 Error= 612.198 (74.614) 
 counting_train_errors........

train_NErrors= 256/1459 17.5463 82.4537
Class0= 174/729	23.8683	76.1317
Class1= 82/730	11.2329	88.7671

 counting_test_errors

test_NErrors= 103/487 21.1499 78.8501
Class0= 64/244	26.2295	73.7705
Class1= 39/243	16.0494	83.9506

 counting_validation_errors...

validation_NErrors= 100/486 20.5761 79.4239
Class0= 71/243	29.2181	70.7819
Class1= 29/243	11.9342	88.0658


..............................
Epoch 81 Error= 605.511 (65.022) 
..............................
Epoch 82 Error= 565.54 (67.2508) 
..............................
Epoch 83 Error= 550.544 (74.8414) 
..............................
Epoch 84 Error= 557.211 (76.1598) 
..............................
Epoch 85 Error= 533.827 (77.4496) 
..............................
Epoch 86 Error= 532.839 (88.2101) 
..............................
Epoch 87 Error= 514.027 (87.91) 
..............................
Epoch 88 Error= 493.493 (90.2388) 
..............................
Epoch 89 Error= 485.529 (98.7803) 
..............................
Epoch 90 Error= 473.982 (101.86) 
 counting_train_errors........

train_NErrors= 185/1459 12.6799 87.3201
Class0= 50/729	6.85871	93.1413
Class1= 135/730	18.4932	81.5068

 counting_test_errors

test_NErrors= 96/487 19.7125 80.2875
Class0= 25/244	10.2459	89.7541
Class1= 71/243	29.2181	70.7819

 counting_validation_errors...

validation_NErrors= 100/486 20.5761 79.4239
Class0= 32/243	13.1687	86.8313
Class1= 68/243	27.9835	72.0165


..............................
Epoch 91 Error= 454.044 (111.035) 
..............................
Epoch 92 Error= 445.531 (116.087) 
..............................
Epoch 93 Error= 428.817 (122.052) 
..............................
Epoch 94 Error= 404.819 (120.361) 
..............................
Epoch 95 Error= 396.446 (132.96) 
..............................
Epoch 96 Error= 402.718 (149.865) 
..............................
Epoch 97 Error= 370.082 (147.322) 
..............................
Epoch 98 Error= 362.273 (150.04) 
..............................
Epoch 99 Error= 357.68 (159.606) 
..............................
Epoch 100 Error= 336.206 (164.398) 
 counting_train_errors........

train_NErrors= 117/1459 8.01919 91.9808
Class0= 30/729	4.11523	95.8848
Class1= 87/730	11.9178	88.0822

 counting_test_errors

test_NErrors= 98/487 20.1232 79.8768
Class0= 26/244	10.6557	89.3443
Class1= 72/243	29.6296	70.3704

 counting_validation_errors...

validation_NErrors= 92/486 18.93 81.07
Class0= 32/243	13.1687	86.8313
Class1= 60/243	24.6914	75.3086


..............................
Epoch 101 Error= 321.744 (168.719) 
..............................
Epoch 102 Error= 301.662 (164.637) 
..............................
Epoch 103 Error= 333.193 (225.782) 
..............................
Epoch 104 Error= 313.398 (211.686) 
..............................
Epoch 105 Error= 300.027 (208.114) 
..............................
Epoch 106 Error= 273.975 (191.335) 
..............................
Epoch 107 Error= 255.343 (175.721) 
..............................
Epoch 108 Error= 254.374 (198.882) 
..............................
Epoch 109 Error= 252.642 (213.515) 
..............................
Epoch 110 Error= 294.354 (291.41) 
 counting_train_errors........

train_NErrors= 78/1459 5.34613 94.6539
Class0= 57/729	7.81893	92.1811
Class1= 21/730	2.87671	97.1233

 counting_test_errors

test_NErrors= 101/487 20.7392 79.2608
Class0= 52/244	21.3115	78.6885
Class1= 49/243	20.1646	79.8354

 counting_validation_errors...

validation_NErrors= 92/486 18.93 81.07
Class0= 53/243	21.8107	78.1893
Class1= 39/243	16.0494	83.9506


..............................
Epoch 111 Error= 233.162 (202.278) 
..............................
Epoch 112 Error= 218.712 (174.198) 
..............................
Epoch 113 Error= 229.658 (232.265) 
..............................
Epoch 114 Error= 206.099 (187.823) 
..............................
Epoch 115 Error= 207.336 (206.705) 
..............................
Epoch 116 Error= 214.651 (244.508) 
..............................
Epoch 117 Error= 246.122 (326.972) 
..............................
Epoch 118 Error= 220.693 (295.616) 
..............................
Epoch 119 Error= 211.574 (269.198) 
..............................
Epoch 120 Error= 199.04 (258.284) 
 counting_train_errors........

train_NErrors= 107/1459 7.33379 92.6662
Class0= 14/729	1.92044	98.0796
Class1= 93/730	12.7397	87.2603

 counting_test_errors

test_NErrors= 99/487 20.3285 79.6715
Class0= 23/244	9.42623	90.5738
Class1= 76/243	31.2757	68.7243

 counting_validation_errors...

validation_NErrors= 110/486 22.6337 77.3663
Class0= 33/243	13.5802	86.4198
Class1= 77/243	31.6872	68.3128


..............................
Epoch 121 Error= 216.754 (299.562) 
..............................
Epoch 122 Error= 192.556 (243.967) 
..............................
Epoch 123 Error= 291.381 (498.463) 
..............................
Epoch 124 Error= 199.413 (257.158) 
..............................
Epoch 125 Error= 197.882 (280.123) 
..............................
Epoch 126 Error= 227.016 (346.394) 
..............................
Epoch 127 Error= 185.447 (267.249) 
..............................
Epoch 128 Error= 198.234 (311.618) 
..............................
Epoch 129 Error= 182.035 (271.273) 
..............................
Epoch 130 Error= 181.357 (287.103) 
 counting_train_errors........

train_NErrors= 89/1459 6.10007 93.8999
Class0= 85/729	11.6598	88.3402
Class1= 4/730	0.547945	99.4521

 counting_test_errors

test_NErrors= 113/487 23.2033 76.7967
Class0= 70/244	28.6885	71.3115
Class1= 43/243	17.6955	82.3045

 counting_validation_errors...

validation_NErrors= 112/486 23.0453 76.9547
Class0= 76/243	31.2757	68.7243
Class1= 36/243	14.8148	85.1852


..............................
Epoch 131 Error= 172.119 (255.454) 
..............................
Epoch 132 Error= 177.276 (273.349) 
..............................
Epoch 133 Error= 167.135 (233.593) 
..............................
Epoch 134 Error= 215.895 (394.305) 
..............................
Epoch 135 Error= 153.349 (213.806) 
..............................
Epoch 136 Error= 129.546 (163.384) 
..............................
Epoch 137 Error= 131.02 (170.093) 
..............................
Epoch 138 Error= 128.082 (194.068) 
..............................
Epoch 139 Error= 133.048 (196.907) 
..............................
Epoch 140 Error= 111.621 (148.22) 
 counting_train_errors........

train_NErrors= 18/1459 1.23372 98.7663
Class0= 11/729	1.50892	98.4911
Class1= 7/730	0.958904	99.0411

 counting_test_errors

test_NErrors= 104/487 21.3552 78.6448
Class0= 43/244	17.623	82.377
Class1= 61/243	25.1029	74.8971

 counting_validation_errors...

validation_NErrors= 98/486 20.1646 79.8354
Class0= 46/243	18.93	81.07
Class1= 52/243	21.3992	78.6008


..............................
Epoch 141 Error= 104.971 (124.999) 
..............................
Epoch 142 Error= 106.321 (147.918) 
..............................
Epoch 143 Error= 217.562 (546.111) 
..............................
Epoch 144 Error= 298.152 (701.103) 
..............................
Epoch 145 Error= 260.602 (557.875) 
..............................
Epoch 146 Error= 204.879 (399.753) 
..............................
Epoch 147 Error= 173.363 (317.343) 
..............................
Epoch 148 Error= 159.737 (281.235) 
..............................
Epoch 149 Error= 147.66 (262.043) 
..............................
Epoch 150 Error= 110.031 (143.735) 
 counting_train_errors........

train_NErrors= 28/1459 1.91912 98.0809
Class0= 14/729	1.92044	98.0796
Class1= 14/730	1.91781	98.0822

 counting_test_errors

test_NErrors= 104/487 21.3552 78.6448
Class0= 43/244	17.623	82.377
Class1= 61/243	25.1029	74.8971

 counting_validation_errors...

validation_NErrors= 104/486 21.3992 78.6008
Class0= 44/243	18.107	81.893
Class1= 60/243	24.6914	75.3086


..............................
Epoch 151 Error= 102.877 (131.707) 
..............................
Epoch 152 Error= 99.0273 (160.768) 
..............................
Epoch 153 Error= 111.144 (169.333) 
..............................
Epoch 154 Error= 103.747 (167.714) 
..............................
Epoch 155 Error= 113.684 (223.858) 
..............................
Epoch 156 Error= 85.0032 (96.3923) 
..............................
Epoch 157 Error= 82.9052 (103.333) 
..............................
Epoch 158 Error= 65.4378 (54.3836) 
..............................
Epoch 159 Error= 58.9951 (37.4249) 
..............................
Epoch 160 Error= 53.5334 (28.1131) 
 counting_train_errors........

train_NErrors= 11/1459 0.753941 99.2461
Class0= 4/729	0.548697	99.4513
Class1= 7/730	0.958904	99.0411

 counting_test_errors

test_NErrors= 108/487 22.1766 77.8234
Class0= 41/244	16.8033	83.1967
Class1= 67/243	27.572	72.428

 counting_validation_errors...

validation_NErrors= 106/486 21.8107 78.1893
Class0= 48/243	19.7531	80.2469
Class1= 58/243	23.8683	76.1317


..............................
Epoch 161 Error= 52.2442 (29.8374) 
..............................
Epoch 162 Error= 50.696 (27.5023) 
..............................
Epoch 163 Error= 51.2678 (37.4236) 
..............................
Epoch 164 Error= 48.2642 (27.6591) 
..............................
Epoch 165 Error= 45.1948 (23.8336) 
..............................
Epoch 166 Error= 43.6343 (21.8765) 
..............................
Epoch 167 Error= 42.3398 (20.3178) 
..............................
Epoch 168 Error= 42.3441 (22.9246) 
..............................
Epoch 169 Error= 42.2639 (32.723) 
..............................
Epoch 170 Error= 42.1525 (30.4214) 
 counting_train_errors........

train_NErrors= 9/1459 0.616861 99.3831
Class0= 4/729	0.548697	99.4513
Class1= 5/730	0.684932	99.3151

 counting_test_errors

test_NErrors= 111/487 22.7926 77.2074
Class0= 47/244	19.2623	80.7377
Class1= 64/243	26.3374	73.6626

 counting_validation_errors...

validation_NErrors= 105/486 21.6049 78.3951
Class0= 54/243	22.2222	77.7778
Class1= 51/243	20.9877	79.0123


..............................
Epoch 171 Error= 39.0109 (24.4835) 
..............................
Epoch 172 Error= 36.4557 (17.5247) 
..............................
Epoch 173 Error= 36.9581 (22.5339) 
..............................
Epoch 174 Error= 36.9027 (20.8955) 
..............................
Epoch 175 Error= 34.638 (18.2958) 
..............................
Epoch 176 Error= 33.2286 (17.898) 
..............................
Epoch 177 Error= 31.0953 (15.6628) 
..............................
Epoch 178 Error= 32.3758 (19.9252) 
..............................
Epoch 179 Error= 31.1974 (15.5031) 
..............................
Epoch 180 Error= 29.6058 (15.3014) 
 counting_train_errors........

train_NErrors= 8/1459 0.548321 99.4517
Class0= 3/729	0.411523	99.5885
Class1= 5/730	0.684932	99.3151

 counting_test_errors

test_NErrors= 115/487 23.614 76.386
Class0= 47/244	19.2623	80.7377
Class1= 68/243	27.9835	72.0165

 counting_validation_errors...

validation_NErrors= 109/486 22.428 77.572
Class0= 54/243	22.2222	77.7778
Class1= 55/243	22.6337	77.3663


..............................
Epoch 181 Error= 30.1217 (16.6661) 
..............................
Epoch 182 Error= 28.4469 (14.4005) 
..............................
Epoch 183 Error= 27.543 (14.2155) 
..............................
Epoch 184 Error= 27.6968 (14.6693) 
..............................
Epoch 185 Error= 26.1241 (13.8709) 
..............................
Epoch 186 Error= 25.7589 (13.8829) 
..............................
Epoch 187 Error= 24.8278 (12.7236) 
..............................
Epoch 188 Error= 24.0658 (12.3883) 
..............................
Epoch 189 Error= 23.8577 (11.9464) 
..............................
Epoch 190 Error= 22.432 (9.94553) 
 counting_train_errors........

train_NErrors= 5/1459 0.3427 99.6573
Class0= 2/729	0.274348	99.7257
Class1= 3/730	0.410959	99.589

 counting_test_errors

test_NErrors= 120/487 24.6407 75.3593
Class0= 51/244	20.9016	79.0984
Class1= 69/243	28.3951	71.6049

 counting_validation_errors...

validation_NErrors= 113/486 23.251 76.749
Class0= 59/243	24.2798	75.7202
Class1= 54/243	22.2222	77.7778

..............................
Epoch 191 Error= 22.555 (10.7243) 
..............................
Epoch 192 Error= 22.0879 (10.4583) 
..............................
Epoch 193 Error= 22.0406 (12.5387) 
..............................
Epoch 194 Error= 22.0441 (12.5435) 
..............................
Epoch 195 Error= 21.6685 (13.2298) 
..............................
Epoch 196 Error= 19.7421 (9.35046) 
..............................
Epoch 197 Error= 18.9309 (8.92447) 
..............................
Epoch 198 Error= 18.7715 (9.01488) 
..............................
Epoch 199 Error= 18.6386 (8.95943) 
..............................
Epoch 200 Error= 19.1453 (10.3187) 
 counting_train_errors........

train_NErrors= 5/1459 0.3427 99.6573
Class0= 2/729	0.274348	99.7257
Class1= 3/730	0.410959	99.589

 counting_test_errors

test_NErrors= 118/487 24.23 75.77
Class0= 47/244	19.2623	80.7377
Class1= 71/243	29.2181	70.7819

 counting_validation_errors...

validation_NErrors= 112/486 23.0453 76.9547
Class0= 53/243	21.8107	78.1893
Class1= 59/243	24.2798	75.7202

..............................
Epoch 201 Error= 17.335 (7.66198) 
..............................
Epoch 202 Error= 17.4682 (8.70876) 
..............................
Epoch 203 Error= 16.8584 (8.69312) 
..............................
Epoch 204 Error= 15.6121 (6.89345) 
..............................
Epoch 205 Error= 15.52 (8.59924) 
..............................
Epoch 206 Error= 15.5394 (7.35464) 
..............................
Epoch 207 Error= 15.3497 (7.56229) 
..............................
Epoch 208 Error= 14.2175 (6.43007) 
..............................
Epoch 209 Error= 14.2084 (6.92333) 
..............................
Epoch 210 Error= 13.8015 (6.76472) 
 counting_train_errors........

train_NErrors= 3/1459 0.20562 99.7944
Class0= 2/729	0.274348	99.7257
Class1= 1/730	0.136986	99.863

 counting_test_errors

test_NErrors= 118/487 24.23 75.77
Class0= 46/244	18.8525	81.1475
Class1= 72/243	29.6296	70.3704

 counting_validation_errors...

validation_NErrors= 113/486 23.251 76.749
Class0= 54/243	22.2222	77.7778
Class1= 59/243	24.2798	75.7202

..............................
Epoch 211 Error= 13.3371 (6.50522) 
..............................
Epoch 212 Error= 12.5903 (5.58525) 
..............................
Epoch 213 Error= 12.4015 (5.73779) 
..............................
Epoch 214 Error= 12.7793 (6.09037) 
..............................
Epoch 215 Error= 12.5563 (6.56961) 
..............................
Epoch 216 Error= 11.9474 (6.18147) 
..............................
Epoch 217 Error= 11.3767 (5.17457) 
..............................
Epoch 218 Error= 11.2087 (5.40672) 
..............................
Epoch 219 Error= 11.2552 (5.37401) 
..............................
Epoch 220 Error= 10.4267 (4.86753) 
 counting_train_errors........

train_NErrors= 2/1459 0.13708 99.8629
Class0= 2/729	0.274348	99.7257
Class1= 0/730	0	100

 counting_test_errors

test_NErrors= 123/487 25.2567 74.7433
Class0= 52/244	21.3115	78.6885
Class1= 71/243	29.2181	70.7819

 counting_validation_errors...

validation_NErrors= 112/486 23.0453 76.9547
Class0= 57/243	23.4568	76.5432
Class1= 55/243	22.6337	77.3663

..............................
Epoch 221 Error= 10.2805 (4.7477) 
..............................
Epoch 222 Error= 10.1441 (4.71812) 
..............................
Epoch 223 Error= 9.93831 (4.65132) 
..............................
Epoch 224 Error= 9.87426 (5.22382) 
..............................
Epoch 225 Error= 9.25188 (4.25153) 
..............................
Epoch 226 Error= 8.99351 (3.86258) 
..............................
Epoch 227 Error= 8.64782 (3.79934) 
..............................
Epoch 228 Error= 8.47589 (3.5776) 
..............................
Epoch 229 Error= 8.25682 (3.45846) 
..............................
Epoch 230 Error= 8.27537 (3.69641) 
 counting_train_errors........

train_NErrors= 1/1459 0.0685401 99.9315
Class0= 1/729	0.137174	99.8628
Class1= 0/730	0	100

 counting_test_errors

test_NErrors= 121/487 24.846 75.154
Class0= 53/244	21.7213	78.2787
Class1= 68/243	27.9835	72.0165

 counting_validation_errors...

validation_NErrors= 114/486 23.4568 76.5432
Class0= 62/243	25.5144	74.4856
Class1= 52/243	21.3992	78.6008

..............................
Epoch 231 Error= 7.8955 (3.44137) 
..............................
Epoch 232 Error= 7.74237 (3.3076) 
..............................
Epoch 233 Error= 7.471 (2.97079) 
..............................
Epoch 234 Error= 7.30668 (2.82986) 
..............................
Epoch 235 Error= 7.1959 (2.81767) 
..............................
Epoch 236 Error= 7.07937 (2.93317) 
..............................
Epoch 237 Error= 6.92101 (2.66848) 
..............................
Epoch 238 Error= 6.78729 (2.61358) 
..............................
Epoch 239 Error= 6.60381 (2.68656) 
..............................
Epoch 240 Error= 6.35946 (2.31985) 
 counting_train_errors........

train_NErrors= 1/1459 0.0685401 99.9315
Class0= 1/729	0.137174	99.8628
Class1= 0/730	0	100

 counting_test_errors

test_NErrors= 118/487 24.23 75.77
Class0= 50/244	20.4918	79.5082
Class1= 68/243	27.9835	72.0165

 counting_validation_errors...

validation_NErrors= 116/486 23.8683 76.1317
Class0= 60/243	24.6914	75.3086
Class1= 56/243	23.0453	76.9547

..............................
Epoch 241 Error= 6.2529 (2.39332) 
..............................
Epoch 242 Error= 6.0234 (2.1189) 
..............................
Epoch 243 Error= 5.96698 (2.16883) 
..............................
Epoch 244 Error= 5.96774 (2.26388) 
..............................
Epoch 245 Error= 5.6979 (2.07492) 
..............................
Epoch 246 Error= 5.5913 (1.97663) 
..............................
Epoch 247 Error= 5.517 (1.90319) 
..............................
Epoch 248 Error= 5.2125 (1.58249) 
..............................
Epoch 249 Error= 5.28919 (1.72798) 
..............................
Epoch 250 Error= 5.15739 (1.71229) 
 counting_train_errors........

train_NErrors= 0/1459 0 100
Class0= 0/729	0	100
Class1= 0/730	0	100

 counting_test_errors

test_NErrors= 120/487 24.6407 75.3593
Class0= 50/244	20.4918	79.5082
Class1= 70/243	28.8066	71.1934

 counting_validation_errors...

validation_NErrors= 117/486 24.0741 75.9259
Class0= 59/243	24.2798	75.7202
Class1= 58/243	23.8683	76.1317

..............................
Epoch 251 Error= 5.02141 (1.55254) 
..............................
Epoch 252 Error= 5.2127 (1.8651) 
..............................
Epoch 253 Error= 5.00161 (1.6441) 
..............................
Epoch 254 Error= 4.78297 (1.50272) 
..............................
Epoch 255 Error= 4.83726 (1.53266) 
..............................
Epoch 256 Error= 4.66522 (1.52342) 
..............................
Epoch 257 Error= 4.40486 (1.14314) 
..............................
Epoch 258 Error= 4.54486 (1.30479) 
..............................
Epoch 259 Error= 4.34148 (1.31849) 
..............................
Epoch 260 Error= 4.27284 (1.18289) 
 counting_train_errors........

train_NErrors= 0/1459 0 100
Class0= 0/729	0	100
Class1= 0/730	0	100

 counting_test_errors

test_NErrors= 119/487 24.4353 75.5647
Class0= 51/244	20.9016	79.0984
Class1= 68/243	27.9835	72.0165

 counting_validation_errors...

validation_NErrors= 114/486 23.4568 76.5432
Class0= 59/243	24.2798	75.7202
Class1= 55/243	22.6337	77.3663

..............................
Epoch 261 Error= 4.18892 (1.11914) 
..............................
Epoch 262 Error= 4.04556 (1.07586) 
..............................
Epoch 263 Error= 4.10212 (1.05858) 
..............................
Epoch 264 Error= 3.89623 (0.933307) 
..............................
Epoch 265 Error= 3.87897 (1.02005) 
..............................
Epoch 266 Error= 3.84326 (1.00858) 
..............................
Epoch 267 Error= 3.88854 (1.01406) 
..............................
Epoch 268 Error= 3.79408 (0.931296) 
..............................
Epoch 269 Error= 3.64686 (0.84189) 
..............................
Epoch 270 Error= 3.55542 (0.884544) 
 counting_train_errors........

train_NErrors= 0/1459 0 100
Class0= 0/729	0	100
Class1= 0/730	0	100

 counting_test_errors

test_NErrors= 118/487 24.23 75.77
Class0= 49/244	20.082	79.918
Class1= 69/243	28.3951	71.6049

 counting_validation_errors...

validation_NErrors= 115/486 23.6626 76.3374
Class0= 56/243	23.0453	76.9547
Class1= 59/243	24.2798	75.7202

..............................
Epoch 271 Error= 3.57185 (0.955536) 
..............................
Epoch 272 Error= 3.51204 (0.775165) 
..............................
Epoch 273 Error= 3.45273 (0.851513) 
..............................
Epoch 274 Error= 3.34231 (0.774566) 
..............................
Epoch 275 Error= 3.36944 (0.794162) 
..............................
Epoch 276 Error= 3.33186 (0.767751) 
..............................
Epoch 277 Error= 3.21998 (0.736174) 
..............................
Epoch 278 Error= 3.24616 (0.738128) 
..............................
Epoch 279 Error= 3.19254 (0.703858) 
..............................
Epoch 280 Error= 3.08572 (0.619384) 
 counting_train_errors........

train_NErrors= 0/1459 0 100
Class0= 0/729	0	100
Class1= 0/730	0	100

 counting_test_errors

test_NErrors= 119/487 24.4353 75.5647
Class0= 50/244	20.4918	79.5082
Class1= 69/243	28.3951	71.6049

 counting_validation_errors...

validation_NErrors= 114/486 23.4568 76.5432
Class0= 57/243	23.4568	76.5432
Class1= 57/243	23.4568	76.5432

..............................
Epoch 281 Error= 3.03919 (0.643533) 
..............................
Epoch 282 Error= 2.98531 (0.566253) 
..............................
Epoch 283 Error= 2.9667 (0.626946) 
..............................
Epoch 284 Error= 2.88198 (0.544693) 
..............................
Epoch 285 Error= 2.9061 (0.567892) 
..............................
Epoch 286 Error= 2.83838 (0.554506) 
..............................
Epoch 287 Error= 2.81989 (0.547316) 
..............................
Epoch 288 Error= 2.77447 (0.521736) 
..............................
Epoch 289 Error= 2.74318 (0.538478) 
..............................
Epoch 290 Error= 2.71023 (0.53353) 
 counting_train_errors........

train_NErrors= 0/1459 0 100
Class0= 0/729	0	100
Class1= 0/730	0	100

 counting_test_errors

test_NErrors= 119/487 24.4353 75.5647
Class0= 50/244	20.4918	79.5082
Class1= 69/243	28.3951	71.6049

 counting_validation_errors...

validation_NErrors= 113/486 23.251 76.749
Class0= 58/243	23.8683	76.1317
Class1= 55/243	22.6337	77.3663

..............................
Epoch 291 Error= 2.68763 (0.466479) 
..............................
Epoch 292 Error= 2.60504 (0.441498) 
..............................
Epoch 293 Error= 2.55068 (0.459347) 
..............................
Epoch 294 Error= 2.55566 (0.464504) 
..............................
Epoch 295 Error= 2.53468 (0.449916) 
..............................
Epoch 296 Error= 2.45912 (0.394236) 
..............................
Epoch 297 Error= 2.48781 (0.443776) 
..............................
Epoch 298 Error= 2.41562 (0.412035) 
..............................
Epoch 299 Error= 2.37931 (0.372439) 
..............................
Epoch 300 Error= 2.40319 (0.396783) 
 counting_train_errors........

train_NErrors= 0/1459 0 100
Class0= 0/729	0	100
Class1= 0/730	0	100

 counting_test_errors

test_NErrors= 117/487 24.0246 75.9754
Class0= 50/244	20.4918	79.5082
Class1= 67/243	27.572	72.428

 counting_validation_errors...

validation_NErrors= 112/486 23.0453 76.9547
Class0= 57/243	23.4568	76.5432
Class1= 55/243	22.6337	77.3663

..............................
Epoch 301 Error= 2.35684 (0.38069) 
..............................
Epoch 302 Error= 2.31735 (0.407603) 
..............................
Epoch 303 Error= 2.31675 (0.410995) 
..............................
Epoch 304 Error= 2.30455 (0.391395) 
..............................
Epoch 305 Error= 2.19427 (0.310898) 
..............................
Epoch 306 Error= 2.18128 (0.328007) 
..............................
Epoch 307 Error= 2.15251 (0.330588) 
..............................
Epoch 308 Error= 2.16115 (0.338395) 
..............................
Epoch 309 Error= 2.12544 (0.311988) 
..............................
Epoch 310 Error= 2.10413 (0.328571) 
 counting_train_errors........

train_NErrors= 0/1459 0 100
Class0= 0/729	0	100
Class1= 0/730	0	100

 counting_test_errors

test_NErrors= 118/487 24.23 75.77
Class0= 48/244	19.6721	80.3279
Class1= 70/243	28.8066	71.1934

 counting_validation_errors...

validation_NErrors= 112/486 23.0453 76.9547
Class0= 54/243	22.2222	77.7778
Class1= 58/243	23.8683	76.1317

..............................
Epoch 311 Error= 2.07457 (0.282369) 
..............................
Epoch 312 Error= 2.06623 (0.291874) 
..............................
Epoch 313 Error= 2.04679 (0.321802) 
..............................
Epoch 314 Error= 2.00619 (0.293028) 
..............................
Epoch 315 Error= 1.98877 (0.263254) 
..............................
Epoch 316 Error= 1.97507 (0.292296) 
..............................
Epoch 317 Error= 1.94952 (0.265061) 
..............................
Epoch 318 Error= 1.96227 (0.283182) 
..............................
Epoch 319 Error= 1.88928 (0.250375) 
..............................
Epoch 320 Error= 1.90245 (0.272019) 
 counting_train_errors........

train_NErrors= 0/1459 0 100
Class0= 0/729	0	100
Class1= 0/730	0	100

 counting_test_errors

test_NErrors= 118/487 24.23 75.77
Class0= 48/244	19.6721	80.3279
Class1= 70/243	28.8066	71.1934

 counting_validation_errors...

validation_NErrors= 113/486 23.251 76.749
Class0= 54/243	22.2222	77.7778
Class1= 59/243	24.2798	75.7202

..............................
Epoch 321 Error= 1.87295 (0.236766) 
..............................
Epoch 322 Error= 1.83568 (0.232334) 
..............................
Epoch 323 Error= 1.84297 (0.262157) 
..............................
Epoch 324 Error= 1.8187 (0.237178) 
..............................
Epoch 325 Error= 1.82356 (0.246503) 
..............................
Epoch 326 Error= 1.79341 (0.240003) 
..............................
Epoch 327 Error= 1.74967 (0.203103) 
..............................
Epoch 328 Error= 1.74749 (0.230559) 
..............................
Epoch 329 Error= 1.72183 (0.202025) 
..............................
Epoch 330 Error= 1.70378 (0.202194) 
 counting_train_errors........

train_NErrors= 0/1459 0 100
Class0= 0/729	0	100
Class1= 0/730	0	100

 counting_test_errors

test_NErrors= 116/487 23.8193 76.1807
Class0= 49/244	20.082	79.918
Class1= 67/243	27.572	72.428

 counting_validation_errors...

validation_NErrors= 112/486 23.0453 76.9547
Class0= 56/243	23.0453	76.9547
Class1= 56/243	23.0453	76.9547

..............................
Epoch 331 Error= 1.69044 (0.206706) 
..............................
Epoch 332 Error= 1.67197 (0.193344) 
..............................
Epoch 333 Error= 1.66883 (0.207393) 
..............................
Epoch 334 Error= 1.65985 (0.200324) 
..............................
Epoch 335 Error= 1.64717 (0.200216) 
..............................
Epoch 336 Error= 1.62419 (0.199325) 
..............................
Epoch 337 Error= 1.60093 (0.182081) 
..............................
Epoch 338 Error= 1.60061 (0.190657) 
..............................
Epoch 339 Error= 1.58212 (0.186658) 
..............................
Epoch 340 Error= 1.55668 (0.176544) 
 counting_train_errors........

train_NErrors= 0/1459 0 100
Class0= 0/729	0	100
Class1= 0/730	0	100

 counting_test_errors

test_NErrors= 115/487 23.614 76.386
Class0= 46/244	18.8525	81.1475
Class1= 69/243	28.3951	71.6049

 counting_validation_errors...

validation_NErrors= 112/486 23.0453 76.9547
Class0= 53/243	21.8107	78.1893
Class1= 59/243	24.2798	75.7202

..............................
Epoch 341 Error= 1.55604 (0.16693) 
..............................
Epoch 342 Error= 1.52235 (0.163509) 
..............................
Epoch 343 Error= 1.53496 (0.18262) 
..............................
Epoch 344 Error= 1.50999 (0.177776) 
..............................
Epoch 345 Error= 1.49155 (0.156374) 
..............................
Epoch 346 Error= 1.46943 (0.154014) 
..............................
Epoch 347 Error= 1.46254 (0.155554) 
..............................
Epoch 348 Error= 1.46945 (0.160334) 
..............................
Epoch 349 Error= 1.44798 (0.158518) 
..............................
Epoch 350 Error= 1.42345 (0.149293) 
 counting_train_errors........

train_NErrors= 0/1459 0 100
Class0= 0/729	0	100
Class1= 0/730	0	100

 counting_test_errors

test_NErrors= 115/487 23.614 76.386
Class0= 48/244	19.6721	80.3279
Class1= 67/243	27.572	72.428

 counting_validation_errors...

validation_NErrors= 112/486 23.0453 76.9547
Class0= 56/243	23.0453	76.9547
Class1= 56/243	23.0453	76.9547

..............................
Epoch 351 Error= 1.42224 (0.148856) 
..............................
Epoch 352 Error= 1.41594 (0.150595) 
..............................
Epoch 353 Error= 1.38833 (0.139995) 
..............................
Epoch 354 Error= 1.38606 (0.140539) 
..............................
Epoch 355 Error= 1.3778 (0.149136) 
..............................
Epoch 356 Error= 1.36 (0.133476) 
..............................
Epoch 357 Error= 1.34757 (0.129305) 
..............................
Epoch 358 Error= 1.32986 (0.129762) 
..............................
Epoch 359 Error= 1.33288 (0.13716) 
..............................
Epoch 360 Error= 1.30845 (0.11959) 
 counting_train_errors........

train_NErrors= 0/1459 0 100
Class0= 0/729	0	100
Class1= 0/730	0	100

 counting_test_errors

test_NErrors= 115/487 23.614 76.386
Class0= 50/244	20.4918	79.5082
Class1= 65/243	26.749	73.251

 counting_validation_errors...

validation_NErrors= 111/486 22.8395 77.1605
Class0= 58/243	23.8683	76.1317
Class1= 53/243	21.8107	78.1893

..............................
Epoch 361 Error= 1.31374 (0.12349) 
..............................
Epoch 362 Error= 1.29945 (0.122354) 
..............................
Epoch 363 Error= 1.29552 (0.12645) 
..............................
Epoch 364 Error= 1.26844 (0.117747) 
..............................
Epoch 365 Error= 1.27081 (0.117275) 
..............................
Epoch 366 Error= 1.26342 (0.122994) 
..............................
Epoch 367 Error= 1.26082 (0.117146) 
..............................
Epoch 368 Error= 1.24027 (0.120064) 
..............................
Epoch 369 Error= 1.23521 (0.108876) 
..............................
Epoch 370 Error= 1.21823 (0.109128) 
 counting_train_errors........

train_NErrors= 0/1459 0 100
Class0= 0/729	0	100
Class1= 0/730	0	100

 counting_test_errors

test_NErrors= 116/487 23.8193 76.1807
Class0= 50/244	20.4918	79.5082
Class1= 66/243	27.1605	72.8395

 counting_validation_errors...

validation_NErrors= 112/486 23.0453 76.9547
Class0= 57/243	23.4568	76.5432
Class1= 55/243	22.6337	77.3663

..............................
Epoch 371 Error= 1.20569 (0.105437) 
..............................
Epoch 372 Error= 1.21316 (0.115729) 
..............................
Epoch 373 Error= 1.1912 (0.103112) 
..............................
Epoch 374 Error= 1.19597 (0.112894) 
..............................
Epoch 375 Error= 1.17425 (0.0990177) 
..............................
Epoch 376 Error= 1.16252 (0.10247) 
..............................
Epoch 377 Error= 1.15996 (0.0980773) 
..............................
Epoch 378 Error= 1.15393 (0.0970956) 
..............................
Epoch 379 Error= 1.13956 (0.0961621) 
..............................
Epoch 380 Error= 1.14569 (0.0998521) 
 counting_train_errors........

train_NErrors= 0/1459 0 100
Class0= 0/729	0	100
Class1= 0/730	0	100

 counting_test_errors

test_NErrors= 113/487 23.2033 76.7967
Class0= 46/244	18.8525	81.1475
Class1= 67/243	27.572	72.428

 counting_validation_errors...

validation_NErrors= 110/486 22.6337 77.3663
Class0= 54/243	22.2222	77.7778
Class1= 56/243	23.0453	76.9547


..............................
Epoch 381 Error= 1.13547 (0.101271) 
..............................
Epoch 382 Error= 1.12407 (0.0976904) 
..............................
Epoch 383 Error= 1.1196 (0.10013) 
..............................
Epoch 384 Error= 1.10365 (0.0932481) 
..............................
Epoch 385 Error= 1.09732 (0.0882815) 
..............................
Epoch 386 Error= 1.08896 (0.0861852) 
..............................
Epoch 387 Error= 1.086 (0.0883569) 
..............................
Epoch 388 Error= 1.07909 (0.0875723) 
..............................
Epoch 389 Error= 1.06898 (0.0875175) 
..............................
Epoch 390 Error= 1.06364 (0.084092) 
 counting_train_errors........

train_NErrors= 0/1459 0 100
Class0= 0/729	0	100
Class1= 0/730	0	100

 counting_test_errors

test_NErrors= 115/487 23.614 76.386
Class0= 49/244	20.082	79.918
Class1= 66/243	27.1605	72.8395

 counting_validation_errors...

validation_NErrors= 112/486 23.0453 76.9547
Class0= 57/243	23.4568	76.5432
Class1= 55/243	22.6337	77.3663

..............................
Epoch 391 Error= 1.05385 (0.0815682) 
..............................
Epoch 392 Error= 1.04469 (0.0800502) 
..............................
Epoch 393 Error= 1.05411 (0.0811366) 
..............................
Epoch 394 Error= 1.04283 (0.0859564) 
..............................
Epoch 395 Error= 1.02793 (0.0790564) 
..............................
Epoch 396 Error= 1.01551 (0.0814077) 
..............................
Epoch 397 Error= 1.00673 (0.0744662) 
..............................
Epoch 398 Error= 1.00201 (0.0733435) 
..............................
Epoch 399 Error= 0.988825 (0.074149) 
..............................
Epoch 400 Error= 0.991567 (0.0731515) 
 counting_train_errors........

train_NErrors= 0/1459 0 100
Class0= 0/729	0	100
Class1= 0/730	0	100

 counting_test_errors

test_NErrors= 114/487 23.4086 76.5914
Class0= 47/244	19.2623	80.7377
Class1= 67/243	27.572	72.428

 counting_validation_errors...

validation_NErrors= 108/486 22.2222 77.7778
Class0= 53/243	21.8107	78.1893
Class1= 55/243	22.6337	77.3663


..............................
Epoch 401 Error= 0.987336 (0.0732482) 
..............................
Epoch 402 Error= 0.979775 (0.0726885) 
..............................
Epoch 403 Error= 0.970237 (0.0745818) 
..............................
Epoch 404 Error= 0.962356 (0.0712036) 
..............................
Epoch 405 Error= 0.956801 (0.0699325) 
..............................
Epoch 406 Error= 0.949933 (0.0686905) 
..............................
Epoch 407 Error= 0.94867 (0.0675583) 
..............................
Epoch 408 Error= 0.955913 (0.0709415) 
..............................
Epoch 409 Error= 0.939342 (0.0660111) 
..............................
Epoch 410 Error= 0.931431 (0.0658435) 
 counting_train_errors........

train_NErrors= 0/1459 0 100
Class0= 0/729	0	100
Class1= 0/730	0	100

 counting_test_errors

test_NErrors= 115/487 23.614 76.386
Class0= 49/244	20.082	79.918
Class1= 66/243	27.1605	72.8395

 counting_validation_errors...

validation_NErrors= 110/486 22.6337 77.3663
Class0= 55/243	22.6337	77.3663
Class1= 55/243	22.6337	77.3663

..............................
Epoch 411 Error= 0.917987 (0.0638829) 
..............................
Epoch 412 Error= 0.92369 (0.0679552) 
..............................
Epoch 413 Error= 0.91372 (0.0624269) 
..............................
Epoch 414 Error= 0.908825 (0.062008) 
..............................
Epoch 415 Error= 0.905358 (0.0623687) 
..............................
Epoch 416 Error= 0.89402 (0.0602667) 
..............................
Epoch 417 Error= 0.89553 (0.0605251) 
..............................
Epoch 418 Error= 0.891562 (0.0636228) 
..............................
Epoch 419 Error= 0.879946 (0.0578917) 
..............................
Epoch 420 Error= 0.878891 (0.0616016) 
 counting_train_errors........

train_NErrors= 0/1459 0 100
Class0= 0/729	0	100
Class1= 0/730	0	100

 counting_test_errors

test_NErrors= 115/487 23.614 76.386
Class0= 50/244	20.4918	79.5082
Class1= 65/243	26.749	73.251

 counting_validation_errors...

validation_NErrors= 110/486 22.6337 77.3663
Class0= 56/243	23.0453	76.9547
Class1= 54/243	22.2222	77.7778

..............................
Epoch 421 Error= 0.867042 (0.0580223) 
..............................
Epoch 422 Error= 0.861089 (0.0551913) 
..............................
Epoch 423 Error= 0.859226 (0.0557693) 
..............................
Epoch 424 Error= 0.862883 (0.0571624) 
..............................
Epoch 425 Error= 0.849834 (0.056194) 
..............................
Epoch 426 Error= 0.847537 (0.0544969) 
..............................
Epoch 427 Error= 0.837921 (0.0543383) 
..............................
Epoch 428 Error= 0.838285 (0.0533701) 
..............................
Epoch 429 Error= 0.826449 (0.0533951) 
..............................
Epoch 430 Error= 0.829086 (0.0528134) 
 counting_train_errors........

train_NErrors= 0/1459 0 100
Class0= 0/729	0	100
Class1= 0/730	0	100

 counting_test_errors

test_NErrors= 115/487 23.614 76.386
Class0= 50/244	20.4918	79.5082
Class1= 65/243	26.749	73.251

 counting_validation_errors...

validation_NErrors= 109/486 22.428 77.572
Class0= 55/243	22.6337	77.3663
Class1= 54/243	22.2222	77.7778


..............................
Epoch 431 Error= 0.823526 (0.0527137) 
..............................
Epoch 432 Error= 0.816907 (0.0513145) 
..............................
Epoch 433 Error= 0.81535 (0.0502304) 
..............................
Epoch 434 Error= 0.810766 (0.0523259) 
..............................
Epoch 435 Error= 0.811047 (0.0531993) 
..............................
Epoch 436 Error= 0.796664 (0.049628) 
..............................
Epoch 437 Error= 0.797213 (0.0491464) 
..............................
Epoch 438 Error= 0.793431 (0.0503412) 
..............................
Epoch 439 Error= 0.787784 (0.0483958) 
..............................
Epoch 440 Error= 0.779939 (0.0470406) 
 counting_train_errors........

train_NErrors= 0/1459 0 100
Class0= 0/729	0	100
Class1= 0/730	0	100

 counting_test_errors

test_NErrors= 115/487 23.614 76.386
Class0= 50/244	20.4918	79.5082
Class1= 65/243	26.749	73.251

 counting_validation_errors...

validation_NErrors= 108/486 22.2222 77.7778
Class0= 55/243	22.6337	77.3663
Class1= 53/243	21.8107	78.1893


..............................
Epoch 441 Error= 0.784841 (0.0484654) 
..............................
Epoch 442 Error= 0.772712 (0.0459698) 
..............................
Epoch 443 Error= 0.780136 (0.0491364) 
..............................
Epoch 444 Error= 0.764742 (0.0440181) 
..............................
Epoch 445 Error= 0.761746 (0.0454124) 
..............................
Epoch 446 Error= 0.754869 (0.0457927) 
..............................
Epoch 447 Error= 0.755026 (0.0458737) 
..............................
Epoch 448 Error= 0.753574 (0.0453685) 
..............................
Epoch 449 Error= 0.748328 (0.0452622) 
..............................
Epoch 450 Error= 0.741333 (0.0433339) 
 counting_train_errors........

train_NErrors= 0/1459 0 100
Class0= 0/729	0	100
Class1= 0/730	0	100

 counting_test_errors

test_NErrors= 115/487 23.614 76.386
Class0= 49/244	20.082	79.918
Class1= 66/243	27.1605	72.8395

 counting_validation_errors...

validation_NErrors= 110/486 22.6337 77.3663
Class0= 54/243	22.2222	77.7778
Class1= 56/243	23.0453	76.9547

..............................
Epoch 451 Error= 0.737524 (0.0431365) 
..............................
Epoch 452 Error= 0.729939 (0.0417024) 
..............................
Epoch 453 Error= 0.725356 (0.0403783) 
..............................
Epoch 454 Error= 0.731916 (0.0429689) 
..............................
Epoch 455 Error= 0.720864 (0.0402219) 
..............................
Epoch 456 Error= 0.722397 (0.0410833) 
..............................
Epoch 457 Error= 0.719158 (0.0420055) 
..............................
Epoch 458 Error= 0.714335 (0.039979) 
..............................
Epoch 459 Error= 0.712009 (0.0407268) 
..............................
Epoch 460 Error= 0.70321 (0.0394927) 
 counting_train_errors........

train_NErrors= 0/1459 0 100
Class0= 0/729	0	100
Class1= 0/730	0	100

 counting_test_errors

test_NErrors= 116/487 23.8193 76.1807
Class0= 50/244	20.4918	79.5082
Class1= 66/243	27.1605	72.8395

 counting_validation_errors...

validation_NErrors= 110/486 22.6337 77.3663
Class0= 55/243	22.6337	77.3663
Class1= 55/243	22.6337	77.3663

..............................
Epoch 461 Error= 0.704243 (0.0398133) 
..............................
Epoch 462 Error= 0.700448 (0.0391913) 
..............................
Epoch 463 Error= 0.694231 (0.0385604) 
..............................
Epoch 464 Error= 0.69485 (0.0376083) 
..............................
Epoch 465 Error= 0.684176 (0.0371541) 
..............................
Epoch 466 Error= 0.685466 (0.0381238) 
..............................
Epoch 467 Error= 0.677727 (0.0368423) 
..............................
Epoch 468 Error= 0.677284 (0.0359534) 
..............................
Epoch 469 Error= 0.674866 (0.036483) 
..............................
Epoch 470 Error= 0.669772 (0.035643) 
 counting_train_errors........

train_NErrors= 0/1459 0 100
Class0= 0/729	0	100
Class1= 0/730	0	100

 counting_test_errors

test_NErrors= 114/487 23.4086 76.5914
Class0= 48/244	19.6721	80.3279
Class1= 66/243	27.1605	72.8395

 counting_validation_errors...

validation_NErrors= 109/486 22.428 77.572
Class0= 54/243	22.2222	77.7778
Class1= 55/243	22.6337	77.3663

..............................
Epoch 471 Error= 0.664591 (0.0354848) 
..............................
Epoch 472 Error= 0.665065 (0.0365407) 
..............................
Epoch 473 Error= 0.660581 (0.0337204) 
..............................
Epoch 474 Error= 0.653538 (0.0332806) 
..............................
Epoch 475 Error= 0.655919 (0.0355468) 
..............................
Epoch 476 Error= 0.648766 (0.0330201) 
..............................
Epoch 477 Error= 0.649523 (0.0344855) 
..............................
Epoch 478 Error= 0.649386 (0.0337203) 
..............................
Epoch 479 Error= 0.641346 (0.0325234) 
..............................
Epoch 480 Error= 0.639296 (0.0329718) 
 counting_train_errors........

train_NErrors= 0/1459 0 100
Class0= 0/729	0	100
Class1= 0/730	0	100

 counting_test_errors

test_NErrors= 115/487 23.614 76.386
Class0= 50/244	20.4918	79.5082
Class1= 65/243	26.749	73.251

 counting_validation_errors...

validation_NErrors= 108/486 22.2222 77.7778
Class0= 55/243	22.6337	77.3663
Class1= 53/243	21.8107	78.1893


..............................
Epoch 481 Error= 0.636034 (0.0335207) 
..............................
Epoch 482 Error= 0.633131 (0.0319856) 
..............................
Epoch 483 Error= 0.629779 (0.0314305) 
..............................
Epoch 484 Error= 0.630026 (0.032141) 
..............................
Epoch 485 Error= 0.629093 (0.0321896) 
..............................
Epoch 486 Error= 0.624492 (0.0313717) 
..............................
Epoch 487 Error= 0.618197 (0.0311604) 
..............................
Epoch 488 Error= 0.617249 (0.0306968) 
..............................
Epoch 489 Error= 0.614686 (0.0309355) 
..............................
Epoch 490 Error= 0.609835 (0.029697) 
 counting_train_errors........

train_NErrors= 0/1459 0 100
Class0= 0/729	0	100
Class1= 0/730	0	100

 counting_test_errors

test_NErrors= 113/487 23.2033 76.7967
Class0= 48/244	19.6721	80.3279
Class1= 65/243	26.749	73.251

 counting_validation_errors...

validation_NErrors= 110/486 22.6337 77.3663
Class0= 54/243	22.2222	77.7778
Class1= 56/243	23.0453	76.9547

..............................
Epoch 491 Error= 0.610113 (0.0302878) 
..............................
Epoch 492 Error= 0.605303 (0.0292238) 
..............................
Epoch 493 Error= 0.601912 (0.0292082) 
..............................
Epoch 494 Error= 0.598742 (0.0288223) 
..............................
Epoch 495 Error= 0.597515 (0.0295673) 
..............................
Epoch 496 Error= 0.594899 (0.0285281) 
..............................
Epoch 497 Error= 0.594014 (0.0287391) 
..............................
Epoch 498 Error= 0.591234 (0.0284262) 
..............................
Epoch 499 Error= 0.585503 (0.028295) 
..............................
Epoch 500 Error= 0.581575 (0.0277947) 
 counting_train_errors........

train_NErrors= 0/1459 0 100
Class0= 0/729	0	100
Class1= 0/730	0	100

 counting_test_errors

test_NErrors= 115/487 23.614 76.386
Class0= 50/244	20.4918	79.5082
Class1= 65/243	26.749	73.251

 counting_validation_errors...

validation_NErrors= 107/486 22.0165 77.9835
Class0= 55/243	22.6337	77.3663
Class1= 52/243	21.3992	78.6008


